{"C:\\Dev\\Uni\\TFG\\tfg-onitama\\backend\\src\\game\\BoardGenerator.ts": {"path":"C:\\Dev\\Uni\\TFG\\tfg-onitama\\backend\\src\\game\\BoardGenerator.ts","statementMap":{"0":{"start":{"line":6,"column":8},"end":{"line":12,"column":null}},"1":{"start":{"line":16,"column":8},"end":{"line":22,"column":null}},"2":{"start":{"line":26,"column":8},"end":{"line":32,"column":null}},"3":{"start":{"line":36,"column":8},"end":{"line":36,"column":null}},"4":{"start":{"line":41,"column":8},"end":{"line":41,"column":null}}},"fnMap":{"0":{"name":"createInitialBoard","decl":{"start":{"line":5,"column":18},"end":{"line":5,"column":46}},"loc":{"start":{"line":5,"column":46},"end":{"line":13,"column":null}},"line":5},"1":{"name":"createRedRow","decl":{"start":{"line":15,"column":19},"end":{"line":15,"column":44}},"loc":{"start":{"line":15,"column":44},"end":{"line":23,"column":null}},"line":15},"2":{"name":"createBlueRow","decl":{"start":{"line":25,"column":19},"end":{"line":25,"column":45}},"loc":{"start":{"line":25,"column":45},"end":{"line":33,"column":null}},"line":25},"3":{"name":"createEmptyRow","decl":{"start":{"line":35,"column":19},"end":{"line":35,"column":46}},"loc":{"start":{"line":35,"column":46},"end":{"line":37,"column":null}},"line":35},"4":{"name":"createPiece","decl":{"start":{"line":40,"column":19},"end":{"line":40,"column":31}},"loc":{"start":{"line":40,"column":89},"end":{"line":43,"column":null}},"line":40}},"branchMap":{},"s":{"0":27,"1":27,"2":27,"3":81,"4":270},"f":{"0":6,"1":6,"2":6,"3":6,"4":6},"b":{},"meta":{"lastBranch":0,"lastFunction":5,"lastStatement":5,"seen":{"f:5:18:5:46":0,"s:6:8:12:Infinity":0,"f:15:19:15:44":1,"s:16:8:22:Infinity":1,"f:25:19:25:45":2,"s:26:8:32:Infinity":2,"f:35:19:35:46":3,"s:36:8:36:Infinity":3,"f:40:19:40:31":4,"s:41:8:41:Infinity":4},"fnNames":{}}}
,"C:\\Dev\\Uni\\TFG\\tfg-onitama\\backend\\src\\game\\DeckManager.ts": {"path":"C:\\Dev\\Uni\\TFG\\tfg-onitama\\backend\\src\\game\\DeckManager.ts","statementMap":{"0":{"start":{"line":14,"column":29},"end":{"line":31,"column":null}},"1":{"start":{"line":36,"column":21},"end":{"line":36,"column":null}},"2":{"start":{"line":39,"column":29},"end":{"line":39,"column":null}},"3":{"start":{"line":41,"column":27},"end":{"line":41,"column":null}},"4":{"start":{"line":43,"column":39},"end":{"line":43,"column":null}},"5":{"start":{"line":44,"column":40},"end":{"line":44,"column":null}},"6":{"start":{"line":45,"column":34},"end":{"line":45,"column":null}},"7":{"start":{"line":47,"column":41},"end":{"line":47,"column":null}},"8":{"start":{"line":49,"column":8},"end":{"line":56,"column":null}},"9":{"start":{"line":60,"column":29},"end":{"line":60,"column":null}},"10":{"start":{"line":61,"column":8},"end":{"line":64,"column":null}},"11":{"start":{"line":61,"column":21},"end":{"line":61,"column":46}},"12":{"start":{"line":62,"column":22},"end":{"line":62,"column":null}},"13":{"start":{"line":63,"column":12},"end":{"line":63,"column":null}},"14":{"start":{"line":65,"column":8},"end":{"line":65,"column":null}},"15":{"start":{"line":70,"column":37},"end":{"line":74,"column":null}},"16":{"start":{"line":77,"column":28},"end":{"line":77,"column":null}},"17":{"start":{"line":78,"column":26},"end":{"line":78,"column":null}},"18":{"start":{"line":78,"column":56},"end":{"line":78,"column":78}},"19":{"start":{"line":80,"column":8},"end":{"line":82,"column":null}},"20":{"start":{"line":81,"column":12},"end":{"line":81,"column":null}},"21":{"start":{"line":84,"column":27},"end":{"line":84,"column":null}},"22":{"start":{"line":85,"column":31},"end":{"line":85,"column":null}},"23":{"start":{"line":88,"column":8},"end":{"line":88,"column":null}},"24":{"start":{"line":89,"column":8},"end":{"line":89,"column":null}},"25":{"start":{"line":91,"column":8},"end":{"line":91,"column":null}}},"fnMap":{"0":{"name":"drawInitialCards","decl":{"start":{"line":35,"column":18},"end":{"line":35,"column":53}},"loc":{"start":{"line":35,"column":53},"end":{"line":57,"column":null}},"line":35},"1":{"name":"shuffleDeck","decl":{"start":{"line":59,"column":19},"end":{"line":59,"column":31}},"loc":{"start":{"line":59,"column":53},"end":{"line":66,"column":null}},"line":59},"2":{"name":"playCard","decl":{"start":{"line":68,"column":18},"end":{"line":68,"column":27}},"loc":{"start":{"line":68,"column":109},"end":{"line":92,"column":null}},"line":68},"3":{"name":"(anonymous_3)","decl":{"start":{"line":78,"column":38},"end":{"line":78,"column":48}},"loc":{"start":{"line":78,"column":56},"end":{"line":78,"column":78}},"line":78}},"branchMap":{"0":{"loc":{"start":{"line":80,"column":8},"end":{"line":82,"column":null}},"type":"if","locations":[{"start":{"line":80,"column":8},"end":{"line":82,"column":null}},{"start":{},"end":{}}],"line":80}},"s":{"0":4,"1":31,"2":31,"3":31,"4":31,"5":31,"6":31,"7":31,"8":31,"9":31,"10":31,"11":31,"12":465,"13":465,"14":31,"15":4,"16":4,"17":4,"18":5,"19":4,"20":1,"21":3,"22":3,"23":3,"24":3,"25":3},"f":{"0":4,"1":4,"2":4,"3":5},"b":{"0":[1,3]},"meta":{"lastBranch":1,"lastFunction":4,"lastStatement":26,"seen":{"s:14:29:31:Infinity":0,"f:35:18:35:53":0,"s:36:21:36:Infinity":1,"s:39:29:39:Infinity":2,"s:41:27:41:Infinity":3,"s:43:39:43:Infinity":4,"s:44:40:44:Infinity":5,"s:45:34:45:Infinity":6,"s:47:41:47:Infinity":7,"s:49:8:56:Infinity":8,"f:59:19:59:31":1,"s:60:29:60:Infinity":9,"s:61:8:64:Infinity":10,"s:61:21:61:46":11,"s:62:22:62:Infinity":12,"s:63:12:63:Infinity":13,"s:65:8:65:Infinity":14,"f:68:18:68:27":2,"s:70:37:74:Infinity":15,"s:77:28:77:Infinity":16,"s:78:26:78:Infinity":17,"f:78:38:78:48":3,"s:78:56:78:78":18,"b:80:8:82:Infinity:undefined:undefined:undefined:undefined":0,"s:80:8:82:Infinity":19,"s:81:12:81:Infinity":20,"s:84:27:84:Infinity":21,"s:85:31:85:Infinity":22,"s:88:8:88:Infinity":23,"s:89:8:89:Infinity":24,"s:91:8:91:Infinity":25},"fnNames":{}}}
,"C:\\Dev\\Uni\\TFG\\tfg-onitama\\backend\\src\\game\\GameEngine.ts": {"path":"C:\\Dev\\Uni\\TFG\\tfg-onitama\\backend\\src\\game\\GameEngine.ts","statementMap":{"0":{"start":{"line":11,"column":22},"end":{"line":11,"column":null}},"1":{"start":{"line":12,"column":27},"end":{"line":12,"column":null}},"2":{"start":{"line":14,"column":8},"end":{"line":25,"column":null}},"3":{"start":{"line":31,"column":36},"end":{"line":38,"column":null}},"4":{"start":{"line":40,"column":8},"end":{"line":40,"column":null}},"5":{"start":{"line":43,"column":40},"end":{"line":43,"column":null}},"6":{"start":{"line":45,"column":38},"end":{"line":45,"column":null}},"7":{"start":{"line":47,"column":8},"end":{"line":52,"column":null}},"8":{"start":{"line":48,"column":12},"end":{"line":48,"column":null}},"9":{"start":{"line":49,"column":12},"end":{"line":49,"column":null}},"10":{"start":{"line":51,"column":12},"end":{"line":51,"column":null}},"11":{"start":{"line":54,"column":8},"end":{"line":54,"column":null}},"12":{"start":{"line":59,"column":36},"end":{"line":59,"column":null}},"13":{"start":{"line":62,"column":21},"end":{"line":62,"column":null}},"14":{"start":{"line":63,"column":25},"end":{"line":63,"column":null}},"15":{"start":{"line":63,"column":43},"end":{"line":63,"column":65}},"16":{"start":{"line":65,"column":8},"end":{"line":65,"column":null}},"17":{"start":{"line":65,"column":23},"end":{"line":65,"column":null}},"18":{"start":{"line":67,"column":8},"end":{"line":67,"column":null}},"19":{"start":{"line":70,"column":8},"end":{"line":70,"column":null}},"20":{"start":{"line":73,"column":23},"end":{"line":73,"column":null}},"21":{"start":{"line":75,"column":8},"end":{"line":80,"column":null}},"22":{"start":{"line":76,"column":12},"end":{"line":76,"column":null}},"23":{"start":{"line":77,"column":12},"end":{"line":77,"column":null}},"24":{"start":{"line":78,"column":12},"end":{"line":78,"column":null}},"25":{"start":{"line":79,"column":12},"end":{"line":79,"column":null}},"26":{"start":{"line":83,"column":8},"end":{"line":83,"column":null}},"27":{"start":{"line":86,"column":28},"end":{"line":86,"column":null}},"28":{"start":{"line":87,"column":8},"end":{"line":87,"column":null}},"29":{"start":{"line":88,"column":8},"end":{"line":88,"column":null}}},"fnMap":{"0":{"name":"createNewGame","decl":{"start":{"line":10,"column":4},"end":{"line":10,"column":11}},"loc":{"start":{"line":10,"column":52},"end":{"line":26,"column":null}},"line":10},"1":{"name":"switchTurn","decl":{"start":{"line":29,"column":4},"end":{"line":29,"column":11}},"loc":{"start":{"line":29,"column":58},"end":{"line":55,"column":null}},"line":29},"2":{"name":"processTurn","decl":{"start":{"line":58,"column":4},"end":{"line":58,"column":11}},"loc":{"start":{"line":58,"column":100},"end":{"line":89,"column":null}},"line":58},"3":{"name":"(anonymous_3)","decl":{"start":{"line":63,"column":30},"end":{"line":63,"column":35}},"loc":{"start":{"line":63,"column":43},"end":{"line":63,"column":65}},"line":63}},"branchMap":{"0":{"loc":{"start":{"line":40,"column":31},"end":{"line":40,"column":null}},"type":"cond-expr","locations":[{"start":{"line":40,"column":68},"end":{"line":40,"column":77}},{"start":{"line":40,"column":77},"end":{"line":40,"column":null}}],"line":40},"1":{"loc":{"start":{"line":43,"column":40},"end":{"line":43,"column":null}},"type":"cond-expr","locations":[{"start":{"line":43,"column":73},"end":{"line":43,"column":94}},{"start":{"line":43,"column":94},"end":{"line":43,"column":null}}],"line":43},"2":{"loc":{"start":{"line":47,"column":8},"end":{"line":52,"column":null}},"type":"if","locations":[{"start":{"line":47,"column":8},"end":{"line":52,"column":null}},{"start":{"line":50,"column":15},"end":{"line":52,"column":null}}],"line":47},"3":{"loc":{"start":{"line":62,"column":21},"end":{"line":62,"column":null}},"type":"cond-expr","locations":[{"start":{"line":62,"column":54},"end":{"line":62,"column":75}},{"start":{"line":62,"column":75},"end":{"line":62,"column":null}}],"line":62},"4":{"loc":{"start":{"line":65,"column":8},"end":{"line":65,"column":null}},"type":"if","locations":[{"start":{"line":65,"column":8},"end":{"line":65,"column":null}},{"start":{},"end":{}}],"line":65},"5":{"loc":{"start":{"line":75,"column":8},"end":{"line":80,"column":null}},"type":"if","locations":[{"start":{"line":75,"column":8},"end":{"line":80,"column":null}},{"start":{},"end":{}}],"line":75}},"s":{"0":18,"1":18,"2":18,"3":4,"4":4,"5":4,"6":4,"7":4,"8":1,"9":1,"10":3,"11":4,"12":3,"13":3,"14":3,"15":4,"16":3,"17":1,"18":2,"19":2,"20":2,"21":2,"22":0,"23":0,"24":0,"25":0,"26":1,"27":1,"28":1,"29":1},"f":{"0":18,"1":4,"2":3,"3":4},"b":{"0":[3,1],"1":[1,3],"2":[1,3],"3":[2,1],"4":[1,2],"5":[0,2]},"meta":{"lastBranch":6,"lastFunction":4,"lastStatement":30,"seen":{"f:10:4:10:11":0,"s:11:22:11:Infinity":0,"s:12:27:12:Infinity":1,"s:14:8:25:Infinity":2,"f:29:4:29:11":1,"s:31:36:38:Infinity":3,"s:40:8:40:Infinity":4,"b:40:68:40:77:40:77:40:Infinity":0,"s:43:40:43:Infinity":5,"b:43:73:43:94:43:94:43:Infinity":1,"s:45:38:45:Infinity":6,"b:47:8:52:Infinity:50:15:52:Infinity":2,"s:47:8:52:Infinity":7,"s:48:12:48:Infinity":8,"s:49:12:49:Infinity":9,"s:51:12:51:Infinity":10,"s:54:8:54:Infinity":11,"f:58:4:58:11":2,"s:59:36:59:Infinity":12,"s:62:21:62:Infinity":13,"b:62:54:62:75:62:75:62:Infinity":3,"s:63:25:63:Infinity":14,"f:63:30:63:35":3,"s:63:43:63:65":15,"b:65:8:65:Infinity:undefined:undefined:undefined:undefined":4,"s:65:8:65:Infinity":16,"s:65:23:65:Infinity":17,"s:67:8:67:Infinity":18,"s:70:8:70:Infinity":19,"s:73:23:73:Infinity":20,"b:75:8:80:Infinity:undefined:undefined:undefined:undefined":5,"s:75:8:80:Infinity":21,"s:76:12:76:Infinity":22,"s:77:12:77:Infinity":23,"s:78:12:78:Infinity":24,"s:79:12:79:Infinity":25,"s:83:8:83:Infinity":26,"s:86:28:86:Infinity":27,"s:87:8:87:Infinity":28,"s:88:8:88:Infinity":29},"fnNames":{}}}
,"C:\\Dev\\Uni\\TFG\\tfg-onitama\\backend\\src\\game\\MoveArbitrator.ts": {"path":"C:\\Dev\\Uni\\TFG\\tfg-onitama\\backend\\src\\game\\MoveArbitrator.ts","statementMap":{"0":{"start":{"line":7,"column":8},"end":{"line":7,"column":null}},"1":{"start":{"line":19,"column":8},"end":{"line":21,"column":null}},"2":{"start":{"line":20,"column":12},"end":{"line":20,"column":null}},"3":{"start":{"line":23,"column":28},"end":{"line":23,"column":null}},"4":{"start":{"line":24,"column":33},"end":{"line":24,"column":null}},"5":{"start":{"line":27,"column":8},"end":{"line":29,"column":null}},"6":{"start":{"line":28,"column":12},"end":{"line":28,"column":null}},"7":{"start":{"line":32,"column":8},"end":{"line":34,"column":null}},"8":{"start":{"line":33,"column":12},"end":{"line":33,"column":null}},"9":{"start":{"line":37,"column":8},"end":{"line":39,"column":null}},"10":{"start":{"line":38,"column":12},"end":{"line":38,"column":null}},"11":{"start":{"line":42,"column":19},"end":{"line":42,"column":null}},"12":{"start":{"line":43,"column":19},"end":{"line":43,"column":null}},"13":{"start":{"line":46,"column":29},"end":{"line":46,"column":null}},"14":{"start":{"line":47,"column":29},"end":{"line":47,"column":null}},"15":{"start":{"line":49,"column":32},"end":{"line":51,"column":null}},"16":{"start":{"line":50,"column":20},"end":{"line":50,"column":null}},"17":{"start":{"line":53,"column":8},"end":{"line":55,"column":null}},"18":{"start":{"line":54,"column":12},"end":{"line":54,"column":null}},"19":{"start":{"line":57,"column":8},"end":{"line":57,"column":null}},"20":{"start":{"line":65,"column":8},"end":{"line":89,"column":null}},"21":{"start":{"line":65,"column":20},"end":{"line":65,"column":23}},"22":{"start":{"line":66,"column":12},"end":{"line":88,"column":null}},"23":{"start":{"line":66,"column":24},"end":{"line":66,"column":27}},"24":{"start":{"line":67,"column":30},"end":{"line":67,"column":null}},"25":{"start":{"line":69,"column":16},"end":{"line":87,"column":null}},"26":{"start":{"line":70,"column":43},"end":{"line":70,"column":null}},"27":{"start":{"line":72,"column":20},"end":{"line":86,"column":null}},"28":{"start":{"line":73,"column":24},"end":{"line":85,"column":null}},"29":{"start":{"line":74,"column":39},"end":{"line":74,"column":null}},"30":{"start":{"line":75,"column":39},"end":{"line":75,"column":null}},"31":{"start":{"line":76,"column":49},"end":{"line":76,"column":null}},"32":{"start":{"line":78,"column":28},"end":{"line":84,"column":null}},"33":{"start":{"line":79,"column":32},"end":{"line":81,"column":null}},"34":{"start":{"line":80,"column":36},"end":{"line":80,"column":null}},"35":{"start":{"line":83,"column":32},"end":{"line":83,"column":null}},"36":{"start":{"line":90,"column":4},"end":{"line":90,"column":null}}},"fnMap":{"0":{"name":"isOutOfBounds","decl":{"start":{"line":6,"column":19},"end":{"line":6,"column":33}},"loc":{"start":{"line":6,"column":57},"end":{"line":8,"column":null}},"line":6},"1":{"name":"validateMove","decl":{"start":{"line":10,"column":18},"end":{"line":10,"column":null}},"loc":{"start":{"line":16,"column":15},"end":{"line":59,"column":null}},"line":16},"2":{"name":"(anonymous_2)","decl":{"start":{"line":49,"column":43},"end":{"line":49,"column":null}},"loc":{"start":{"line":50,"column":20},"end":{"line":50,"column":null}},"line":50},"3":{"name":"hasValidMoves","decl":{"start":{"line":63,"column":18},"end":{"line":63,"column":32}},"loc":{"start":{"line":63,"column":95},"end":{"line":91,"column":null}},"line":63}},"branchMap":{"0":{"loc":{"start":{"line":7,"column":15},"end":{"line":7,"column":null}},"type":"binary-expr","locations":[{"start":{"line":7,"column":15},"end":{"line":7,"column":28}},{"start":{"line":7,"column":28},"end":{"line":7,"column":41}},{"start":{"line":7,"column":41},"end":{"line":7,"column":54}},{"start":{"line":7,"column":54},"end":{"line":7,"column":null}}],"line":7},"1":{"loc":{"start":{"line":19,"column":8},"end":{"line":21,"column":null}},"type":"if","locations":[{"start":{"line":19,"column":8},"end":{"line":21,"column":null}},{"start":{},"end":{}}],"line":19},"2":{"loc":{"start":{"line":19,"column":12},"end":{"line":19,"column":64}},"type":"binary-expr","locations":[{"start":{"line":19,"column":12},"end":{"line":19,"column":40}},{"start":{"line":19,"column":40},"end":{"line":19,"column":64}}],"line":19},"3":{"loc":{"start":{"line":27,"column":8},"end":{"line":29,"column":null}},"type":"if","locations":[{"start":{"line":27,"column":8},"end":{"line":29,"column":null}},{"start":{},"end":{}}],"line":27},"4":{"loc":{"start":{"line":32,"column":8},"end":{"line":34,"column":null}},"type":"if","locations":[{"start":{"line":32,"column":8},"end":{"line":34,"column":null}},{"start":{},"end":{}}],"line":32},"5":{"loc":{"start":{"line":37,"column":8},"end":{"line":39,"column":null}},"type":"if","locations":[{"start":{"line":37,"column":8},"end":{"line":39,"column":null}},{"start":{},"end":{}}],"line":37},"6":{"loc":{"start":{"line":37,"column":11},"end":{"line":37,"column":65}},"type":"binary-expr","locations":[{"start":{"line":37,"column":11},"end":{"line":37,"column":31}},{"start":{"line":37,"column":31},"end":{"line":37,"column":65}}],"line":37},"7":{"loc":{"start":{"line":46,"column":29},"end":{"line":46,"column":null}},"type":"cond-expr","locations":[{"start":{"line":46,"column":48},"end":{"line":46,"column":54}},{"start":{"line":46,"column":54},"end":{"line":46,"column":null}}],"line":46},"8":{"loc":{"start":{"line":47,"column":29},"end":{"line":47,"column":null}},"type":"cond-expr","locations":[{"start":{"line":47,"column":48},"end":{"line":47,"column":54}},{"start":{"line":47,"column":54},"end":{"line":47,"column":null}}],"line":47},"9":{"loc":{"start":{"line":50,"column":20},"end":{"line":50,"column":null}},"type":"binary-expr","locations":[{"start":{"line":50,"column":20},"end":{"line":50,"column":47}},{"start":{"line":50,"column":47},"end":{"line":50,"column":null}}],"line":50},"10":{"loc":{"start":{"line":53,"column":8},"end":{"line":55,"column":null}},"type":"if","locations":[{"start":{"line":53,"column":8},"end":{"line":55,"column":null}},{"start":{},"end":{}}],"line":53},"11":{"loc":{"start":{"line":69,"column":16},"end":{"line":87,"column":null}},"type":"if","locations":[{"start":{"line":69,"column":16},"end":{"line":87,"column":null}},{"start":{},"end":{}}],"line":69},"12":{"loc":{"start":{"line":69,"column":19},"end":{"line":69,"column":51}},"type":"binary-expr","locations":[{"start":{"line":69,"column":19},"end":{"line":69,"column":28}},{"start":{"line":69,"column":28},"end":{"line":69,"column":51}}],"line":69},"13":{"loc":{"start":{"line":74,"column":39},"end":{"line":74,"column":null}},"type":"cond-expr","locations":[{"start":{"line":74,"column":58},"end":{"line":74,"column":68}},{"start":{"line":74,"column":68},"end":{"line":74,"column":null}}],"line":74},"14":{"loc":{"start":{"line":75,"column":39},"end":{"line":75,"column":null}},"type":"cond-expr","locations":[{"start":{"line":75,"column":58},"end":{"line":75,"column":68}},{"start":{"line":75,"column":68},"end":{"line":75,"column":null}}],"line":75},"15":{"loc":{"start":{"line":79,"column":32},"end":{"line":81,"column":null}},"type":"if","locations":[{"start":{"line":79,"column":32},"end":{"line":81,"column":null}},{"start":{},"end":{}}],"line":79}},"s":{"0":40,"1":20,"2":8,"3":12,"4":12,"5":12,"6":1,"7":11,"8":1,"9":10,"10":4,"11":6,"12":6,"13":6,"14":20,"15":20,"16":9,"17":20,"18":1,"19":5,"20":3,"21":3,"22":15,"23":15,"24":67,"25":67,"26":4,"27":4,"28":6,"29":11,"30":11,"31":11,"32":11,"33":11,"34":2,"35":9,"36":1},"f":{"0":3,"1":3,"2":9,"3":3},"b":{"0":[40,40,35,33],"1":[8,12],"2":[20,20],"3":[1,11],"4":[1,10],"5":[4,6],"6":[10,4],"7":[2,4],"8":[2,4],"9":[9,5],"10":[1,19],"11":[4,63],"12":[67,14],"13":[0,11],"14":[0,11],"15":[2,9]},"meta":{"lastBranch":16,"lastFunction":4,"lastStatement":37,"seen":{"f:6:19:6:33":0,"s:7:8:7:Infinity":0,"b:7:15:7:28:7:28:7:41:7:41:7:54:7:54:7:Infinity":0,"f:10:18:10:Infinity":1,"b:19:8:21:Infinity:undefined:undefined:undefined:undefined":1,"s:19:8:21:Infinity":1,"b:19:12:19:40:19:40:19:64":2,"s:20:12:20:Infinity":2,"s:23:28:23:Infinity":3,"s:24:33:24:Infinity":4,"b:27:8:29:Infinity:undefined:undefined:undefined:undefined":3,"s:27:8:29:Infinity":5,"s:28:12:28:Infinity":6,"b:32:8:34:Infinity:undefined:undefined:undefined:undefined":4,"s:32:8:34:Infinity":7,"s:33:12:33:Infinity":8,"b:37:8:39:Infinity:undefined:undefined:undefined:undefined":5,"s:37:8:39:Infinity":9,"b:37:11:37:31:37:31:37:65":6,"s:38:12:38:Infinity":10,"s:42:19:42:Infinity":11,"s:43:19:43:Infinity":12,"s:46:29:46:Infinity":13,"b:46:48:46:54:46:54:46:Infinity":7,"s:47:29:47:Infinity":14,"b:47:48:47:54:47:54:47:Infinity":8,"s:49:32:51:Infinity":15,"f:49:43:49:Infinity":2,"s:50:20:50:Infinity":16,"b:50:20:50:47:50:47:50:Infinity":9,"b:53:8:55:Infinity:undefined:undefined:undefined:undefined":10,"s:53:8:55:Infinity":17,"s:54:12:54:Infinity":18,"s:57:8:57:Infinity":19,"f:63:18:63:32":3,"s:65:8:89:Infinity":20,"s:65:20:65:23":21,"s:66:12:88:Infinity":22,"s:66:24:66:27":23,"s:67:30:67:Infinity":24,"b:69:16:87:Infinity:undefined:undefined:undefined:undefined":11,"s:69:16:87:Infinity":25,"b:69:19:69:28:69:28:69:51":12,"s:70:43:70:Infinity":26,"s:72:20:86:Infinity":27,"s:73:24:85:Infinity":28,"s:74:39:74:Infinity":29,"b:74:58:74:68:74:68:74:Infinity":13,"s:75:39:75:Infinity":30,"b:75:58:75:68:75:68:75:Infinity":14,"s:76:49:76:Infinity":31,"s:78:28:84:Infinity":32,"b:79:32:81:Infinity:undefined:undefined:undefined:undefined":15,"s:79:32:81:Infinity":33,"s:80:36:80:Infinity":34,"s:83:32:83:Infinity":35,"s:90:4:90:Infinity":36},"fnNames":{}}}
,"C:\\Dev\\Uni\\TFG\\tfg-onitama\\backend\\src\\game\\MovementManager.ts": {"path":"C:\\Dev\\Uni\\TFG\\tfg-onitama\\backend\\src\\game\\MovementManager.ts","statementMap":{"0":{"start":{"line":15,"column":8},"end":{"line":17,"column":null}},"1":{"start":{"line":16,"column":12},"end":{"line":16,"column":null}},"2":{"start":{"line":18,"column":8},"end":{"line":20,"column":null}},"3":{"start":{"line":19,"column":12},"end":{"line":19,"column":null}},"4":{"start":{"line":23,"column":32},"end":{"line":23,"column":null}},"5":{"start":{"line":23,"column":49},"end":{"line":23,"column":57}},"6":{"start":{"line":26,"column":28},"end":{"line":26,"column":null}},"7":{"start":{"line":28,"column":8},"end":{"line":30,"column":null}},"8":{"start":{"line":29,"column":12},"end":{"line":29,"column":null}},"9":{"start":{"line":32,"column":30},"end":{"line":32,"column":null}},"10":{"start":{"line":35,"column":8},"end":{"line":35,"column":null}},"11":{"start":{"line":36,"column":8},"end":{"line":36,"column":null}},"12":{"start":{"line":38,"column":8},"end":{"line":41,"column":null}},"13":{"start":{"line":45,"column":8},"end":{"line":45,"column":null}}},"fnMap":{"0":{"name":"movePiece","decl":{"start":{"line":12,"column":18},"end":{"line":12,"column":28}},"loc":{"start":{"line":12,"column":84},"end":{"line":42,"column":null}},"line":12},"1":{"name":"(anonymous_1)","decl":{"start":{"line":23,"column":38},"end":{"line":23,"column":42}},"loc":{"start":{"line":23,"column":49},"end":{"line":23,"column":57}},"line":23},"2":{"name":"isOutOfBounds","decl":{"start":{"line":44,"column":19},"end":{"line":44,"column":33}},"loc":{"start":{"line":44,"column":57},"end":{"line":46,"column":null}},"line":44}},"branchMap":{"0":{"loc":{"start":{"line":15,"column":8},"end":{"line":17,"column":null}},"type":"if","locations":[{"start":{"line":15,"column":8},"end":{"line":17,"column":null}},{"start":{},"end":{}}],"line":15},"1":{"loc":{"start":{"line":18,"column":8},"end":{"line":20,"column":null}},"type":"if","locations":[{"start":{"line":18,"column":8},"end":{"line":20,"column":null}},{"start":{},"end":{}}],"line":18},"2":{"loc":{"start":{"line":28,"column":8},"end":{"line":30,"column":null}},"type":"if","locations":[{"start":{"line":28,"column":8},"end":{"line":30,"column":null}},{"start":{},"end":{}}],"line":28},"3":{"loc":{"start":{"line":45,"column":15},"end":{"line":45,"column":null}},"type":"binary-expr","locations":[{"start":{"line":45,"column":15},"end":{"line":45,"column":28}},{"start":{"line":45,"column":28},"end":{"line":45,"column":41}},{"start":{"line":45,"column":41},"end":{"line":45,"column":54}},{"start":{"line":45,"column":54},"end":{"line":45,"column":null}}],"line":45}},"s":{"0":8,"1":1,"2":7,"3":1,"4":6,"5":30,"6":6,"7":6,"8":1,"9":5,"10":5,"11":5,"12":5,"13":15},"f":{"0":4,"1":30,"2":4},"b":{"0":[1,7],"1":[1,6],"2":[1,5],"3":[15,14,13,13]},"meta":{"lastBranch":4,"lastFunction":3,"lastStatement":14,"seen":{"f:12:18:12:28":0,"b:15:8:17:Infinity:undefined:undefined:undefined:undefined":0,"s:15:8:17:Infinity":0,"s:16:12:16:Infinity":1,"b:18:8:20:Infinity:undefined:undefined:undefined:undefined":1,"s:18:8:20:Infinity":2,"s:19:12:19:Infinity":3,"s:23:32:23:Infinity":4,"f:23:38:23:42":1,"s:23:49:23:57":5,"s:26:28:26:Infinity":6,"b:28:8:30:Infinity:undefined:undefined:undefined:undefined":2,"s:28:8:30:Infinity":7,"s:29:12:29:Infinity":8,"s:32:30:32:Infinity":9,"s:35:8:35:Infinity":10,"s:36:8:36:Infinity":11,"s:38:8:41:Infinity":12,"f:44:19:44:33":2,"s:45:8:45:Infinity":13,"b:45:15:45:28:45:28:45:41:45:41:45:54:45:54:45:Infinity":3},"fnNames":{}}}
,"C:\\Dev\\Uni\\TFG\\tfg-onitama\\backend\\src\\game\\VictoryArbitrator.ts": {"path":"C:\\Dev\\Uni\\TFG\\tfg-onitama\\backend\\src\\game\\VictoryArbitrator.ts","statementMap":{"0":{"start":{"line":8,"column":29},"end":{"line":8,"column":null}},"1":{"start":{"line":9,"column":30},"end":{"line":9,"column":null}},"2":{"start":{"line":11,"column":8},"end":{"line":29,"column":null}},"3":{"start":{"line":11,"column":21},"end":{"line":11,"column":24}},"4":{"start":{"line":12,"column":12},"end":{"line":28,"column":null}},"5":{"start":{"line":12,"column":24},"end":{"line":12,"column":27}},"6":{"start":{"line":13,"column":30},"end":{"line":13,"column":null}},"7":{"start":{"line":15,"column":16},"end":{"line":27,"column":null}},"8":{"start":{"line":16,"column":20},"end":{"line":26,"column":null}},"9":{"start":{"line":17,"column":24},"end":{"line":17,"column":null}},"10":{"start":{"line":18,"column":24},"end":{"line":20,"column":null}},"11":{"start":{"line":19,"column":28},"end":{"line":19,"column":null}},"12":{"start":{"line":21,"column":27},"end":{"line":26,"column":null}},"13":{"start":{"line":22,"column":24},"end":{"line":22,"column":null}},"14":{"start":{"line":23,"column":24},"end":{"line":25,"column":null}},"15":{"start":{"line":24,"column":28},"end":{"line":24,"column":null}},"16":{"start":{"line":31,"column":8},"end":{"line":31,"column":null}},"17":{"start":{"line":31,"column":29},"end":{"line":31,"column":null}},"18":{"start":{"line":32,"column":8},"end":{"line":32,"column":null}},"19":{"start":{"line":32,"column":30},"end":{"line":32,"column":null}},"20":{"start":{"line":34,"column":8},"end":{"line":34,"column":null}}},"fnMap":{"0":{"name":"checkVictory","decl":{"start":{"line":6,"column":18},"end":{"line":6,"column":31}},"loc":{"start":{"line":6,"column":65},"end":{"line":35,"column":null}},"line":6}},"branchMap":{"0":{"loc":{"start":{"line":15,"column":16},"end":{"line":27,"column":null}},"type":"if","locations":[{"start":{"line":15,"column":16},"end":{"line":27,"column":null}},{"start":{},"end":{}}],"line":15},"1":{"loc":{"start":{"line":15,"column":20},"end":{"line":15,"column":54}},"type":"binary-expr","locations":[{"start":{"line":15,"column":20},"end":{"line":15,"column":29}},{"start":{"line":15,"column":29},"end":{"line":15,"column":54}}],"line":15},"2":{"loc":{"start":{"line":16,"column":20},"end":{"line":26,"column":null}},"type":"if","locations":[{"start":{"line":16,"column":20},"end":{"line":26,"column":null}},{"start":{"line":21,"column":27},"end":{"line":26,"column":null}}],"line":16},"3":{"loc":{"start":{"line":18,"column":24},"end":{"line":20,"column":null}},"type":"if","locations":[{"start":{"line":18,"column":24},"end":{"line":20,"column":null}},{"start":{},"end":{}}],"line":18},"4":{"loc":{"start":{"line":18,"column":28},"end":{"line":18,"column":48}},"type":"binary-expr","locations":[{"start":{"line":18,"column":28},"end":{"line":18,"column":39}},{"start":{"line":18,"column":39},"end":{"line":18,"column":48}}],"line":18},"5":{"loc":{"start":{"line":21,"column":27},"end":{"line":26,"column":null}},"type":"if","locations":[{"start":{"line":21,"column":27},"end":{"line":26,"column":null}},{"start":{},"end":{}}],"line":21},"6":{"loc":{"start":{"line":23,"column":24},"end":{"line":25,"column":null}},"type":"if","locations":[{"start":{"line":23,"column":24},"end":{"line":25,"column":null}},{"start":{},"end":{}}],"line":23},"7":{"loc":{"start":{"line":23,"column":28},"end":{"line":23,"column":48}},"type":"binary-expr","locations":[{"start":{"line":23,"column":28},"end":{"line":23,"column":39}},{"start":{"line":23,"column":39},"end":{"line":23,"column":48}}],"line":23},"8":{"loc":{"start":{"line":31,"column":8},"end":{"line":31,"column":null}},"type":"if","locations":[{"start":{"line":31,"column":8},"end":{"line":31,"column":null}},{"start":{},"end":{}}],"line":31},"9":{"loc":{"start":{"line":32,"column":8},"end":{"line":32,"column":null}},"type":"if","locations":[{"start":{"line":32,"column":8},"end":{"line":32,"column":null}},{"start":{},"end":{}}],"line":32}},"s":{"0":6,"1":6,"2":6,"3":6,"4":30,"5":30,"6":148,"7":148,"8":10,"9":5,"10":5,"11":1,"12":5,"13":5,"14":5,"15":0,"16":5,"17":1,"18":4,"19":1,"20":3},"f":{"0":4},"b":{"0":[10,138],"1":[148,56],"2":[5,5],"3":[1,4],"4":[5,1],"5":[5,0],"6":[0,5],"7":[5,0],"8":[1,4],"9":[1,3]},"meta":{"lastBranch":10,"lastFunction":1,"lastStatement":21,"seen":{"f:6:18:6:31":0,"s:8:29:8:Infinity":0,"s:9:30:9:Infinity":1,"s:11:8:29:Infinity":2,"s:11:21:11:24":3,"s:12:12:28:Infinity":4,"s:12:24:12:27":5,"s:13:30:13:Infinity":6,"b:15:16:27:Infinity:undefined:undefined:undefined:undefined":0,"s:15:16:27:Infinity":7,"b:15:20:15:29:15:29:15:54":1,"b:16:20:26:Infinity:21:27:26:Infinity":2,"s:16:20:26:Infinity":8,"s:17:24:17:Infinity":9,"b:18:24:20:Infinity:undefined:undefined:undefined:undefined":3,"s:18:24:20:Infinity":10,"b:18:28:18:39:18:39:18:48":4,"s:19:28:19:Infinity":11,"b:21:27:26:Infinity:undefined:undefined:undefined:undefined":5,"s:21:27:26:Infinity":12,"s:22:24:22:Infinity":13,"b:23:24:25:Infinity:undefined:undefined:undefined:undefined":6,"s:23:24:25:Infinity":14,"b:23:28:23:39:23:39:23:48":7,"s:24:28:24:Infinity":15,"b:31:8:31:Infinity:undefined:undefined:undefined:undefined":8,"s:31:8:31:Infinity":16,"s:31:29:31:Infinity":17,"b:32:8:32:Infinity:undefined:undefined:undefined:undefined":9,"s:32:8:32:Infinity":18,"s:32:30:32:Infinity":19,"s:34:8:34:Infinity":20},"fnNames":{}}}
,"C:\\Dev\\Uni\\TFG\\tfg-onitama\\backend\\src\\network\\RoomManager.ts": {"path":"C:\\Dev\\Uni\\TFG\\tfg-onitama\\backend\\src\\network\\RoomManager.ts","statementMap":{"0":{"start":{"line":21,"column":59},"end":{"line":21,"column":null}},"1":{"start":{"line":23,"column":67},"end":{"line":23,"column":null}},"2":{"start":{"line":25,"column":61},"end":{"line":25,"column":null}},"3":{"start":{"line":27,"column":42},"end":{"line":27,"column":null}},"4":{"start":{"line":30,"column":66},"end":{"line":34,"column":null}},"5":{"start":{"line":37,"column":8},"end":{"line":37,"column":null}},"6":{"start":{"line":41,"column":31},"end":{"line":41,"column":null}},"7":{"start":{"line":42,"column":32},"end":{"line":42,"column":null}},"8":{"start":{"line":44,"column":8},"end":{"line":51,"column":null}},"9":{"start":{"line":45,"column":12},"end":{"line":45,"column":null}},"10":{"start":{"line":47,"column":33},"end":{"line":47,"column":null}},"11":{"start":{"line":48,"column":12},"end":{"line":50,"column":null}},"12":{"start":{"line":49,"column":16},"end":{"line":49,"column":null}},"13":{"start":{"line":53,"column":8},"end":{"line":53,"column":null}},"14":{"start":{"line":57,"column":25},"end":{"line":57,"column":null}},"15":{"start":{"line":61,"column":23},"end":{"line":61,"column":null}},"16":{"start":{"line":63,"column":26},"end":{"line":63,"column":null}},"17":{"start":{"line":66,"column":37},"end":{"line":77,"column":null}},"18":{"start":{"line":79,"column":8},"end":{"line":79,"column":null}},"19":{"start":{"line":80,"column":8},"end":{"line":80,"column":null}},"20":{"start":{"line":84,"column":8},"end":{"line":88,"column":null}},"21":{"start":{"line":85,"column":12},"end":{"line":87,"column":null}},"22":{"start":{"line":86,"column":16},"end":{"line":86,"column":null}},"23":{"start":{"line":89,"column":8},"end":{"line":89,"column":null}},"24":{"start":{"line":93,"column":8},"end":{"line":93,"column":null}},"25":{"start":{"line":97,"column":8},"end":{"line":97,"column":null}},"26":{"start":{"line":101,"column":8},"end":{"line":101,"column":null}},"27":{"start":{"line":105,"column":8},"end":{"line":109,"column":null}},"28":{"start":{"line":106,"column":12},"end":{"line":108,"column":null}},"29":{"start":{"line":107,"column":16},"end":{"line":107,"column":null}},"30":{"start":{"line":114,"column":21},"end":{"line":114,"column":null}},"31":{"start":{"line":115,"column":8},"end":{"line":115,"column":null}},"32":{"start":{"line":115,"column":19},"end":{"line":115,"column":null}},"33":{"start":{"line":117,"column":22},"end":{"line":117,"column":null}},"34":{"start":{"line":118,"column":23},"end":{"line":118,"column":null}},"35":{"start":{"line":120,"column":40},"end":{"line":124,"column":null}},"36":{"start":{"line":126,"column":8},"end":{"line":126,"column":null}},"37":{"start":{"line":127,"column":8},"end":{"line":127,"column":null}},"38":{"start":{"line":129,"column":8},"end":{"line":129,"column":null}},"39":{"start":{"line":134,"column":8},"end":{"line":134,"column":null}},"40":{"start":{"line":138,"column":22},"end":{"line":138,"column":null}},"41":{"start":{"line":139,"column":8},"end":{"line":142,"column":null}},"42":{"start":{"line":140,"column":12},"end":{"line":140,"column":null}},"43":{"start":{"line":141,"column":12},"end":{"line":141,"column":null}},"44":{"start":{"line":147,"column":21},"end":{"line":147,"column":null}},"45":{"start":{"line":149,"column":8},"end":{"line":149,"column":null}},"46":{"start":{"line":149,"column":59},"end":{"line":149,"column":null}},"47":{"start":{"line":151,"column":8},"end":{"line":157,"column":null}},"48":{"start":{"line":152,"column":12},"end":{"line":152,"column":null}},"49":{"start":{"line":153,"column":15},"end":{"line":157,"column":null}},"50":{"start":{"line":154,"column":12},"end":{"line":154,"column":null}},"51":{"start":{"line":156,"column":12},"end":{"line":156,"column":null}},"52":{"start":{"line":159,"column":8},"end":{"line":159,"column":null}},"53":{"start":{"line":161,"column":8},"end":{"line":161,"column":null}},"54":{"start":{"line":170,"column":8},"end":{"line":172,"column":null}},"55":{"start":{"line":171,"column":12},"end":{"line":171,"column":null}},"56":{"start":{"line":174,"column":22},"end":{"line":192,"column":null}},"57":{"start":{"line":175,"column":25},"end":{"line":175,"column":null}},"58":{"start":{"line":176,"column":12},"end":{"line":179,"column":null}},"59":{"start":{"line":177,"column":16},"end":{"line":177,"column":null}},"60":{"start":{"line":178,"column":16},"end":{"line":178,"column":null}},"61":{"start":{"line":181,"column":32},"end":{"line":181,"column":null}},"62":{"start":{"line":182,"column":12},"end":{"line":182,"column":null}},"63":{"start":{"line":184,"column":12},"end":{"line":184,"column":null}},"64":{"start":{"line":186,"column":12},"end":{"line":191,"column":null}},"65":{"start":{"line":187,"column":16},"end":{"line":187,"column":null}},"66":{"start":{"line":188,"column":16},"end":{"line":188,"column":null}},"67":{"start":{"line":189,"column":16},"end":{"line":189,"column":null}},"68":{"start":{"line":190,"column":16},"end":{"line":190,"column":null}},"69":{"start":{"line":194,"column":8},"end":{"line":194,"column":null}},"70":{"start":{"line":199,"column":22},"end":{"line":199,"column":null}},"71":{"start":{"line":200,"column":8},"end":{"line":203,"column":null}},"72":{"start":{"line":201,"column":12},"end":{"line":201,"column":null}},"73":{"start":{"line":202,"column":12},"end":{"line":202,"column":null}},"74":{"start":{"line":208,"column":21},"end":{"line":208,"column":null}},"75":{"start":{"line":209,"column":8},"end":{"line":209,"column":null}},"76":{"start":{"line":209,"column":59},"end":{"line":209,"column":null}},"77":{"start":{"line":211,"column":40},"end":{"line":215,"column":null}},"78":{"start":{"line":217,"column":8},"end":{"line":217,"column":null}},"79":{"start":{"line":218,"column":8},"end":{"line":218,"column":null}},"80":{"start":{"line":220,"column":8},"end":{"line":220,"column":null}},"81":{"start":{"line":225,"column":8},"end":{"line":225,"column":null}},"82":{"start":{"line":227,"column":22},"end":{"line":227,"column":null}},"83":{"start":{"line":228,"column":8},"end":{"line":251,"column":null}},"84":{"start":{"line":229,"column":31},"end":{"line":229,"column":null}},"85":{"start":{"line":231,"column":47},"end":{"line":231,"column":null}},"86":{"start":{"line":232,"column":48},"end":{"line":232,"column":null}},"87":{"start":{"line":233,"column":28},"end":{"line":233,"column":null}},"88":{"start":{"line":235,"column":12},"end":{"line":239,"column":null}},"89":{"start":{"line":236,"column":16},"end":{"line":236,"column":null}},"90":{"start":{"line":238,"column":16},"end":{"line":238,"column":null}},"91":{"start":{"line":242,"column":12},"end":{"line":247,"column":null}},"92":{"start":{"line":249,"column":12},"end":{"line":249,"column":null}},"93":{"start":{"line":250,"column":12},"end":{"line":250,"column":null}},"94":{"start":{"line":255,"column":34},"end":{"line":255,"column":null}},"95":{"start":{"line":256,"column":8},"end":{"line":258,"column":null}},"96":{"start":{"line":257,"column":12},"end":{"line":257,"column":null}},"97":{"start":{"line":257,"column":83},"end":{"line":257,"column":98}},"98":{"start":{"line":263,"column":21},"end":{"line":263,"column":null}},"99":{"start":{"line":264,"column":8},"end":{"line":264,"column":null}},"100":{"start":{"line":264,"column":19},"end":{"line":264,"column":null}},"101":{"start":{"line":266,"column":8},"end":{"line":266,"column":null}},"102":{"start":{"line":267,"column":8},"end":{"line":267,"column":null}},"103":{"start":{"line":269,"column":8},"end":{"line":273,"column":null}},"104":{"start":{"line":270,"column":12},"end":{"line":270,"column":null}},"105":{"start":{"line":271,"column":15},"end":{"line":273,"column":null}},"106":{"start":{"line":272,"column":12},"end":{"line":272,"column":null}},"107":{"start":{"line":275,"column":8},"end":{"line":275,"column":null}},"108":{"start":{"line":280,"column":21},"end":{"line":280,"column":null}},"109":{"start":{"line":281,"column":8},"end":{"line":286,"column":null}},"110":{"start":{"line":282,"column":12},"end":{"line":284,"column":null}},"111":{"start":{"line":283,"column":16},"end":{"line":283,"column":null}},"112":{"start":{"line":285,"column":12},"end":{"line":285,"column":null}}},"fnMap":{"0":{"name":"getActiveRooms","decl":{"start":{"line":36,"column":18},"end":{"line":36,"column":61}},"loc":{"start":{"line":36,"column":61},"end":{"line":38,"column":null}},"line":36},"1":{"name":"generateUniqueRoomCode","decl":{"start":{"line":40,"column":19},"end":{"line":40,"column":52}},"loc":{"start":{"line":40,"column":52},"end":{"line":54,"column":null}},"line":40},"2":{"name":"createRoom","decl":{"start":{"line":56,"column":18},"end":{"line":56,"column":29}},"loc":{"start":{"line":56,"column":86},"end":{"line":81,"column":null}},"line":56},"3":{"name":"getRoomByCode","decl":{"start":{"line":83,"column":18},"end":{"line":83,"column":32}},"loc":{"start":{"line":83,"column":75},"end":{"line":90,"column":null}},"line":83},"4":{"name":"roomExists","decl":{"start":{"line":92,"column":18},"end":{"line":92,"column":29}},"loc":{"start":{"line":92,"column":54},"end":{"line":94,"column":null}},"line":92},"5":{"name":"getRoomById","decl":{"start":{"line":96,"column":18},"end":{"line":96,"column":30}},"loc":{"start":{"line":96,"column":71},"end":{"line":98,"column":null}},"line":96},"6":{"name":"deleteRoom","decl":{"start":{"line":100,"column":18},"end":{"line":100,"column":29}},"loc":{"start":{"line":100,"column":51},"end":{"line":102,"column":null}},"line":100},"7":{"name":"getRoomBySocketId","decl":{"start":{"line":104,"column":18},"end":{"line":104,"column":36}},"loc":{"start":{"line":104,"column":79},"end":{"line":110,"column":null}},"line":104},"8":{"name":"surrenderGame","decl":{"start":{"line":113,"column":18},"end":{"line":113,"column":32}},"loc":{"start":{"line":113,"column":102},"end":{"line":130,"column":null}},"line":113},"9":{"name":"setDisconnectTimer","decl":{"start":{"line":133,"column":18},"end":{"line":133,"column":37}},"loc":{"start":{"line":133,"column":82},"end":{"line":135,"column":null}},"line":133},"10":{"name":"clearDisconnectTimer","decl":{"start":{"line":137,"column":18},"end":{"line":137,"column":39}},"loc":{"start":{"line":137,"column":61},"end":{"line":143,"column":null}},"line":137},"11":{"name":"reconnectPlayer","decl":{"start":{"line":146,"column":18},"end":{"line":146,"column":34}},"loc":{"start":{"line":146,"column":112},"end":{"line":162,"column":null}},"line":146},"12":{"name":"startGameTimer","decl":{"start":{"line":165,"column":18},"end":{"line":165,"column":null}},"loc":{"start":{"line":169,"column":12},"end":{"line":195,"column":null}},"line":169},"13":{"name":"(anonymous_13)","decl":{"start":{"line":174,"column":22},"end":{"line":174,"column":40}},"loc":{"start":{"line":174,"column":40},"end":{"line":192,"column":11}},"line":174},"14":{"name":"stopGameTimer","decl":{"start":{"line":198,"column":18},"end":{"line":198,"column":32}},"loc":{"start":{"line":198,"column":54},"end":{"line":204,"column":null}},"line":198},"15":{"name":"resolveDraw","decl":{"start":{"line":207,"column":18},"end":{"line":207,"column":30}},"loc":{"start":{"line":207,"column":64},"end":{"line":221,"column":null}},"line":207},"16":{"name":"joinQueue","decl":{"start":{"line":224,"column":18},"end":{"line":224,"column":28}},"loc":{"start":{"line":224,"column":142},"end":{"line":252,"column":null}},"line":224},"17":{"name":"leaveQueue","decl":{"start":{"line":254,"column":18},"end":{"line":254,"column":29}},"loc":{"start":{"line":254,"column":53},"end":{"line":259,"column":null}},"line":254},"18":{"name":"(anonymous_18)","decl":{"start":{"line":257,"column":70},"end":{"line":257,"column":77}},"loc":{"start":{"line":257,"column":83},"end":{"line":257,"column":98}},"line":257},"19":{"name":"resetGameForRematch","decl":{"start":{"line":262,"column":18},"end":{"line":262,"column":38}},"loc":{"start":{"line":262,"column":72},"end":{"line":276,"column":null}},"line":262},"20":{"name":"addChatMessage","decl":{"start":{"line":279,"column":18},"end":{"line":279,"column":33}},"loc":{"start":{"line":279,"column":77},"end":{"line":287,"column":null}},"line":279}},"branchMap":{"0":{"loc":{"start":{"line":48,"column":12},"end":{"line":50,"column":null}},"type":"if","locations":[{"start":{"line":48,"column":12},"end":{"line":50,"column":null}},{"start":{},"end":{}}],"line":48},"1":{"loc":{"start":{"line":74,"column":21},"end":{"line":74,"column":null}},"type":"cond-expr","locations":[{"start":{"line":74,"column":33},"end":{"line":74,"column":47}},{"start":{"line":74,"column":47},"end":{"line":74,"column":null}}],"line":74},"2":{"loc":{"start":{"line":75,"column":22},"end":{"line":75,"column":null}},"type":"cond-expr","locations":[{"start":{"line":75,"column":34},"end":{"line":75,"column":41}},{"start":{"line":75,"column":41},"end":{"line":75,"column":null}}],"line":75},"3":{"loc":{"start":{"line":85,"column":12},"end":{"line":87,"column":null}},"type":"if","locations":[{"start":{"line":85,"column":12},"end":{"line":87,"column":null}},{"start":{},"end":{}}],"line":85},"4":{"loc":{"start":{"line":106,"column":12},"end":{"line":108,"column":null}},"type":"if","locations":[{"start":{"line":106,"column":12},"end":{"line":108,"column":null}},{"start":{},"end":{}}],"line":106},"5":{"loc":{"start":{"line":106,"column":16},"end":{"line":106,"column":101}},"type":"binary-expr","locations":[{"start":{"line":106,"column":16},"end":{"line":106,"column":59}},{"start":{"line":106,"column":59},"end":{"line":106,"column":101}}],"line":106},"6":{"loc":{"start":{"line":115,"column":8},"end":{"line":115,"column":null}},"type":"if","locations":[{"start":{"line":115,"column":8},"end":{"line":115,"column":null}},{"start":{},"end":{}}],"line":115},"7":{"loc":{"start":{"line":118,"column":23},"end":{"line":118,"column":null}},"type":"cond-expr","locations":[{"start":{"line":118,"column":31},"end":{"line":118,"column":40}},{"start":{"line":118,"column":40},"end":{"line":118,"column":null}}],"line":118},"8":{"loc":{"start":{"line":139,"column":8},"end":{"line":142,"column":null}},"type":"if","locations":[{"start":{"line":139,"column":8},"end":{"line":142,"column":null}},{"start":{},"end":{}}],"line":139},"9":{"loc":{"start":{"line":149,"column":8},"end":{"line":149,"column":null}},"type":"if","locations":[{"start":{"line":149,"column":8},"end":{"line":149,"column":null}},{"start":{},"end":{}}],"line":149},"10":{"loc":{"start":{"line":149,"column":12},"end":{"line":149,"column":59}},"type":"binary-expr","locations":[{"start":{"line":149,"column":12},"end":{"line":149,"column":21}},{"start":{"line":149,"column":21},"end":{"line":149,"column":59}}],"line":149},"11":{"loc":{"start":{"line":151,"column":8},"end":{"line":157,"column":null}},"type":"if","locations":[{"start":{"line":151,"column":8},"end":{"line":157,"column":null}},{"start":{"line":153,"column":15},"end":{"line":157,"column":null}}],"line":151},"12":{"loc":{"start":{"line":153,"column":15},"end":{"line":157,"column":null}},"type":"if","locations":[{"start":{"line":153,"column":15},"end":{"line":157,"column":null}},{"start":{"line":155,"column":15},"end":{"line":157,"column":null}}],"line":153},"13":{"loc":{"start":{"line":170,"column":8},"end":{"line":172,"column":null}},"type":"if","locations":[{"start":{"line":170,"column":8},"end":{"line":172,"column":null}},{"start":{},"end":{}}],"line":170},"14":{"loc":{"start":{"line":176,"column":12},"end":{"line":179,"column":null}},"type":"if","locations":[{"start":{"line":176,"column":12},"end":{"line":179,"column":null}},{"start":{},"end":{}}],"line":176},"15":{"loc":{"start":{"line":176,"column":16},"end":{"line":176,"column":63}},"type":"binary-expr","locations":[{"start":{"line":176,"column":16},"end":{"line":176,"column":25}},{"start":{"line":176,"column":25},"end":{"line":176,"column":63}}],"line":176},"16":{"loc":{"start":{"line":186,"column":12},"end":{"line":191,"column":null}},"type":"if","locations":[{"start":{"line":186,"column":12},"end":{"line":191,"column":null}},{"start":{},"end":{}}],"line":186},"17":{"loc":{"start":{"line":189,"column":40},"end":{"line":189,"column":null}},"type":"cond-expr","locations":[{"start":{"line":189,"column":64},"end":{"line":189,"column":73}},{"start":{"line":189,"column":73},"end":{"line":189,"column":null}}],"line":189},"18":{"loc":{"start":{"line":200,"column":8},"end":{"line":203,"column":null}},"type":"if","locations":[{"start":{"line":200,"column":8},"end":{"line":203,"column":null}},{"start":{},"end":{}}],"line":200},"19":{"loc":{"start":{"line":209,"column":8},"end":{"line":209,"column":null}},"type":"if","locations":[{"start":{"line":209,"column":8},"end":{"line":209,"column":null}},{"start":{},"end":{}}],"line":209},"20":{"loc":{"start":{"line":209,"column":12},"end":{"line":209,"column":59}},"type":"binary-expr","locations":[{"start":{"line":209,"column":12},"end":{"line":209,"column":21}},{"start":{"line":209,"column":21},"end":{"line":209,"column":59}}],"line":209},"21":{"loc":{"start":{"line":228,"column":8},"end":{"line":251,"column":null}},"type":"if","locations":[{"start":{"line":228,"column":8},"end":{"line":251,"column":null}},{"start":{"line":248,"column":15},"end":{"line":251,"column":null}}],"line":228},"22":{"loc":{"start":{"line":235,"column":12},"end":{"line":239,"column":null}},"type":"if","locations":[{"start":{"line":235,"column":12},"end":{"line":239,"column":null}},{"start":{"line":237,"column":19},"end":{"line":239,"column":null}}],"line":235},"23":{"loc":{"start":{"line":264,"column":8},"end":{"line":264,"column":null}},"type":"if","locations":[{"start":{"line":264,"column":8},"end":{"line":264,"column":null}},{"start":{},"end":{}}],"line":264},"24":{"loc":{"start":{"line":269,"column":8},"end":{"line":273,"column":null}},"type":"if","locations":[{"start":{"line":269,"column":8},"end":{"line":273,"column":null}},{"start":{"line":271,"column":15},"end":{"line":273,"column":null}}],"line":269},"25":{"loc":{"start":{"line":271,"column":15},"end":{"line":273,"column":null}},"type":"if","locations":[{"start":{"line":271,"column":15},"end":{"line":273,"column":null}},{"start":{},"end":{}}],"line":271},"26":{"loc":{"start":{"line":281,"column":8},"end":{"line":286,"column":null}},"type":"if","locations":[{"start":{"line":281,"column":8},"end":{"line":286,"column":null}},{"start":{},"end":{}}],"line":281},"27":{"loc":{"start":{"line":282,"column":12},"end":{"line":284,"column":null}},"type":"if","locations":[{"start":{"line":282,"column":12},"end":{"line":284,"column":null}},{"start":{},"end":{}}],"line":282}},"s":{"0":1,"1":1,"2":1,"3":1,"4":1,"5":11,"6":17,"7":17,"8":17,"9":17,"10":17,"11":17,"12":17,"13":17,"14":17,"15":17,"16":17,"17":17,"18":17,"19":17,"20":35,"21":18,"22":17,"23":18,"24":3,"25":22,"26":3,"27":60,"28":40,"29":22,"30":2,"31":2,"32":0,"33":2,"34":2,"35":2,"36":2,"37":2,"38":2,"39":10,"40":2,"41":2,"42":2,"43":2,"44":1,"45":1,"46":0,"47":1,"48":0,"49":1,"50":1,"51":0,"52":1,"53":1,"54":17,"55":0,"56":17,"57":12,"58":12,"59":9,"60":9,"61":3,"62":3,"63":3,"64":3,"65":1,"66":1,"67":1,"68":1,"69":17,"70":14,"71":14,"72":14,"73":14,"74":1,"75":1,"76":0,"77":1,"78":1,"79":1,"80":1,"81":9,"82":9,"83":9,"84":1,"85":1,"86":1,"87":1,"88":1,"89":0,"90":1,"91":1,"92":8,"93":8,"94":58,"95":58,"96":174,"97":11,"98":1,"99":1,"100":0,"101":1,"102":1,"103":1,"104":0,"105":1,"106":0,"107":1,"108":0,"109":0,"110":0,"111":0,"112":0},"f":{"0":1,"1":1,"2":1,"3":1,"4":1,"5":1,"6":1,"7":1,"8":1,"9":1,"10":1,"11":1,"12":1,"13":12,"14":1,"15":1,"16":1,"17":1,"18":11,"19":1,"20":1},"b":{"0":[17,0],"1":[8,9],"2":[8,9],"3":[17,1],"4":[22,18],"5":[40,29],"6":[0,2],"7":[1,1],"8":[2,0],"9":[0,1],"10":[1,1],"11":[0,1],"12":[1,0],"13":[0,17],"14":[9,3],"15":[12,3],"16":[1,2],"17":[1,0],"18":[14,0],"19":[0,1],"20":[1,1],"21":[1,8],"22":[0,1],"23":[0,1],"24":[0,1],"25":[0,1],"26":[0,0],"27":[0,0]},"meta":{"lastBranch":28,"lastFunction":21,"lastStatement":113,"seen":{"s:21:59:21:Infinity":0,"s:23:67:23:Infinity":1,"s:25:61:25:Infinity":2,"s:27:42:27:Infinity":3,"s:30:66:34:Infinity":4,"f:36:18:36:61":0,"s:37:8:37:Infinity":5,"f:40:19:40:52":1,"s:41:31:41:Infinity":6,"s:42:32:42:Infinity":7,"s:44:8:51:Infinity":8,"s:45:12:45:Infinity":9,"s:47:33:47:Infinity":10,"b:48:12:50:Infinity:undefined:undefined:undefined:undefined":0,"s:48:12:50:Infinity":11,"s:49:16:49:Infinity":12,"s:53:8:53:Infinity":13,"f:56:18:56:29":2,"s:57:25:57:Infinity":14,"s:61:23:61:Infinity":15,"s:63:26:63:Infinity":16,"s:66:37:77:Infinity":17,"b:74:33:74:47:74:47:74:Infinity":1,"b:75:34:75:41:75:41:75:Infinity":2,"s:79:8:79:Infinity":18,"s:80:8:80:Infinity":19,"f:83:18:83:32":3,"s:84:8:88:Infinity":20,"b:85:12:87:Infinity:undefined:undefined:undefined:undefined":3,"s:85:12:87:Infinity":21,"s:86:16:86:Infinity":22,"s:89:8:89:Infinity":23,"f:92:18:92:29":4,"s:93:8:93:Infinity":24,"f:96:18:96:30":5,"s:97:8:97:Infinity":25,"f:100:18:100:29":6,"s:101:8:101:Infinity":26,"f:104:18:104:36":7,"s:105:8:109:Infinity":27,"b:106:12:108:Infinity:undefined:undefined:undefined:undefined":4,"s:106:12:108:Infinity":28,"b:106:16:106:59:106:59:106:101":5,"s:107:16:107:Infinity":29,"f:113:18:113:32":8,"s:114:21:114:Infinity":30,"b:115:8:115:Infinity:undefined:undefined:undefined:undefined":6,"s:115:8:115:Infinity":31,"s:115:19:115:Infinity":32,"s:117:22:117:Infinity":33,"s:118:23:118:Infinity":34,"b:118:31:118:40:118:40:118:Infinity":7,"s:120:40:124:Infinity":35,"s:126:8:126:Infinity":36,"s:127:8:127:Infinity":37,"s:129:8:129:Infinity":38,"f:133:18:133:37":9,"s:134:8:134:Infinity":39,"f:137:18:137:39":10,"s:138:22:138:Infinity":40,"b:139:8:142:Infinity:undefined:undefined:undefined:undefined":8,"s:139:8:142:Infinity":41,"s:140:12:140:Infinity":42,"s:141:12:141:Infinity":43,"f:146:18:146:34":11,"s:147:21:147:Infinity":44,"b:149:8:149:Infinity:undefined:undefined:undefined:undefined":9,"s:149:8:149:Infinity":45,"b:149:12:149:21:149:21:149:59":10,"s:149:59:149:Infinity":46,"b:151:8:157:Infinity:153:15:157:Infinity":11,"s:151:8:157:Infinity":47,"s:152:12:152:Infinity":48,"b:153:15:157:Infinity:155:15:157:Infinity":12,"s:153:15:157:Infinity":49,"s:154:12:154:Infinity":50,"s:156:12:156:Infinity":51,"s:159:8:159:Infinity":52,"s:161:8:161:Infinity":53,"f:165:18:165:Infinity":12,"b:170:8:172:Infinity:undefined:undefined:undefined:undefined":13,"s:170:8:172:Infinity":54,"s:171:12:171:Infinity":55,"s:174:22:192:Infinity":56,"f:174:22:174:40":13,"s:175:25:175:Infinity":57,"b:176:12:179:Infinity:undefined:undefined:undefined:undefined":14,"s:176:12:179:Infinity":58,"b:176:16:176:25:176:25:176:63":15,"s:177:16:177:Infinity":59,"s:178:16:178:Infinity":60,"s:181:32:181:Infinity":61,"s:182:12:182:Infinity":62,"s:184:12:184:Infinity":63,"b:186:12:191:Infinity:undefined:undefined:undefined:undefined":16,"s:186:12:191:Infinity":64,"s:187:16:187:Infinity":65,"s:188:16:188:Infinity":66,"s:189:16:189:Infinity":67,"b:189:64:189:73:189:73:189:Infinity":17,"s:190:16:190:Infinity":68,"s:194:8:194:Infinity":69,"f:198:18:198:32":14,"s:199:22:199:Infinity":70,"b:200:8:203:Infinity:undefined:undefined:undefined:undefined":18,"s:200:8:203:Infinity":71,"s:201:12:201:Infinity":72,"s:202:12:202:Infinity":73,"f:207:18:207:30":15,"s:208:21:208:Infinity":74,"b:209:8:209:Infinity:undefined:undefined:undefined:undefined":19,"s:209:8:209:Infinity":75,"b:209:12:209:21:209:21:209:59":20,"s:209:59:209:Infinity":76,"s:211:40:215:Infinity":77,"s:217:8:217:Infinity":78,"s:218:8:218:Infinity":79,"s:220:8:220:Infinity":80,"f:224:18:224:28":16,"s:225:8:225:Infinity":81,"s:227:22:227:Infinity":82,"b:228:8:251:Infinity:248:15:251:Infinity":21,"s:228:8:251:Infinity":83,"s:229:31:229:Infinity":84,"s:231:47:231:Infinity":85,"s:232:48:232:Infinity":86,"s:233:28:233:Infinity":87,"b:235:12:239:Infinity:237:19:239:Infinity":22,"s:235:12:239:Infinity":88,"s:236:16:236:Infinity":89,"s:238:16:238:Infinity":90,"s:242:12:247:Infinity":91,"s:249:12:249:Infinity":92,"s:250:12:250:Infinity":93,"f:254:18:254:29":17,"s:255:34:255:Infinity":94,"s:256:8:258:Infinity":95,"s:257:12:257:Infinity":96,"f:257:70:257:77":18,"s:257:83:257:98":97,"f:262:18:262:38":19,"s:263:21:263:Infinity":98,"b:264:8:264:Infinity:undefined:undefined:undefined:undefined":23,"s:264:8:264:Infinity":99,"s:264:19:264:Infinity":100,"s:266:8:266:Infinity":101,"s:267:8:267:Infinity":102,"b:269:8:273:Infinity:271:15:273:Infinity":24,"s:269:8:273:Infinity":103,"s:270:12:270:Infinity":104,"b:271:15:273:Infinity:undefined:undefined:undefined:undefined":25,"s:271:15:273:Infinity":105,"s:272:12:272:Infinity":106,"s:275:8:275:Infinity":107,"f:279:18:279:33":20,"s:280:21:280:Infinity":108,"b:281:8:286:Infinity:undefined:undefined:undefined:undefined":26,"s:281:8:286:Infinity":109,"b:282:12:284:Infinity:undefined:undefined:undefined:undefined":27,"s:282:12:284:Infinity":110,"s:283:16:283:Infinity":111,"s:285:12:285:Infinity":112},"fnNames":{}}}
,"C:\\Dev\\Uni\\TFG\\tfg-onitama\\backend\\src\\network\\SocketHandler.ts": {"path":"C:\\Dev\\Uni\\TFG\\tfg-onitama\\backend\\src\\network\\SocketHandler.ts","statementMap":{"0":{"start":{"line":8,"column":4},"end":{"line":378,"column":null}},"1":{"start":{"line":9,"column":8},"end":{"line":9,"column":null}},"2":{"start":{"line":12,"column":8},"end":{"line":25,"column":null}},"3":{"start":{"line":13,"column":47},"end":{"line":16,"column":null}},"4":{"start":{"line":18,"column":25},"end":{"line":18,"column":null}},"5":{"start":{"line":20,"column":12},"end":{"line":20,"column":null}},"6":{"start":{"line":22,"column":12},"end":{"line":22,"column":null}},"7":{"start":{"line":24,"column":12},"end":{"line":24,"column":null}},"8":{"start":{"line":28,"column":8},"end":{"line":99,"column":null}},"9":{"start":{"line":29,"column":44},"end":{"line":29,"column":null}},"10":{"start":{"line":30,"column":48},"end":{"line":33,"column":null}},"11":{"start":{"line":35,"column":25},"end":{"line":35,"column":null}},"12":{"start":{"line":38,"column":12},"end":{"line":40,"column":null}},"13":{"start":{"line":39,"column":16},"end":{"line":39,"column":null}},"14":{"start":{"line":42,"column":27},"end":{"line":42,"column":null}},"15":{"start":{"line":45,"column":31},"end":{"line":45,"column":null}},"16":{"start":{"line":46,"column":31},"end":{"line":46,"column":null}},"17":{"start":{"line":48,"column":12},"end":{"line":52,"column":null}},"18":{"start":{"line":49,"column":16},"end":{"line":49,"column":null}},"19":{"start":{"line":50,"column":19},"end":{"line":52,"column":null}},"20":{"start":{"line":51,"column":16},"end":{"line":51,"column":null}},"21":{"start":{"line":54,"column":12},"end":{"line":54,"column":null}},"22":{"start":{"line":55,"column":12},"end":{"line":55,"column":null}},"23":{"start":{"line":57,"column":12},"end":{"line":61,"column":null}},"24":{"start":{"line":58,"column":16},"end":{"line":58,"column":null}},"25":{"start":{"line":59,"column":19},"end":{"line":61,"column":null}},"26":{"start":{"line":60,"column":16},"end":{"line":60,"column":null}},"27":{"start":{"line":64,"column":27},"end":{"line":64,"column":null}},"28":{"start":{"line":66,"column":12},"end":{"line":97,"column":null}},"29":{"start":{"line":68,"column":37},"end":{"line":68,"column":null}},"30":{"start":{"line":69,"column":16},"end":{"line":69,"column":null}},"31":{"start":{"line":71,"column":16},"end":{"line":75,"column":null}},"32":{"start":{"line":72,"column":20},"end":{"line":72,"column":null}},"33":{"start":{"line":73,"column":23},"end":{"line":75,"column":null}},"34":{"start":{"line":74,"column":20},"end":{"line":74,"column":null}},"35":{"start":{"line":77,"column":39},"end":{"line":80,"column":null}},"36":{"start":{"line":82,"column":16},"end":{"line":82,"column":null}},"37":{"start":{"line":83,"column":16},"end":{"line":94,"column":null}},"38":{"start":{"line":84,"column":20},"end":{"line":93,"column":null}},"39":{"start":{"line":86,"column":28},"end":{"line":86,"column":null}},"40":{"start":{"line":90,"column":28},"end":{"line":90,"column":null}},"41":{"start":{"line":91,"column":28},"end":{"line":91,"column":null}},"42":{"start":{"line":96,"column":16},"end":{"line":96,"column":null}},"43":{"start":{"line":101,"column":8},"end":{"line":127,"column":null}},"44":{"start":{"line":102,"column":25},"end":{"line":102,"column":null}},"45":{"start":{"line":104,"column":12},"end":{"line":106,"column":null}},"46":{"start":{"line":105,"column":16},"end":{"line":105,"column":null}},"47":{"start":{"line":108,"column":12},"end":{"line":110,"column":null}},"48":{"start":{"line":109,"column":16},"end":{"line":109,"column":null}},"49":{"start":{"line":112,"column":12},"end":{"line":126,"column":null}},"50":{"start":{"line":113,"column":33},"end":{"line":113,"column":null}},"51":{"start":{"line":114,"column":16},"end":{"line":114,"column":null}},"52":{"start":{"line":116,"column":16},"end":{"line":116,"column":null}},"53":{"start":{"line":118,"column":16},"end":{"line":121,"column":null}},"54":{"start":{"line":119,"column":20},"end":{"line":119,"column":null}},"55":{"start":{"line":124,"column":16},"end":{"line":124,"column":null}},"56":{"start":{"line":125,"column":16},"end":{"line":125,"column":null}},"57":{"start":{"line":129,"column":8},"end":{"line":140,"column":null}},"58":{"start":{"line":130,"column":25},"end":{"line":130,"column":null}},"59":{"start":{"line":132,"column":12},"end":{"line":139,"column":null}},"60":{"start":{"line":133,"column":16},"end":{"line":133,"column":null}},"61":{"start":{"line":135,"column":16},"end":{"line":135,"column":null}},"62":{"start":{"line":136,"column":16},"end":{"line":136,"column":null}},"63":{"start":{"line":137,"column":16},"end":{"line":137,"column":null}},"64":{"start":{"line":138,"column":16},"end":{"line":138,"column":null}},"65":{"start":{"line":143,"column":8},"end":{"line":145,"column":null}},"66":{"start":{"line":144,"column":12},"end":{"line":144,"column":null}},"67":{"start":{"line":148,"column":8},"end":{"line":165,"column":null}},"68":{"start":{"line":149,"column":25},"end":{"line":149,"column":null}},"69":{"start":{"line":150,"column":12},"end":{"line":152,"column":null}},"70":{"start":{"line":151,"column":16},"end":{"line":151,"column":null}},"71":{"start":{"line":154,"column":12},"end":{"line":164,"column":null}},"72":{"start":{"line":155,"column":41},"end":{"line":155,"column":null}},"73":{"start":{"line":157,"column":16},"end":{"line":161,"column":null}},"74":{"start":{"line":158,"column":20},"end":{"line":158,"column":null}},"75":{"start":{"line":159,"column":20},"end":{"line":159,"column":null}},"76":{"start":{"line":163,"column":16},"end":{"line":163,"column":null}},"77":{"start":{"line":168,"column":8},"end":{"line":203,"column":null}},"78":{"start":{"line":169,"column":12},"end":{"line":169,"column":null}},"79":{"start":{"line":171,"column":12},"end":{"line":171,"column":null}},"80":{"start":{"line":173,"column":30},"end":{"line":173,"column":null}},"81":{"start":{"line":175,"column":25},"end":{"line":175,"column":null}},"82":{"start":{"line":177,"column":12},"end":{"line":177,"column":null}},"83":{"start":{"line":177,"column":63},"end":{"line":177,"column":null}},"84":{"start":{"line":179,"column":12},"end":{"line":182,"column":null}},"85":{"start":{"line":184,"column":26},"end":{"line":198,"column":null}},"86":{"start":{"line":185,"column":16},"end":{"line":197,"column":null}},"87":{"start":{"line":186,"column":45},"end":{"line":186,"column":null}},"88":{"start":{"line":188,"column":20},"end":{"line":194,"column":null}},"89":{"start":{"line":189,"column":24},"end":{"line":189,"column":null}},"90":{"start":{"line":190,"column":24},"end":{"line":190,"column":null}},"91":{"start":{"line":191,"column":24},"end":{"line":191,"column":null}},"92":{"start":{"line":192,"column":24},"end":{"line":192,"column":null}},"93":{"start":{"line":193,"column":24},"end":{"line":193,"column":null}},"94":{"start":{"line":196,"column":20},"end":{"line":196,"column":null}},"95":{"start":{"line":200,"column":12},"end":{"line":200,"column":null}},"96":{"start":{"line":201,"column":12},"end":{"line":201,"column":null}},"97":{"start":{"line":206,"column":8},"end":{"line":229,"column":null}},"98":{"start":{"line":207,"column":12},"end":{"line":228,"column":null}},"99":{"start":{"line":208,"column":29},"end":{"line":212,"column":null}},"100":{"start":{"line":214,"column":16},"end":{"line":225,"column":null}},"101":{"start":{"line":215,"column":20},"end":{"line":215,"column":null}},"102":{"start":{"line":217,"column":20},"end":{"line":220,"column":null}},"103":{"start":{"line":222,"column":20},"end":{"line":222,"column":null}},"104":{"start":{"line":224,"column":20},"end":{"line":224,"column":null}},"105":{"start":{"line":227,"column":16},"end":{"line":227,"column":null}},"106":{"start":{"line":232,"column":8},"end":{"line":238,"column":null}},"107":{"start":{"line":233,"column":25},"end":{"line":233,"column":null}},"108":{"start":{"line":235,"column":12},"end":{"line":237,"column":null}},"109":{"start":{"line":236,"column":16},"end":{"line":236,"column":null}},"110":{"start":{"line":241,"column":8},"end":{"line":247,"column":null}},"111":{"start":{"line":242,"column":25},"end":{"line":242,"column":null}},"112":{"start":{"line":244,"column":12},"end":{"line":246,"column":null}},"113":{"start":{"line":245,"column":16},"end":{"line":245,"column":null}},"114":{"start":{"line":249,"column":8},"end":{"line":267,"column":null}},"115":{"start":{"line":250,"column":25},"end":{"line":250,"column":null}},"116":{"start":{"line":252,"column":12},"end":{"line":254,"column":null}},"117":{"start":{"line":253,"column":16},"end":{"line":253,"column":null}},"118":{"start":{"line":256,"column":12},"end":{"line":266,"column":null}},"119":{"start":{"line":257,"column":35},"end":{"line":257,"column":null}},"120":{"start":{"line":259,"column":16},"end":{"line":263,"column":null}},"121":{"start":{"line":260,"column":20},"end":{"line":260,"column":null}},"122":{"start":{"line":261,"column":20},"end":{"line":261,"column":null}},"123":{"start":{"line":265,"column":16},"end":{"line":265,"column":null}},"124":{"start":{"line":270,"column":8},"end":{"line":313,"column":null}},"125":{"start":{"line":271,"column":29},"end":{"line":271,"column":null}},"126":{"start":{"line":273,"column":27},"end":{"line":273,"column":null}},"127":{"start":{"line":274,"column":12},"end":{"line":274,"column":null}},"128":{"start":{"line":275,"column":12},"end":{"line":312,"column":null}},"129":{"start":{"line":277,"column":16},"end":{"line":277,"column":null}},"130":{"start":{"line":278,"column":39},"end":{"line":278,"column":null}},"131":{"start":{"line":279,"column":16},"end":{"line":281,"column":null}},"132":{"start":{"line":280,"column":20},"end":{"line":280,"column":null}},"133":{"start":{"line":283,"column":16},"end":{"line":287,"column":null}},"134":{"start":{"line":289,"column":29},"end":{"line":289,"column":null}},"135":{"start":{"line":291,"column":16},"end":{"line":308,"column":null}},"136":{"start":{"line":292,"column":20},"end":{"line":292,"column":null}},"137":{"start":{"line":294,"column":20},"end":{"line":298,"column":null}},"138":{"start":{"line":295,"column":24},"end":{"line":295,"column":null}},"139":{"start":{"line":296,"column":27},"end":{"line":298,"column":null}},"140":{"start":{"line":297,"column":24},"end":{"line":297,"column":null}},"141":{"start":{"line":299,"column":20},"end":{"line":299,"column":null}},"142":{"start":{"line":300,"column":20},"end":{"line":300,"column":null}},"143":{"start":{"line":302,"column":20},"end":{"line":307,"column":null}},"144":{"start":{"line":303,"column":24},"end":{"line":306,"column":null}},"145":{"start":{"line":304,"column":47},"end":{"line":304,"column":null}},"146":{"start":{"line":305,"column":44},"end":{"line":305,"column":null}},"147":{"start":{"line":311,"column":16},"end":{"line":311,"column":null}},"148":{"start":{"line":315,"column":8},"end":{"line":318,"column":null}},"149":{"start":{"line":316,"column":12},"end":{"line":316,"column":null}},"150":{"start":{"line":317,"column":12},"end":{"line":317,"column":null}},"151":{"start":{"line":321,"column":8},"end":{"line":328,"column":null}},"152":{"start":{"line":322,"column":12},"end":{"line":322,"column":null}},"153":{"start":{"line":323,"column":27},"end":{"line":323,"column":null}},"154":{"start":{"line":324,"column":12},"end":{"line":324,"column":null}},"155":{"start":{"line":325,"column":12},"end":{"line":327,"column":null}},"156":{"start":{"line":326,"column":16},"end":{"line":326,"column":null}},"157":{"start":{"line":330,"column":8},"end":{"line":336,"column":null}},"158":{"start":{"line":331,"column":27},"end":{"line":331,"column":null}},"159":{"start":{"line":332,"column":12},"end":{"line":335,"column":null}},"160":{"start":{"line":333,"column":16},"end":{"line":333,"column":null}},"161":{"start":{"line":334,"column":16},"end":{"line":334,"column":null}},"162":{"start":{"line":338,"column":8},"end":{"line":358,"column":null}},"163":{"start":{"line":339,"column":26},"end":{"line":339,"column":null}},"164":{"start":{"line":340,"column":12},"end":{"line":357,"column":null}},"165":{"start":{"line":341,"column":37},"end":{"line":341,"column":null}},"166":{"start":{"line":343,"column":16},"end":{"line":356,"column":null}},"167":{"start":{"line":345,"column":20},"end":{"line":345,"column":null}},"168":{"start":{"line":347,"column":20},"end":{"line":355,"column":null}},"169":{"start":{"line":348,"column":24},"end":{"line":354,"column":null}},"170":{"start":{"line":349,"column":47},"end":{"line":349,"column":null}},"171":{"start":{"line":351,"column":32},"end":{"line":351,"column":null}},"172":{"start":{"line":352,"column":32},"end":{"line":352,"column":null}},"173":{"start":{"line":361,"column":8},"end":{"line":376,"column":null}},"174":{"start":{"line":362,"column":12},"end":{"line":362,"column":null}},"175":{"start":{"line":363,"column":25},"end":{"line":363,"column":null}},"176":{"start":{"line":364,"column":12},"end":{"line":375,"column":null}},"177":{"start":{"line":365,"column":29},"end":{"line":365,"column":null}},"178":{"start":{"line":366,"column":36},"end":{"line":371,"column":null}},"179":{"start":{"line":373,"column":16},"end":{"line":373,"column":null}},"180":{"start":{"line":374,"column":16},"end":{"line":374,"column":null}}},"fnMap":{"0":{"name":"registerSocketEvents","decl":{"start":{"line":5,"column":16},"end":{"line":5,"column":37}},"loc":{"start":{"line":5,"column":49},"end":{"line":381,"column":null}},"line":5},"1":{"name":"(anonymous_1)","decl":{"start":{"line":8,"column":10},"end":{"line":8,"column":25}},"loc":{"start":{"line":8,"column":44},"end":{"line":378,"column":5}},"line":8},"2":{"name":"(anonymous_2)","decl":{"start":{"line":12,"column":31},"end":{"line":12,"column":46}},"loc":{"start":{"line":12,"column":94},"end":{"line":25,"column":9}},"line":12},"3":{"name":"(anonymous_3)","decl":{"start":{"line":28,"column":31},"end":{"line":28,"column":43}},"loc":{"start":{"line":28,"column":96},"end":{"line":99,"column":9}},"line":28},"4":{"name":"(anonymous_4)","decl":{"start":{"line":84,"column":47},"end":{"line":84,"column":null}},"loc":{"start":{"line":85,"column":43},"end":{"line":87,"column":null}},"line":85},"5":{"name":"(anonymous_5)","decl":{"start":{"line":87,"column":24},"end":{"line":87,"column":null}},"loc":{"start":{"line":89,"column":40},"end":{"line":92,"column":null}},"line":89},"6":{"name":"(anonymous_6)","decl":{"start":{"line":101,"column":31},"end":{"line":101,"column":45}},"loc":{"start":{"line":101,"column":142},"end":{"line":127,"column":9}},"line":101},"7":{"name":"(anonymous_7)","decl":{"start":{"line":129,"column":31},"end":{"line":129,"column":49}},"loc":{"start":{"line":129,"column":49},"end":{"line":140,"column":9}},"line":129},"8":{"name":"(anonymous_8)","decl":{"start":{"line":143,"column":31},"end":{"line":143,"column":39}},"loc":{"start":{"line":143,"column":62},"end":{"line":145,"column":9}},"line":143},"9":{"name":"(anonymous_9)","decl":{"start":{"line":148,"column":31},"end":{"line":148,"column":48}},"loc":{"start":{"line":148,"column":48},"end":{"line":165,"column":9}},"line":148},"10":{"name":"(anonymous_10)","decl":{"start":{"line":168,"column":18},"end":{"line":168,"column":38}},"loc":{"start":{"line":168,"column":38},"end":{"line":203,"column":9}},"line":168},"11":{"name":"(anonymous_11)","decl":{"start":{"line":184,"column":26},"end":{"line":184,"column":43}},"loc":{"start":{"line":184,"column":43},"end":{"line":198,"column":15}},"line":184},"12":{"name":"(anonymous_12)","decl":{"start":{"line":206,"column":31},"end":{"line":206,"column":51}},"loc":{"start":{"line":206,"column":81},"end":{"line":229,"column":9}},"line":206},"13":{"name":"(anonymous_13)","decl":{"start":{"line":232,"column":31},"end":{"line":232,"column":49}},"loc":{"start":{"line":232,"column":49},"end":{"line":238,"column":9}},"line":232},"14":{"name":"(anonymous_14)","decl":{"start":{"line":241,"column":31},"end":{"line":241,"column":50}},"loc":{"start":{"line":241,"column":50},"end":{"line":247,"column":9}},"line":241},"15":{"name":"(anonymous_15)","decl":{"start":{"line":249,"column":31},"end":{"line":249,"column":50}},"loc":{"start":{"line":249,"column":50},"end":{"line":267,"column":9}},"line":249},"16":{"name":"(anonymous_16)","decl":{"start":{"line":270,"column":31},"end":{"line":270,"column":44}},"loc":{"start":{"line":270,"column":73},"end":{"line":313,"column":9}},"line":270},"17":{"name":"(anonymous_17)","decl":{"start":{"line":303,"column":56},"end":{"line":303,"column":null}},"loc":{"start":{"line":304,"column":47},"end":{"line":304,"column":null}},"line":304},"18":{"name":"(anonymous_18)","decl":{"start":{"line":304,"column":112},"end":{"line":304,"column":null}},"loc":{"start":{"line":305,"column":44},"end":{"line":305,"column":null}},"line":305},"19":{"name":"(anonymous_19)","decl":{"start":{"line":315,"column":31},"end":{"line":315,"column":50}},"loc":{"start":{"line":315,"column":50},"end":{"line":318,"column":9}},"line":315},"20":{"name":"(anonymous_20)","decl":{"start":{"line":321,"column":31},"end":{"line":321,"column":52}},"loc":{"start":{"line":321,"column":52},"end":{"line":328,"column":9}},"line":321},"21":{"name":"(anonymous_21)","decl":{"start":{"line":330,"column":31},"end":{"line":330,"column":53}},"loc":{"start":{"line":330,"column":53},"end":{"line":336,"column":9}},"line":330},"22":{"name":"(anonymous_22)","decl":{"start":{"line":338,"column":31},"end":{"line":338,"column":53}},"loc":{"start":{"line":338,"column":53},"end":{"line":358,"column":9}},"line":338},"23":{"name":"(anonymous_23)","decl":{"start":{"line":348,"column":56},"end":{"line":348,"column":null}},"loc":{"start":{"line":349,"column":47},"end":{"line":349,"column":null}},"line":349},"24":{"name":"(anonymous_24)","decl":{"start":{"line":349,"column":112},"end":{"line":349,"column":null}},"loc":{"start":{"line":350,"column":44},"end":{"line":353,"column":null}},"line":350},"25":{"name":"(anonymous_25)","decl":{"start":{"line":361,"column":31},"end":{"line":361,"column":46}},"loc":{"start":{"line":361,"column":83},"end":{"line":376,"column":9}},"line":361}},"branchMap":{"0":{"loc":{"start":{"line":38,"column":12},"end":{"line":40,"column":null}},"type":"if","locations":[{"start":{"line":38,"column":12},"end":{"line":40,"column":null}},{"start":{},"end":{}}],"line":38},"1":{"loc":{"start":{"line":46,"column":31},"end":{"line":46,"column":null}},"type":"cond-expr","locations":[{"start":{"line":46,"column":44},"end":{"line":46,"column":62}},{"start":{"line":46,"column":62},"end":{"line":46,"column":null}}],"line":46},"2":{"loc":{"start":{"line":48,"column":12},"end":{"line":52,"column":null}},"type":"if","locations":[{"start":{"line":48,"column":12},"end":{"line":52,"column":null}},{"start":{"line":50,"column":19},"end":{"line":52,"column":null}}],"line":48},"3":{"loc":{"start":{"line":50,"column":19},"end":{"line":52,"column":null}},"type":"if","locations":[{"start":{"line":50,"column":19},"end":{"line":52,"column":null}},{"start":{},"end":{}}],"line":50},"4":{"loc":{"start":{"line":57,"column":12},"end":{"line":61,"column":null}},"type":"if","locations":[{"start":{"line":57,"column":12},"end":{"line":61,"column":null}},{"start":{"line":59,"column":19},"end":{"line":61,"column":null}}],"line":57},"5":{"loc":{"start":{"line":59,"column":19},"end":{"line":61,"column":null}},"type":"if","locations":[{"start":{"line":59,"column":19},"end":{"line":61,"column":null}},{"start":{},"end":{}}],"line":59},"6":{"loc":{"start":{"line":66,"column":12},"end":{"line":97,"column":null}},"type":"if","locations":[{"start":{"line":66,"column":12},"end":{"line":97,"column":null}},{"start":{},"end":{}}],"line":66},"7":{"loc":{"start":{"line":71,"column":16},"end":{"line":75,"column":null}},"type":"if","locations":[{"start":{"line":71,"column":16},"end":{"line":75,"column":null}},{"start":{"line":73,"column":23},"end":{"line":75,"column":null}}],"line":71},"8":{"loc":{"start":{"line":73,"column":23},"end":{"line":75,"column":null}},"type":"if","locations":[{"start":{"line":73,"column":23},"end":{"line":75,"column":null}},{"start":{},"end":{}}],"line":73},"9":{"loc":{"start":{"line":83,"column":16},"end":{"line":94,"column":null}},"type":"if","locations":[{"start":{"line":83,"column":16},"end":{"line":94,"column":null}},{"start":{},"end":{}}],"line":83},"10":{"loc":{"start":{"line":104,"column":12},"end":{"line":106,"column":null}},"type":"if","locations":[{"start":{"line":104,"column":12},"end":{"line":106,"column":null}},{"start":{},"end":{}}],"line":104},"11":{"loc":{"start":{"line":104,"column":16},"end":{"line":104,"column":42}},"type":"binary-expr","locations":[{"start":{"line":104,"column":16},"end":{"line":104,"column":25}},{"start":{"line":104,"column":25},"end":{"line":104,"column":42}}],"line":104},"12":{"loc":{"start":{"line":108,"column":12},"end":{"line":110,"column":null}},"type":"if","locations":[{"start":{"line":108,"column":12},"end":{"line":110,"column":null}},{"start":{},"end":{}}],"line":108},"13":{"loc":{"start":{"line":118,"column":16},"end":{"line":121,"column":null}},"type":"if","locations":[{"start":{"line":118,"column":16},"end":{"line":121,"column":null}},{"start":{},"end":{}}],"line":118},"14":{"loc":{"start":{"line":132,"column":12},"end":{"line":139,"column":null}},"type":"if","locations":[{"start":{"line":132,"column":12},"end":{"line":139,"column":null}},{"start":{},"end":{}}],"line":132},"15":{"loc":{"start":{"line":150,"column":12},"end":{"line":152,"column":null}},"type":"if","locations":[{"start":{"line":150,"column":12},"end":{"line":152,"column":null}},{"start":{},"end":{}}],"line":150},"16":{"loc":{"start":{"line":157,"column":16},"end":{"line":161,"column":null}},"type":"if","locations":[{"start":{"line":157,"column":16},"end":{"line":161,"column":null}},{"start":{},"end":{}}],"line":157},"17":{"loc":{"start":{"line":177,"column":12},"end":{"line":177,"column":null}},"type":"if","locations":[{"start":{"line":177,"column":12},"end":{"line":177,"column":null}},{"start":{},"end":{}}],"line":177},"18":{"loc":{"start":{"line":177,"column":16},"end":{"line":177,"column":63}},"type":"binary-expr","locations":[{"start":{"line":177,"column":16},"end":{"line":177,"column":25}},{"start":{"line":177,"column":25},"end":{"line":177,"column":63}}],"line":177},"19":{"loc":{"start":{"line":188,"column":20},"end":{"line":194,"column":null}},"type":"if","locations":[{"start":{"line":188,"column":20},"end":{"line":194,"column":null}},{"start":{},"end":{}}],"line":188},"20":{"loc":{"start":{"line":214,"column":16},"end":{"line":225,"column":null}},"type":"if","locations":[{"start":{"line":214,"column":16},"end":{"line":225,"column":null}},{"start":{"line":223,"column":23},"end":{"line":225,"column":null}}],"line":214},"21":{"loc":{"start":{"line":235,"column":12},"end":{"line":237,"column":null}},"type":"if","locations":[{"start":{"line":235,"column":12},"end":{"line":237,"column":null}},{"start":{},"end":{}}],"line":235},"22":{"loc":{"start":{"line":244,"column":12},"end":{"line":246,"column":null}},"type":"if","locations":[{"start":{"line":244,"column":12},"end":{"line":246,"column":null}},{"start":{},"end":{}}],"line":244},"23":{"loc":{"start":{"line":252,"column":12},"end":{"line":254,"column":null}},"type":"if","locations":[{"start":{"line":252,"column":12},"end":{"line":254,"column":null}},{"start":{},"end":{}}],"line":252},"24":{"loc":{"start":{"line":252,"column":16},"end":{"line":252,"column":63}},"type":"binary-expr","locations":[{"start":{"line":252,"column":16},"end":{"line":252,"column":25}},{"start":{"line":252,"column":25},"end":{"line":252,"column":63}}],"line":252},"25":{"loc":{"start":{"line":259,"column":16},"end":{"line":263,"column":null}},"type":"if","locations":[{"start":{"line":259,"column":16},"end":{"line":263,"column":null}},{"start":{},"end":{}}],"line":259},"26":{"loc":{"start":{"line":275,"column":12},"end":{"line":312,"column":null}},"type":"if","locations":[{"start":{"line":275,"column":12},"end":{"line":312,"column":null}},{"start":{"line":310,"column":19},"end":{"line":312,"column":null}}],"line":275},"27":{"loc":{"start":{"line":275,"column":16},"end":{"line":275,"column":72}},"type":"binary-expr","locations":[{"start":{"line":275,"column":16},"end":{"line":275,"column":37}},{"start":{"line":275,"column":37},"end":{"line":275,"column":54}},{"start":{"line":275,"column":54},"end":{"line":275,"column":72}}],"line":275},"28":{"loc":{"start":{"line":279,"column":16},"end":{"line":281,"column":null}},"type":"if","locations":[{"start":{"line":279,"column":16},"end":{"line":281,"column":null}},{"start":{},"end":{}}],"line":279},"29":{"loc":{"start":{"line":291,"column":16},"end":{"line":308,"column":null}},"type":"if","locations":[{"start":{"line":291,"column":16},"end":{"line":308,"column":null}},{"start":{},"end":{}}],"line":291},"30":{"loc":{"start":{"line":294,"column":20},"end":{"line":298,"column":null}},"type":"if","locations":[{"start":{"line":294,"column":20},"end":{"line":298,"column":null}},{"start":{"line":296,"column":27},"end":{"line":298,"column":null}}],"line":294},"31":{"loc":{"start":{"line":296,"column":27},"end":{"line":298,"column":null}},"type":"if","locations":[{"start":{"line":296,"column":27},"end":{"line":298,"column":null}},{"start":{},"end":{}}],"line":296},"32":{"loc":{"start":{"line":302,"column":20},"end":{"line":307,"column":null}},"type":"if","locations":[{"start":{"line":302,"column":20},"end":{"line":307,"column":null}},{"start":{},"end":{}}],"line":302},"33":{"loc":{"start":{"line":325,"column":12},"end":{"line":327,"column":null}},"type":"if","locations":[{"start":{"line":325,"column":12},"end":{"line":327,"column":null}},{"start":{},"end":{}}],"line":325},"34":{"loc":{"start":{"line":332,"column":12},"end":{"line":335,"column":null}},"type":"if","locations":[{"start":{"line":332,"column":12},"end":{"line":335,"column":null}},{"start":{},"end":{}}],"line":332},"35":{"loc":{"start":{"line":340,"column":12},"end":{"line":357,"column":null}},"type":"if","locations":[{"start":{"line":340,"column":12},"end":{"line":357,"column":null}},{"start":{},"end":{}}],"line":340},"36":{"loc":{"start":{"line":343,"column":16},"end":{"line":356,"column":null}},"type":"if","locations":[{"start":{"line":343,"column":16},"end":{"line":356,"column":null}},{"start":{},"end":{}}],"line":343},"37":{"loc":{"start":{"line":347,"column":20},"end":{"line":355,"column":null}},"type":"if","locations":[{"start":{"line":347,"column":20},"end":{"line":355,"column":null}},{"start":{},"end":{}}],"line":347},"38":{"loc":{"start":{"line":364,"column":12},"end":{"line":375,"column":null}},"type":"if","locations":[{"start":{"line":364,"column":12},"end":{"line":375,"column":null}},{"start":{},"end":{}}],"line":364},"39":{"loc":{"start":{"line":365,"column":29},"end":{"line":365,"column":null}},"type":"cond-expr","locations":[{"start":{"line":365,"column":72},"end":{"line":365,"column":96}},{"start":{"line":365,"column":96},"end":{"line":365,"column":null}}],"line":365},"40":{"loc":{"start":{"line":368,"column":26},"end":{"line":368,"column":null}},"type":"binary-expr","locations":[{"start":{"line":368,"column":26},"end":{"line":368,"column":34}},{"start":{"line":368,"column":34},"end":{"line":368,"column":null}}],"line":368}},"s":{"0":5,"1":48,"2":48,"3":16,"4":16,"5":16,"6":16,"7":16,"8":48,"9":17,"10":17,"11":17,"12":17,"13":1,"14":16,"15":16,"16":16,"17":17,"18":0,"19":16,"20":1,"21":15,"22":15,"23":15,"24":7,"25":8,"26":8,"27":15,"28":15,"29":15,"30":15,"31":15,"32":0,"33":15,"34":0,"35":15,"36":15,"37":15,"38":15,"39":2,"40":1,"41":1,"42":15,"43":48,"44":3,"45":3,"46":0,"47":3,"48":0,"49":3,"50":3,"51":3,"52":3,"53":3,"54":0,"55":2,"56":2,"57":48,"58":0,"59":0,"60":0,"61":0,"62":0,"63":0,"64":0,"65":48,"66":1,"67":48,"68":1,"69":1,"70":0,"71":1,"72":1,"73":1,"74":1,"75":1,"76":0,"77":48,"78":48,"79":48,"80":48,"81":48,"82":48,"83":38,"84":10,"85":10,"86":1,"87":1,"88":1,"89":1,"90":1,"91":1,"92":1,"93":1,"94":0,"95":10,"96":10,"97":48,"98":1,"99":1,"100":1,"101":1,"102":1,"103":1,"104":0,"105":0,"106":48,"107":2,"108":2,"109":2,"110":48,"111":1,"112":1,"113":1,"114":48,"115":1,"116":1,"117":0,"118":1,"119":1,"120":1,"121":1,"122":1,"123":0,"124":48,"125":9,"126":9,"127":9,"128":9,"129":1,"130":1,"131":1,"132":1,"133":1,"134":1,"135":1,"136":1,"137":1,"138":1,"139":0,"140":0,"141":1,"142":1,"143":1,"144":1,"145":0,"146":0,"147":8,"148":48,"149":1,"150":1,"151":48,"152":2,"153":2,"154":2,"155":2,"156":2,"157":48,"158":1,"159":1,"160":1,"161":1,"162":48,"163":1,"164":1,"165":1,"166":1,"167":1,"168":1,"169":1,"170":1,"171":0,"172":0,"173":48,"174":0,"175":0,"176":0,"177":0,"178":0,"179":0,"180":0},"f":{"0":5,"1":48,"2":16,"3":17,"4":2,"5":1,"6":3,"7":0,"8":1,"9":1,"10":48,"11":1,"12":1,"13":2,"14":1,"15":1,"16":9,"17":0,"18":0,"19":1,"20":2,"21":1,"22":1,"23":1,"24":0,"25":0},"b":{"0":[1,16],"1":[16,0],"2":[0,16],"3":[1,15],"4":[7,8],"5":[8,0],"6":[15,0],"7":[0,15],"8":[0,15],"9":[15,0],"10":[0,3],"11":[3,3],"12":[0,3],"13":[0,3],"14":[0,0],"15":[0,1],"16":[1,0],"17":[38,10],"18":[48,10],"19":[1,0],"20":[1,0],"21":[2,0],"22":[1,0],"23":[0,1],"24":[1,1],"25":[1,0],"26":[1,8],"27":[9,1,1],"28":[1,0],"29":[1,0],"30":[1,0],"31":[0,0],"32":[1,0],"33":[2,0],"34":[1,0],"35":[1,0],"36":[1,0],"37":[1,0],"38":[0,0],"39":[0,0],"40":[0,0]},"meta":{"lastBranch":41,"lastFunction":26,"lastStatement":181,"seen":{"f:5:16:5:37":0,"s:8:4:378:Infinity":0,"f:8:10:8:25":1,"s:9:8:9:Infinity":1,"s:12:8:25:Infinity":2,"f:12:31:12:46":2,"s:13:47:16:Infinity":3,"s:18:25:18:Infinity":4,"s:20:12:20:Infinity":5,"s:22:12:22:Infinity":6,"s:24:12:24:Infinity":7,"s:28:8:99:Infinity":8,"f:28:31:28:43":3,"s:29:44:29:Infinity":9,"s:30:48:33:Infinity":10,"s:35:25:35:Infinity":11,"b:38:12:40:Infinity:undefined:undefined:undefined:undefined":0,"s:38:12:40:Infinity":12,"s:39:16:39:Infinity":13,"s:42:27:42:Infinity":14,"s:45:31:45:Infinity":15,"s:46:31:46:Infinity":16,"b:46:44:46:62:46:62:46:Infinity":1,"b:48:12:52:Infinity:50:19:52:Infinity":2,"s:48:12:52:Infinity":17,"s:49:16:49:Infinity":18,"b:50:19:52:Infinity:undefined:undefined:undefined:undefined":3,"s:50:19:52:Infinity":19,"s:51:16:51:Infinity":20,"s:54:12:54:Infinity":21,"s:55:12:55:Infinity":22,"b:57:12:61:Infinity:59:19:61:Infinity":4,"s:57:12:61:Infinity":23,"s:58:16:58:Infinity":24,"b:59:19:61:Infinity:undefined:undefined:undefined:undefined":5,"s:59:19:61:Infinity":25,"s:60:16:60:Infinity":26,"s:64:27:64:Infinity":27,"b:66:12:97:Infinity:undefined:undefined:undefined:undefined":6,"s:66:12:97:Infinity":28,"s:68:37:68:Infinity":29,"s:69:16:69:Infinity":30,"b:71:16:75:Infinity:73:23:75:Infinity":7,"s:71:16:75:Infinity":31,"s:72:20:72:Infinity":32,"b:73:23:75:Infinity:undefined:undefined:undefined:undefined":8,"s:73:23:75:Infinity":33,"s:74:20:74:Infinity":34,"s:77:39:80:Infinity":35,"s:82:16:82:Infinity":36,"b:83:16:94:Infinity:undefined:undefined:undefined:undefined":9,"s:83:16:94:Infinity":37,"s:84:20:93:Infinity":38,"f:84:47:84:Infinity":4,"s:86:28:86:Infinity":39,"f:87:24:87:Infinity":5,"s:90:28:90:Infinity":40,"s:91:28:91:Infinity":41,"s:96:16:96:Infinity":42,"s:101:8:127:Infinity":43,"f:101:31:101:45":6,"s:102:25:102:Infinity":44,"b:104:12:106:Infinity:undefined:undefined:undefined:undefined":10,"s:104:12:106:Infinity":45,"b:104:16:104:25:104:25:104:42":11,"s:105:16:105:Infinity":46,"b:108:12:110:Infinity:undefined:undefined:undefined:undefined":12,"s:108:12:110:Infinity":47,"s:109:16:109:Infinity":48,"s:112:12:126:Infinity":49,"s:113:33:113:Infinity":50,"s:114:16:114:Infinity":51,"s:116:16:116:Infinity":52,"b:118:16:121:Infinity:undefined:undefined:undefined:undefined":13,"s:118:16:121:Infinity":53,"s:119:20:119:Infinity":54,"s:124:16:124:Infinity":55,"s:125:16:125:Infinity":56,"s:129:8:140:Infinity":57,"f:129:31:129:49":7,"s:130:25:130:Infinity":58,"b:132:12:139:Infinity:undefined:undefined:undefined:undefined":14,"s:132:12:139:Infinity":59,"s:133:16:133:Infinity":60,"s:135:16:135:Infinity":61,"s:136:16:136:Infinity":62,"s:137:16:137:Infinity":63,"s:138:16:138:Infinity":64,"s:143:8:145:Infinity":65,"f:143:31:143:39":8,"s:144:12:144:Infinity":66,"s:148:8:165:Infinity":67,"f:148:31:148:48":9,"s:149:25:149:Infinity":68,"b:150:12:152:Infinity:undefined:undefined:undefined:undefined":15,"s:150:12:152:Infinity":69,"s:151:16:151:Infinity":70,"s:154:12:164:Infinity":71,"s:155:41:155:Infinity":72,"b:157:16:161:Infinity:undefined:undefined:undefined:undefined":16,"s:157:16:161:Infinity":73,"s:158:20:158:Infinity":74,"s:159:20:159:Infinity":75,"s:163:16:163:Infinity":76,"s:168:8:203:Infinity":77,"f:168:18:168:38":10,"s:169:12:169:Infinity":78,"s:171:12:171:Infinity":79,"s:173:30:173:Infinity":80,"s:175:25:175:Infinity":81,"b:177:12:177:Infinity:undefined:undefined:undefined:undefined":17,"s:177:12:177:Infinity":82,"b:177:16:177:25:177:25:177:63":18,"s:177:63:177:Infinity":83,"s:179:12:182:Infinity":84,"s:184:26:198:Infinity":85,"f:184:26:184:43":11,"s:185:16:197:Infinity":86,"s:186:45:186:Infinity":87,"b:188:20:194:Infinity:undefined:undefined:undefined:undefined":19,"s:188:20:194:Infinity":88,"s:189:24:189:Infinity":89,"s:190:24:190:Infinity":90,"s:191:24:191:Infinity":91,"s:192:24:192:Infinity":92,"s:193:24:193:Infinity":93,"s:196:20:196:Infinity":94,"s:200:12:200:Infinity":95,"s:201:12:201:Infinity":96,"s:206:8:229:Infinity":97,"f:206:31:206:51":12,"s:207:12:228:Infinity":98,"s:208:29:212:Infinity":99,"b:214:16:225:Infinity:223:23:225:Infinity":20,"s:214:16:225:Infinity":100,"s:215:20:215:Infinity":101,"s:217:20:220:Infinity":102,"s:222:20:222:Infinity":103,"s:224:20:224:Infinity":104,"s:227:16:227:Infinity":105,"s:232:8:238:Infinity":106,"f:232:31:232:49":13,"s:233:25:233:Infinity":107,"b:235:12:237:Infinity:undefined:undefined:undefined:undefined":21,"s:235:12:237:Infinity":108,"s:236:16:236:Infinity":109,"s:241:8:247:Infinity":110,"f:241:31:241:50":14,"s:242:25:242:Infinity":111,"b:244:12:246:Infinity:undefined:undefined:undefined:undefined":22,"s:244:12:246:Infinity":112,"s:245:16:245:Infinity":113,"s:249:8:267:Infinity":114,"f:249:31:249:50":15,"s:250:25:250:Infinity":115,"b:252:12:254:Infinity:undefined:undefined:undefined:undefined":23,"s:252:12:254:Infinity":116,"b:252:16:252:25:252:25:252:63":24,"s:253:16:253:Infinity":117,"s:256:12:266:Infinity":118,"s:257:35:257:Infinity":119,"b:259:16:263:Infinity:undefined:undefined:undefined:undefined":25,"s:259:16:263:Infinity":120,"s:260:20:260:Infinity":121,"s:261:20:261:Infinity":122,"s:265:16:265:Infinity":123,"s:270:8:313:Infinity":124,"f:270:31:270:44":16,"s:271:29:271:Infinity":125,"s:273:27:273:Infinity":126,"s:274:12:274:Infinity":127,"b:275:12:312:Infinity:310:19:312:Infinity":26,"s:275:12:312:Infinity":128,"b:275:16:275:37:275:37:275:54:275:54:275:72":27,"s:277:16:277:Infinity":129,"s:278:39:278:Infinity":130,"b:279:16:281:Infinity:undefined:undefined:undefined:undefined":28,"s:279:16:281:Infinity":131,"s:280:20:280:Infinity":132,"s:283:16:287:Infinity":133,"s:289:29:289:Infinity":134,"b:291:16:308:Infinity:undefined:undefined:undefined:undefined":29,"s:291:16:308:Infinity":135,"s:292:20:292:Infinity":136,"b:294:20:298:Infinity:296:27:298:Infinity":30,"s:294:20:298:Infinity":137,"s:295:24:295:Infinity":138,"b:296:27:298:Infinity:undefined:undefined:undefined:undefined":31,"s:296:27:298:Infinity":139,"s:297:24:297:Infinity":140,"s:299:20:299:Infinity":141,"s:300:20:300:Infinity":142,"b:302:20:307:Infinity:undefined:undefined:undefined:undefined":32,"s:302:20:307:Infinity":143,"s:303:24:306:Infinity":144,"f:303:56:303:Infinity":17,"s:304:47:304:Infinity":145,"f:304:112:304:Infinity":18,"s:305:44:305:Infinity":146,"s:311:16:311:Infinity":147,"s:315:8:318:Infinity":148,"f:315:31:315:50":19,"s:316:12:316:Infinity":149,"s:317:12:317:Infinity":150,"s:321:8:328:Infinity":151,"f:321:31:321:52":20,"s:322:12:322:Infinity":152,"s:323:27:323:Infinity":153,"s:324:12:324:Infinity":154,"b:325:12:327:Infinity:undefined:undefined:undefined:undefined":33,"s:325:12:327:Infinity":155,"s:326:16:326:Infinity":156,"s:330:8:336:Infinity":157,"f:330:31:330:53":21,"s:331:27:331:Infinity":158,"b:332:12:335:Infinity:undefined:undefined:undefined:undefined":34,"s:332:12:335:Infinity":159,"s:333:16:333:Infinity":160,"s:334:16:334:Infinity":161,"s:338:8:358:Infinity":162,"f:338:31:338:53":22,"s:339:26:339:Infinity":163,"b:340:12:357:Infinity:undefined:undefined:undefined:undefined":35,"s:340:12:357:Infinity":164,"s:341:37:341:Infinity":165,"b:343:16:356:Infinity:undefined:undefined:undefined:undefined":36,"s:343:16:356:Infinity":166,"s:345:20:345:Infinity":167,"b:347:20:355:Infinity:undefined:undefined:undefined:undefined":37,"s:347:20:355:Infinity":168,"s:348:24:354:Infinity":169,"f:348:56:348:Infinity":23,"s:349:47:349:Infinity":170,"f:349:112:349:Infinity":24,"s:351:32:351:Infinity":171,"s:352:32:352:Infinity":172,"s:361:8:376:Infinity":173,"f:361:31:361:46":25,"s:362:12:362:Infinity":174,"s:363:25:363:Infinity":175,"b:364:12:375:Infinity:undefined:undefined:undefined:undefined":38,"s:364:12:375:Infinity":176,"s:365:29:365:Infinity":177,"b:365:72:365:96:365:96:365:Infinity":39,"s:366:36:371:Infinity":178,"b:368:26:368:34:368:34:368:Infinity":40,"s:373:16:373:Infinity":179,"s:374:16:374:Infinity":180},"fnNames":{}}}
}
