{"C:\\Dev\\Uni\\TFG\\tfg-onitama\\backend\\src\\game\\BoardGenerator.ts": {"path":"C:\\Dev\\Uni\\TFG\\tfg-onitama\\backend\\src\\game\\BoardGenerator.ts","statementMap":{"0":{"start":{"line":6,"column":8},"end":{"line":12,"column":null}},"1":{"start":{"line":16,"column":8},"end":{"line":22,"column":null}},"2":{"start":{"line":27,"column":8},"end":{"line":27,"column":null}},"3":{"start":{"line":33,"column":8},"end":{"line":33,"column":null}}},"fnMap":{"0":{"name":"createInitialBoard","decl":{"start":{"line":5,"column":18},"end":{"line":5,"column":46}},"loc":{"start":{"line":5,"column":46},"end":{"line":13,"column":null}},"line":5},"1":{"name":"createHomeRow","decl":{"start":{"line":15,"column":19},"end":{"line":15,"column":33}},"loc":{"start":{"line":15,"column":63},"end":{"line":23,"column":null}},"line":15},"2":{"name":"createEmptyRow","decl":{"start":{"line":26,"column":19},"end":{"line":26,"column":46}},"loc":{"start":{"line":26,"column":46},"end":{"line":28,"column":null}},"line":26},"3":{"name":"createPiece","decl":{"start":{"line":32,"column":19},"end":{"line":32,"column":31}},"loc":{"start":{"line":32,"column":75},"end":{"line":35,"column":null}},"line":32}},"branchMap":{},"s":{"0":27,"1":54,"2":81,"3":270},"f":{"0":6,"1":6,"2":6,"3":6},"b":{},"meta":{"lastBranch":0,"lastFunction":4,"lastStatement":4,"seen":{"f:5:18:5:46":0,"s:6:8:12:Infinity":0,"f:15:19:15:33":1,"s:16:8:22:Infinity":1,"f:26:19:26:46":2,"s:27:8:27:Infinity":2,"f:32:19:32:31":3,"s:33:8:33:Infinity":3},"fnNames":{}}}
,"C:\\Dev\\Uni\\TFG\\tfg-onitama\\backend\\src\\game\\DeckManager.ts": {"path":"C:\\Dev\\Uni\\TFG\\tfg-onitama\\backend\\src\\game\\DeckManager.ts","statementMap":{"0":{"start":{"line":20,"column":21},"end":{"line":20,"column":null}},"1":{"start":{"line":23,"column":29},"end":{"line":23,"column":null}},"2":{"start":{"line":25,"column":27},"end":{"line":25,"column":null}},"3":{"start":{"line":27,"column":39},"end":{"line":27,"column":null}},"4":{"start":{"line":28,"column":40},"end":{"line":28,"column":null}},"5":{"start":{"line":29,"column":34},"end":{"line":29,"column":null}},"6":{"start":{"line":31,"column":41},"end":{"line":31,"column":null}},"7":{"start":{"line":33,"column":8},"end":{"line":40,"column":null}},"8":{"start":{"line":44,"column":29},"end":{"line":44,"column":null}},"9":{"start":{"line":45,"column":8},"end":{"line":48,"column":null}},"10":{"start":{"line":45,"column":21},"end":{"line":45,"column":46}},"11":{"start":{"line":46,"column":22},"end":{"line":46,"column":null}},"12":{"start":{"line":47,"column":12},"end":{"line":47,"column":null}},"13":{"start":{"line":49,"column":8},"end":{"line":49,"column":null}},"14":{"start":{"line":54,"column":37},"end":{"line":58,"column":null}},"15":{"start":{"line":61,"column":28},"end":{"line":61,"column":null}},"16":{"start":{"line":62,"column":26},"end":{"line":62,"column":null}},"17":{"start":{"line":62,"column":56},"end":{"line":62,"column":78}},"18":{"start":{"line":64,"column":8},"end":{"line":66,"column":null}},"19":{"start":{"line":65,"column":12},"end":{"line":65,"column":null}},"20":{"start":{"line":68,"column":27},"end":{"line":68,"column":null}},"21":{"start":{"line":69,"column":31},"end":{"line":69,"column":null}},"22":{"start":{"line":72,"column":8},"end":{"line":72,"column":null}},"23":{"start":{"line":73,"column":8},"end":{"line":73,"column":null}},"24":{"start":{"line":75,"column":8},"end":{"line":75,"column":null}}},"fnMap":{"0":{"name":"drawInitialCards","decl":{"start":{"line":19,"column":18},"end":{"line":19,"column":53}},"loc":{"start":{"line":19,"column":53},"end":{"line":41,"column":null}},"line":19},"1":{"name":"shuffleDeck","decl":{"start":{"line":43,"column":19},"end":{"line":43,"column":31}},"loc":{"start":{"line":43,"column":53},"end":{"line":50,"column":null}},"line":43},"2":{"name":"playCard","decl":{"start":{"line":52,"column":18},"end":{"line":52,"column":27}},"loc":{"start":{"line":52,"column":109},"end":{"line":76,"column":null}},"line":52},"3":{"name":"(anonymous_3)","decl":{"start":{"line":62,"column":38},"end":{"line":62,"column":48}},"loc":{"start":{"line":62,"column":56},"end":{"line":62,"column":78}},"line":62}},"branchMap":{"0":{"loc":{"start":{"line":64,"column":8},"end":{"line":66,"column":null}},"type":"if","locations":[{"start":{"line":64,"column":8},"end":{"line":66,"column":null}},{"start":{},"end":{}}],"line":64}},"s":{"0":31,"1":31,"2":31,"3":31,"4":31,"5":31,"6":31,"7":31,"8":31,"9":31,"10":31,"11":465,"12":465,"13":31,"14":4,"15":4,"16":4,"17":5,"18":4,"19":1,"20":3,"21":3,"22":3,"23":3,"24":3},"f":{"0":4,"1":4,"2":4,"3":5},"b":{"0":[1,3]},"meta":{"lastBranch":1,"lastFunction":4,"lastStatement":25,"seen":{"f:19:18:19:53":0,"s:20:21:20:Infinity":0,"s:23:29:23:Infinity":1,"s:25:27:25:Infinity":2,"s:27:39:27:Infinity":3,"s:28:40:28:Infinity":4,"s:29:34:29:Infinity":5,"s:31:41:31:Infinity":6,"s:33:8:40:Infinity":7,"f:43:19:43:31":1,"s:44:29:44:Infinity":8,"s:45:8:48:Infinity":9,"s:45:21:45:46":10,"s:46:22:46:Infinity":11,"s:47:12:47:Infinity":12,"s:49:8:49:Infinity":13,"f:52:18:52:27":2,"s:54:37:58:Infinity":14,"s:61:28:61:Infinity":15,"s:62:26:62:Infinity":16,"f:62:38:62:48":3,"s:62:56:62:78":17,"b:64:8:66:Infinity:undefined:undefined:undefined:undefined":0,"s:64:8:66:Infinity":18,"s:65:12:65:Infinity":19,"s:68:27:68:Infinity":20,"s:69:31:69:Infinity":21,"s:72:8:72:Infinity":22,"s:73:8:73:Infinity":23,"s:75:8:75:Infinity":24},"fnNames":{}}}
,"C:\\Dev\\Uni\\TFG\\tfg-onitama\\backend\\src\\game\\GameEngine.ts": {"path":"C:\\Dev\\Uni\\TFG\\tfg-onitama\\backend\\src\\game\\GameEngine.ts","statementMap":{"0":{"start":{"line":11,"column":22},"end":{"line":11,"column":null}},"1":{"start":{"line":12,"column":27},"end":{"line":12,"column":null}},"2":{"start":{"line":14,"column":8},"end":{"line":25,"column":null}},"3":{"start":{"line":31,"column":36},"end":{"line":38,"column":null}},"4":{"start":{"line":40,"column":8},"end":{"line":40,"column":null}},"5":{"start":{"line":42,"column":40},"end":{"line":42,"column":null}},"6":{"start":{"line":43,"column":38},"end":{"line":43,"column":null}},"7":{"start":{"line":45,"column":8},"end":{"line":50,"column":null}},"8":{"start":{"line":46,"column":12},"end":{"line":46,"column":null}},"9":{"start":{"line":47,"column":12},"end":{"line":47,"column":null}},"10":{"start":{"line":49,"column":12},"end":{"line":49,"column":null}},"11":{"start":{"line":52,"column":8},"end":{"line":52,"column":null}},"12":{"start":{"line":57,"column":36},"end":{"line":57,"column":null}},"13":{"start":{"line":60,"column":21},"end":{"line":60,"column":null}},"14":{"start":{"line":61,"column":25},"end":{"line":61,"column":null}},"15":{"start":{"line":61,"column":43},"end":{"line":61,"column":65}},"16":{"start":{"line":63,"column":8},"end":{"line":63,"column":null}},"17":{"start":{"line":63,"column":23},"end":{"line":63,"column":null}},"18":{"start":{"line":65,"column":8},"end":{"line":65,"column":null}},"19":{"start":{"line":68,"column":8},"end":{"line":68,"column":null}},"20":{"start":{"line":71,"column":23},"end":{"line":71,"column":null}},"21":{"start":{"line":73,"column":8},"end":{"line":78,"column":null}},"22":{"start":{"line":74,"column":12},"end":{"line":74,"column":null}},"23":{"start":{"line":75,"column":12},"end":{"line":75,"column":null}},"24":{"start":{"line":76,"column":12},"end":{"line":76,"column":null}},"25":{"start":{"line":77,"column":12},"end":{"line":77,"column":null}},"26":{"start":{"line":81,"column":8},"end":{"line":81,"column":null}},"27":{"start":{"line":84,"column":27},"end":{"line":84,"column":null}},"28":{"start":{"line":85,"column":8},"end":{"line":85,"column":null}},"29":{"start":{"line":86,"column":8},"end":{"line":86,"column":null}}},"fnMap":{"0":{"name":"createNewGame","decl":{"start":{"line":10,"column":18},"end":{"line":10,"column":32}},"loc":{"start":{"line":10,"column":59},"end":{"line":26,"column":null}},"line":10},"1":{"name":"switchTurn","decl":{"start":{"line":29,"column":18},"end":{"line":29,"column":29}},"loc":{"start":{"line":29,"column":65},"end":{"line":53,"column":null}},"line":29},"2":{"name":"processTurn","decl":{"start":{"line":56,"column":18},"end":{"line":56,"column":30}},"loc":{"start":{"line":56,"column":107},"end":{"line":87,"column":null}},"line":56},"3":{"name":"(anonymous_3)","decl":{"start":{"line":61,"column":30},"end":{"line":61,"column":35}},"loc":{"start":{"line":61,"column":43},"end":{"line":61,"column":65}},"line":61}},"branchMap":{"0":{"loc":{"start":{"line":40,"column":31},"end":{"line":40,"column":null}},"type":"cond-expr","locations":[{"start":{"line":40,"column":68},"end":{"line":40,"column":77}},{"start":{"line":40,"column":77},"end":{"line":40,"column":null}}],"line":40},"1":{"loc":{"start":{"line":42,"column":40},"end":{"line":42,"column":null}},"type":"cond-expr","locations":[{"start":{"line":42,"column":73},"end":{"line":42,"column":94}},{"start":{"line":42,"column":94},"end":{"line":42,"column":null}}],"line":42},"2":{"loc":{"start":{"line":45,"column":8},"end":{"line":50,"column":null}},"type":"if","locations":[{"start":{"line":45,"column":8},"end":{"line":50,"column":null}},{"start":{"line":48,"column":15},"end":{"line":50,"column":null}}],"line":45},"3":{"loc":{"start":{"line":60,"column":21},"end":{"line":60,"column":null}},"type":"cond-expr","locations":[{"start":{"line":60,"column":54},"end":{"line":60,"column":75}},{"start":{"line":60,"column":75},"end":{"line":60,"column":null}}],"line":60},"4":{"loc":{"start":{"line":63,"column":8},"end":{"line":63,"column":null}},"type":"if","locations":[{"start":{"line":63,"column":8},"end":{"line":63,"column":null}},{"start":{},"end":{}}],"line":63},"5":{"loc":{"start":{"line":73,"column":8},"end":{"line":78,"column":null}},"type":"if","locations":[{"start":{"line":73,"column":8},"end":{"line":78,"column":null}},{"start":{},"end":{}}],"line":73}},"s":{"0":18,"1":18,"2":18,"3":4,"4":4,"5":4,"6":4,"7":4,"8":1,"9":1,"10":3,"11":4,"12":3,"13":3,"14":3,"15":4,"16":3,"17":1,"18":2,"19":2,"20":2,"21":2,"22":0,"23":0,"24":0,"25":0,"26":1,"27":1,"28":1,"29":1},"f":{"0":3,"1":3,"2":3,"3":4},"b":{"0":[3,1],"1":[1,3],"2":[1,3],"3":[1,2],"4":[1,2],"5":[0,2]},"meta":{"lastBranch":6,"lastFunction":4,"lastStatement":30,"seen":{"f:10:18:10:32":0,"s:11:22:11:Infinity":0,"s:12:27:12:Infinity":1,"s:14:8:25:Infinity":2,"f:29:18:29:29":1,"s:31:36:38:Infinity":3,"s:40:8:40:Infinity":4,"b:40:68:40:77:40:77:40:Infinity":0,"s:42:40:42:Infinity":5,"b:42:73:42:94:42:94:42:Infinity":1,"s:43:38:43:Infinity":6,"b:45:8:50:Infinity:48:15:50:Infinity":2,"s:45:8:50:Infinity":7,"s:46:12:46:Infinity":8,"s:47:12:47:Infinity":9,"s:49:12:49:Infinity":10,"s:52:8:52:Infinity":11,"f:56:18:56:30":2,"s:57:36:57:Infinity":12,"s:60:21:60:Infinity":13,"b:60:54:60:75:60:75:60:Infinity":3,"s:61:25:61:Infinity":14,"f:61:30:61:35":3,"s:61:43:61:65":15,"b:63:8:63:Infinity:undefined:undefined:undefined:undefined":4,"s:63:8:63:Infinity":16,"s:63:23:63:Infinity":17,"s:65:8:65:Infinity":18,"s:68:8:68:Infinity":19,"s:71:23:71:Infinity":20,"b:73:8:78:Infinity:undefined:undefined:undefined:undefined":5,"s:73:8:78:Infinity":21,"s:74:12:74:Infinity":22,"s:75:12:75:Infinity":23,"s:76:12:76:Infinity":24,"s:77:12:77:Infinity":25,"s:81:8:81:Infinity":26,"s:84:27:84:Infinity":27,"s:85:8:85:Infinity":28,"s:86:8:86:Infinity":29},"fnNames":{}}}
,"C:\\Dev\\Uni\\TFG\\tfg-onitama\\backend\\src\\game\\MoveArbitrator.ts": {"path":"C:\\Dev\\Uni\\TFG\\tfg-onitama\\backend\\src\\game\\MoveArbitrator.ts","statementMap":{"0":{"start":{"line":15,"column":8},"end":{"line":17,"column":null}},"1":{"start":{"line":16,"column":12},"end":{"line":16,"column":null}},"2":{"start":{"line":19,"column":28},"end":{"line":19,"column":null}},"3":{"start":{"line":20,"column":33},"end":{"line":20,"column":null}},"4":{"start":{"line":23,"column":8},"end":{"line":25,"column":null}},"5":{"start":{"line":24,"column":12},"end":{"line":24,"column":null}},"6":{"start":{"line":28,"column":8},"end":{"line":30,"column":null}},"7":{"start":{"line":29,"column":12},"end":{"line":29,"column":null}},"8":{"start":{"line":33,"column":8},"end":{"line":35,"column":null}},"9":{"start":{"line":34,"column":12},"end":{"line":34,"column":null}},"10":{"start":{"line":38,"column":19},"end":{"line":38,"column":null}},"11":{"start":{"line":39,"column":19},"end":{"line":39,"column":null}},"12":{"start":{"line":42,"column":29},"end":{"line":42,"column":null}},"13":{"start":{"line":43,"column":29},"end":{"line":43,"column":null}},"14":{"start":{"line":45,"column":32},"end":{"line":47,"column":null}},"15":{"start":{"line":46,"column":20},"end":{"line":46,"column":null}},"16":{"start":{"line":49,"column":8},"end":{"line":51,"column":null}},"17":{"start":{"line":50,"column":12},"end":{"line":50,"column":null}},"18":{"start":{"line":53,"column":8},"end":{"line":53,"column":null}},"19":{"start":{"line":64,"column":23},"end":{"line":64,"column":null}},"20":{"start":{"line":66,"column":8},"end":{"line":68,"column":null}},"21":{"start":{"line":67,"column":12},"end":{"line":67,"column":null}},"22":{"start":{"line":70,"column":8},"end":{"line":70,"column":null}},"23":{"start":{"line":77,"column":8},"end":{"line":97,"column":null}},"24":{"start":{"line":77,"column":20},"end":{"line":77,"column":23}},"25":{"start":{"line":78,"column":12},"end":{"line":96,"column":null}},"26":{"start":{"line":78,"column":24},"end":{"line":78,"column":27}},"27":{"start":{"line":79,"column":30},"end":{"line":79,"column":null}},"28":{"start":{"line":81,"column":16},"end":{"line":95,"column":null}},"29":{"start":{"line":82,"column":43},"end":{"line":82,"column":null}},"30":{"start":{"line":84,"column":20},"end":{"line":94,"column":null}},"31":{"start":{"line":85,"column":24},"end":{"line":93,"column":null}},"32":{"start":{"line":86,"column":39},"end":{"line":86,"column":null}},"33":{"start":{"line":87,"column":39},"end":{"line":87,"column":null}},"34":{"start":{"line":88,"column":49},"end":{"line":88,"column":null}},"35":{"start":{"line":90,"column":28},"end":{"line":92,"column":null}},"36":{"start":{"line":91,"column":32},"end":{"line":91,"column":null}},"37":{"start":{"line":98,"column":4},"end":{"line":98,"column":null}}},"fnMap":{"0":{"name":"getIllegalMoveReason","decl":{"start":{"line":6,"column":19},"end":{"line":6,"column":null}},"loc":{"start":{"line":12,"column":21},"end":{"line":55,"column":null}},"line":12},"1":{"name":"(anonymous_1)","decl":{"start":{"line":45,"column":43},"end":{"line":45,"column":null}},"loc":{"start":{"line":46,"column":20},"end":{"line":46,"column":null}},"line":46},"2":{"name":"validateMove","decl":{"start":{"line":57,"column":18},"end":{"line":57,"column":null}},"loc":{"start":{"line":63,"column":15},"end":{"line":71,"column":null}},"line":63},"3":{"name":"hasValidMoves","decl":{"start":{"line":75,"column":18},"end":{"line":75,"column":32}},"loc":{"start":{"line":75,"column":95},"end":{"line":99,"column":null}},"line":75}},"branchMap":{"0":{"loc":{"start":{"line":15,"column":8},"end":{"line":17,"column":null}},"type":"if","locations":[{"start":{"line":15,"column":8},"end":{"line":17,"column":null}},{"start":{},"end":{}}],"line":15},"1":{"loc":{"start":{"line":15,"column":12},"end":{"line":15,"column":54}},"type":"binary-expr","locations":[{"start":{"line":15,"column":12},"end":{"line":15,"column":35}},{"start":{"line":15,"column":35},"end":{"line":15,"column":54}}],"line":15},"2":{"loc":{"start":{"line":23,"column":8},"end":{"line":25,"column":null}},"type":"if","locations":[{"start":{"line":23,"column":8},"end":{"line":25,"column":null}},{"start":{},"end":{}}],"line":23},"3":{"loc":{"start":{"line":28,"column":8},"end":{"line":30,"column":null}},"type":"if","locations":[{"start":{"line":28,"column":8},"end":{"line":30,"column":null}},{"start":{},"end":{}}],"line":28},"4":{"loc":{"start":{"line":33,"column":8},"end":{"line":35,"column":null}},"type":"if","locations":[{"start":{"line":33,"column":8},"end":{"line":35,"column":null}},{"start":{},"end":{}}],"line":33},"5":{"loc":{"start":{"line":33,"column":11},"end":{"line":33,"column":65}},"type":"binary-expr","locations":[{"start":{"line":33,"column":11},"end":{"line":33,"column":31}},{"start":{"line":33,"column":31},"end":{"line":33,"column":65}}],"line":33},"6":{"loc":{"start":{"line":42,"column":29},"end":{"line":42,"column":null}},"type":"cond-expr","locations":[{"start":{"line":42,"column":48},"end":{"line":42,"column":54}},{"start":{"line":42,"column":54},"end":{"line":42,"column":null}}],"line":42},"7":{"loc":{"start":{"line":43,"column":29},"end":{"line":43,"column":null}},"type":"cond-expr","locations":[{"start":{"line":43,"column":48},"end":{"line":43,"column":54}},{"start":{"line":43,"column":54},"end":{"line":43,"column":null}}],"line":43},"8":{"loc":{"start":{"line":46,"column":20},"end":{"line":46,"column":null}},"type":"binary-expr","locations":[{"start":{"line":46,"column":20},"end":{"line":46,"column":47}},{"start":{"line":46,"column":47},"end":{"line":46,"column":null}}],"line":46},"9":{"loc":{"start":{"line":49,"column":8},"end":{"line":51,"column":null}},"type":"if","locations":[{"start":{"line":49,"column":8},"end":{"line":51,"column":null}},{"start":{},"end":{}}],"line":49},"10":{"loc":{"start":{"line":66,"column":8},"end":{"line":68,"column":null}},"type":"if","locations":[{"start":{"line":66,"column":8},"end":{"line":68,"column":null}},{"start":{},"end":{}}],"line":66},"11":{"loc":{"start":{"line":81,"column":16},"end":{"line":95,"column":null}},"type":"if","locations":[{"start":{"line":81,"column":16},"end":{"line":95,"column":null}},{"start":{},"end":{}}],"line":81},"12":{"loc":{"start":{"line":81,"column":19},"end":{"line":81,"column":51}},"type":"binary-expr","locations":[{"start":{"line":81,"column":19},"end":{"line":81,"column":28}},{"start":{"line":81,"column":28},"end":{"line":81,"column":51}}],"line":81},"13":{"loc":{"start":{"line":86,"column":39},"end":{"line":86,"column":null}},"type":"cond-expr","locations":[{"start":{"line":86,"column":58},"end":{"line":86,"column":68}},{"start":{"line":86,"column":68},"end":{"line":86,"column":null}}],"line":86},"14":{"loc":{"start":{"line":87,"column":39},"end":{"line":87,"column":null}},"type":"cond-expr","locations":[{"start":{"line":87,"column":58},"end":{"line":87,"column":68}},{"start":{"line":87,"column":68},"end":{"line":87,"column":null}}],"line":87},"15":{"loc":{"start":{"line":90,"column":28},"end":{"line":92,"column":null}},"type":"if","locations":[{"start":{"line":90,"column":28},"end":{"line":92,"column":null}},{"start":{},"end":{}}],"line":90}},"s":{"0":22,"1":10,"2":12,"3":12,"4":12,"5":1,"6":11,"7":1,"8":10,"9":4,"10":6,"11":6,"12":6,"13":22,"14":22,"15":14,"16":22,"17":1,"18":5,"19":9,"20":9,"21":6,"22":3,"23":3,"24":3,"25":15,"26":15,"27":67,"28":67,"29":4,"30":4,"31":6,"32":13,"33":13,"34":13,"35":13,"36":2,"37":1},"f":{"0":3,"1":14,"2":3,"3":3},"b":{"0":[10,12],"1":[22,22],"2":[1,11],"3":[1,10],"4":[4,6],"5":[10,4],"6":[2,4],"7":[2,4],"8":[14,7],"9":[1,21],"10":[6,3],"11":[4,63],"12":[67,14],"13":[0,13],"14":[0,13],"15":[2,11]},"meta":{"lastBranch":16,"lastFunction":4,"lastStatement":38,"seen":{"f:6:19:6:Infinity":0,"b:15:8:17:Infinity:undefined:undefined:undefined:undefined":0,"s:15:8:17:Infinity":0,"b:15:12:15:35:15:35:15:54":1,"s:16:12:16:Infinity":1,"s:19:28:19:Infinity":2,"s:20:33:20:Infinity":3,"b:23:8:25:Infinity:undefined:undefined:undefined:undefined":2,"s:23:8:25:Infinity":4,"s:24:12:24:Infinity":5,"b:28:8:30:Infinity:undefined:undefined:undefined:undefined":3,"s:28:8:30:Infinity":6,"s:29:12:29:Infinity":7,"b:33:8:35:Infinity:undefined:undefined:undefined:undefined":4,"s:33:8:35:Infinity":8,"b:33:11:33:31:33:31:33:65":5,"s:34:12:34:Infinity":9,"s:38:19:38:Infinity":10,"s:39:19:39:Infinity":11,"s:42:29:42:Infinity":12,"b:42:48:42:54:42:54:42:Infinity":6,"s:43:29:43:Infinity":13,"b:43:48:43:54:43:54:43:Infinity":7,"s:45:32:47:Infinity":14,"f:45:43:45:Infinity":1,"s:46:20:46:Infinity":15,"b:46:20:46:47:46:47:46:Infinity":8,"b:49:8:51:Infinity:undefined:undefined:undefined:undefined":9,"s:49:8:51:Infinity":16,"s:50:12:50:Infinity":17,"s:53:8:53:Infinity":18,"f:57:18:57:Infinity":2,"s:64:23:64:Infinity":19,"b:66:8:68:Infinity:undefined:undefined:undefined:undefined":10,"s:66:8:68:Infinity":20,"s:67:12:67:Infinity":21,"s:70:8:70:Infinity":22,"f:75:18:75:32":3,"s:77:8:97:Infinity":23,"s:77:20:77:23":24,"s:78:12:96:Infinity":25,"s:78:24:78:27":26,"s:79:30:79:Infinity":27,"b:81:16:95:Infinity:undefined:undefined:undefined:undefined":11,"s:81:16:95:Infinity":28,"b:81:19:81:28:81:28:81:51":12,"s:82:43:82:Infinity":29,"s:84:20:94:Infinity":30,"s:85:24:93:Infinity":31,"s:86:39:86:Infinity":32,"b:86:58:86:68:86:68:86:Infinity":13,"s:87:39:87:Infinity":33,"b:87:58:87:68:87:68:87:Infinity":14,"s:88:49:88:Infinity":34,"b:90:28:92:Infinity:undefined:undefined:undefined:undefined":15,"s:90:28:92:Infinity":35,"s:91:32:91:Infinity":36,"s:98:4:98:Infinity":37},"fnNames":{}}}
,"C:\\Dev\\Uni\\TFG\\tfg-onitama\\backend\\src\\game\\MovementManager.ts": {"path":"C:\\Dev\\Uni\\TFG\\tfg-onitama\\backend\\src\\game\\MovementManager.ts","statementMap":{"0":{"start":{"line":15,"column":8},"end":{"line":17,"column":null}},"1":{"start":{"line":16,"column":12},"end":{"line":16,"column":null}},"2":{"start":{"line":18,"column":8},"end":{"line":20,"column":null}},"3":{"start":{"line":19,"column":12},"end":{"line":19,"column":null}},"4":{"start":{"line":23,"column":32},"end":{"line":23,"column":null}},"5":{"start":{"line":23,"column":49},"end":{"line":23,"column":57}},"6":{"start":{"line":26,"column":28},"end":{"line":26,"column":null}},"7":{"start":{"line":28,"column":8},"end":{"line":30,"column":null}},"8":{"start":{"line":29,"column":12},"end":{"line":29,"column":null}},"9":{"start":{"line":32,"column":30},"end":{"line":32,"column":null}},"10":{"start":{"line":35,"column":8},"end":{"line":35,"column":null}},"11":{"start":{"line":36,"column":8},"end":{"line":36,"column":null}},"12":{"start":{"line":38,"column":8},"end":{"line":41,"column":null}}},"fnMap":{"0":{"name":"movePiece","decl":{"start":{"line":12,"column":18},"end":{"line":12,"column":28}},"loc":{"start":{"line":12,"column":84},"end":{"line":42,"column":null}},"line":12},"1":{"name":"(anonymous_1)","decl":{"start":{"line":23,"column":38},"end":{"line":23,"column":42}},"loc":{"start":{"line":23,"column":49},"end":{"line":23,"column":57}},"line":23}},"branchMap":{"0":{"loc":{"start":{"line":15,"column":8},"end":{"line":17,"column":null}},"type":"if","locations":[{"start":{"line":15,"column":8},"end":{"line":17,"column":null}},{"start":{},"end":{}}],"line":15},"1":{"loc":{"start":{"line":18,"column":8},"end":{"line":20,"column":null}},"type":"if","locations":[{"start":{"line":18,"column":8},"end":{"line":20,"column":null}},{"start":{},"end":{}}],"line":18},"2":{"loc":{"start":{"line":28,"column":8},"end":{"line":30,"column":null}},"type":"if","locations":[{"start":{"line":28,"column":8},"end":{"line":30,"column":null}},{"start":{},"end":{}}],"line":28}},"s":{"0":8,"1":1,"2":7,"3":1,"4":6,"5":30,"6":6,"7":6,"8":1,"9":5,"10":5,"11":5,"12":5},"f":{"0":4,"1":30},"b":{"0":[1,7],"1":[1,6],"2":[1,5]},"meta":{"lastBranch":3,"lastFunction":2,"lastStatement":13,"seen":{"f:12:18:12:28":0,"b:15:8:17:Infinity:undefined:undefined:undefined:undefined":0,"s:15:8:17:Infinity":0,"s:16:12:16:Infinity":1,"b:18:8:20:Infinity:undefined:undefined:undefined:undefined":1,"s:18:8:20:Infinity":2,"s:19:12:19:Infinity":3,"s:23:32:23:Infinity":4,"f:23:38:23:42":1,"s:23:49:23:57":5,"s:26:28:26:Infinity":6,"b:28:8:30:Infinity:undefined:undefined:undefined:undefined":2,"s:28:8:30:Infinity":7,"s:29:12:29:Infinity":8,"s:32:30:32:Infinity":9,"s:35:8:35:Infinity":10,"s:36:8:36:Infinity":11,"s:38:8:41:Infinity":12},"fnNames":{}}}
,"C:\\Dev\\Uni\\TFG\\tfg-onitama\\backend\\src\\game\\VictoryArbitrator.ts": {"path":"C:\\Dev\\Uni\\TFG\\tfg-onitama\\backend\\src\\game\\VictoryArbitrator.ts","statementMap":{"0":{"start":{"line":3,"column":28},"end":{"line":3,"column":null}},"1":{"start":{"line":4,"column":29},"end":{"line":4,"column":null}},"2":{"start":{"line":11,"column":29},"end":{"line":11,"column":null}},"3":{"start":{"line":12,"column":30},"end":{"line":12,"column":null}},"4":{"start":{"line":14,"column":8},"end":{"line":32,"column":null}},"5":{"start":{"line":14,"column":21},"end":{"line":14,"column":24}},"6":{"start":{"line":15,"column":12},"end":{"line":31,"column":null}},"7":{"start":{"line":15,"column":24},"end":{"line":15,"column":27}},"8":{"start":{"line":16,"column":30},"end":{"line":16,"column":null}},"9":{"start":{"line":18,"column":16},"end":{"line":30,"column":null}},"10":{"start":{"line":19,"column":20},"end":{"line":29,"column":null}},"11":{"start":{"line":20,"column":24},"end":{"line":20,"column":null}},"12":{"start":{"line":21,"column":24},"end":{"line":23,"column":null}},"13":{"start":{"line":22,"column":28},"end":{"line":22,"column":null}},"14":{"start":{"line":24,"column":27},"end":{"line":29,"column":null}},"15":{"start":{"line":25,"column":24},"end":{"line":25,"column":null}},"16":{"start":{"line":26,"column":24},"end":{"line":28,"column":null}},"17":{"start":{"line":27,"column":28},"end":{"line":27,"column":null}},"18":{"start":{"line":34,"column":8},"end":{"line":34,"column":null}},"19":{"start":{"line":34,"column":29},"end":{"line":34,"column":null}},"20":{"start":{"line":35,"column":8},"end":{"line":35,"column":null}},"21":{"start":{"line":35,"column":30},"end":{"line":35,"column":null}},"22":{"start":{"line":37,"column":8},"end":{"line":37,"column":null}}},"fnMap":{"0":{"name":"checkVictory","decl":{"start":{"line":9,"column":18},"end":{"line":9,"column":31}},"loc":{"start":{"line":9,"column":65},"end":{"line":38,"column":null}},"line":9}},"branchMap":{"0":{"loc":{"start":{"line":18,"column":16},"end":{"line":30,"column":null}},"type":"if","locations":[{"start":{"line":18,"column":16},"end":{"line":30,"column":null}},{"start":{},"end":{}}],"line":18},"1":{"loc":{"start":{"line":18,"column":20},"end":{"line":18,"column":54}},"type":"binary-expr","locations":[{"start":{"line":18,"column":20},"end":{"line":18,"column":29}},{"start":{"line":18,"column":29},"end":{"line":18,"column":54}}],"line":18},"2":{"loc":{"start":{"line":19,"column":20},"end":{"line":29,"column":null}},"type":"if","locations":[{"start":{"line":19,"column":20},"end":{"line":29,"column":null}},{"start":{"line":24,"column":27},"end":{"line":29,"column":null}}],"line":19},"3":{"loc":{"start":{"line":21,"column":24},"end":{"line":23,"column":null}},"type":"if","locations":[{"start":{"line":21,"column":24},"end":{"line":23,"column":null}},{"start":{},"end":{}}],"line":21},"4":{"loc":{"start":{"line":21,"column":28},"end":{"line":21,"column":90}},"type":"binary-expr","locations":[{"start":{"line":21,"column":28},"end":{"line":21,"column":60}},{"start":{"line":21,"column":60},"end":{"line":21,"column":90}}],"line":21},"5":{"loc":{"start":{"line":24,"column":27},"end":{"line":29,"column":null}},"type":"if","locations":[{"start":{"line":24,"column":27},"end":{"line":29,"column":null}},{"start":{},"end":{}}],"line":24},"6":{"loc":{"start":{"line":26,"column":24},"end":{"line":28,"column":null}},"type":"if","locations":[{"start":{"line":26,"column":24},"end":{"line":28,"column":null}},{"start":{},"end":{}}],"line":26},"7":{"loc":{"start":{"line":26,"column":28},"end":{"line":26,"column":88}},"type":"binary-expr","locations":[{"start":{"line":26,"column":28},"end":{"line":26,"column":59}},{"start":{"line":26,"column":59},"end":{"line":26,"column":88}}],"line":26},"8":{"loc":{"start":{"line":34,"column":8},"end":{"line":34,"column":null}},"type":"if","locations":[{"start":{"line":34,"column":8},"end":{"line":34,"column":null}},{"start":{},"end":{}}],"line":34},"9":{"loc":{"start":{"line":35,"column":8},"end":{"line":35,"column":null}},"type":"if","locations":[{"start":{"line":35,"column":8},"end":{"line":35,"column":null}},{"start":{},"end":{}}],"line":35}},"s":{"0":4,"1":4,"2":6,"3":6,"4":6,"5":6,"6":30,"7":30,"8":148,"9":148,"10":10,"11":5,"12":5,"13":1,"14":5,"15":5,"16":5,"17":0,"18":5,"19":1,"20":4,"21":1,"22":3},"f":{"0":4},"b":{"0":[10,138],"1":[148,56],"2":[5,5],"3":[1,4],"4":[5,1],"5":[5,0],"6":[0,5],"7":[5,0],"8":[1,4],"9":[1,3]},"meta":{"lastBranch":10,"lastFunction":1,"lastStatement":23,"seen":{"s:3:28:3:Infinity":0,"s:4:29:4:Infinity":1,"f:9:18:9:31":0,"s:11:29:11:Infinity":2,"s:12:30:12:Infinity":3,"s:14:8:32:Infinity":4,"s:14:21:14:24":5,"s:15:12:31:Infinity":6,"s:15:24:15:27":7,"s:16:30:16:Infinity":8,"b:18:16:30:Infinity:undefined:undefined:undefined:undefined":0,"s:18:16:30:Infinity":9,"b:18:20:18:29:18:29:18:54":1,"b:19:20:29:Infinity:24:27:29:Infinity":2,"s:19:20:29:Infinity":10,"s:20:24:20:Infinity":11,"b:21:24:23:Infinity:undefined:undefined:undefined:undefined":3,"s:21:24:23:Infinity":12,"b:21:28:21:60:21:60:21:90":4,"s:22:28:22:Infinity":13,"b:24:27:29:Infinity:undefined:undefined:undefined:undefined":5,"s:24:27:29:Infinity":14,"s:25:24:25:Infinity":15,"b:26:24:28:Infinity:undefined:undefined:undefined:undefined":6,"s:26:24:28:Infinity":16,"b:26:28:26:59:26:59:26:88":7,"s:27:28:27:Infinity":17,"b:34:8:34:Infinity:undefined:undefined:undefined:undefined":8,"s:34:8:34:Infinity":18,"s:34:29:34:Infinity":19,"b:35:8:35:Infinity:undefined:undefined:undefined:undefined":9,"s:35:8:35:Infinity":20,"s:35:30:35:Infinity":21,"s:37:8:37:Infinity":22},"fnNames":{}}}
,"C:\\Dev\\Uni\\TFG\\tfg-onitama\\backend\\src\\game\\onitamaDeck.ts": {"path":"C:\\Dev\\Uni\\TFG\\tfg-onitama\\backend\\src\\game\\onitamaDeck.ts","statementMap":{"0":{"start":{"line":3,"column":36},"end":{"line":20,"column":null}}},"fnMap":{},"branchMap":{},"s":{"0":4},"f":{},"b":{},"meta":{"lastBranch":0,"lastFunction":0,"lastStatement":1,"seen":{"s:3:36:20:Infinity":0},"fnNames":{}}}
,"C:\\Dev\\Uni\\TFG\\tfg-onitama\\backend\\src\\network\\MatchmakingService.ts": {"path":"C:\\Dev\\Uni\\TFG\\tfg-onitama\\backend\\src\\network\\MatchmakingService.ts","statementMap":{"0":{"start":{"line":14,"column":55},"end":{"line":18,"column":null}},"1":{"start":{"line":21,"column":8},"end":{"line":21,"column":null}},"2":{"start":{"line":23,"column":26},"end":{"line":23,"column":null}},"3":{"start":{"line":24,"column":8},"end":{"line":43,"column":null}},"4":{"start":{"line":25,"column":31},"end":{"line":25,"column":null}},"5":{"start":{"line":27,"column":47},"end":{"line":27,"column":null}},"6":{"start":{"line":28,"column":48},"end":{"line":28,"column":null}},"7":{"start":{"line":29,"column":28},"end":{"line":29,"column":null}},"8":{"start":{"line":31,"column":12},"end":{"line":35,"column":null}},"9":{"start":{"line":32,"column":16},"end":{"line":32,"column":null}},"10":{"start":{"line":34,"column":16},"end":{"line":34,"column":null}},"11":{"start":{"line":37,"column":12},"end":{"line":42,"column":null}},"12":{"start":{"line":45,"column":8},"end":{"line":45,"column":null}},"13":{"start":{"line":46,"column":8},"end":{"line":46,"column":null}},"14":{"start":{"line":50,"column":34},"end":{"line":50,"column":null}},"15":{"start":{"line":51,"column":8},"end":{"line":53,"column":null}},"16":{"start":{"line":52,"column":12},"end":{"line":52,"column":null}},"17":{"start":{"line":52,"column":61},"end":{"line":52,"column":76}}},"fnMap":{"0":{"name":"joinQueue","decl":{"start":{"line":20,"column":18},"end":{"line":20,"column":28}},"loc":{"start":{"line":20,"column":81},"end":{"line":47,"column":null}},"line":20},"1":{"name":"leaveQueue","decl":{"start":{"line":49,"column":18},"end":{"line":49,"column":29}},"loc":{"start":{"line":49,"column":53},"end":{"line":54,"column":null}},"line":49},"2":{"name":"(anonymous_2)","decl":{"start":{"line":52,"column":48},"end":{"line":52,"column":55}},"loc":{"start":{"line":52,"column":61},"end":{"line":52,"column":76}},"line":52}},"branchMap":{"0":{"loc":{"start":{"line":24,"column":8},"end":{"line":43,"column":null}},"type":"if","locations":[{"start":{"line":24,"column":8},"end":{"line":43,"column":null}},{"start":{},"end":{}}],"line":24},"1":{"loc":{"start":{"line":31,"column":12},"end":{"line":35,"column":null}},"type":"if","locations":[{"start":{"line":31,"column":12},"end":{"line":35,"column":null}},{"start":{"line":33,"column":19},"end":{"line":35,"column":null}}],"line":31}},"s":{"0":1,"1":9,"2":9,"3":9,"4":1,"5":1,"6":1,"7":1,"8":1,"9":1,"10":0,"11":1,"12":8,"13":8,"14":58,"15":58,"16":174,"17":12},"f":{"0":1,"1":1,"2":12},"b":{"0":[1,8],"1":[1,0]},"meta":{"lastBranch":2,"lastFunction":3,"lastStatement":18,"seen":{"s:14:55:18:Infinity":0,"f:20:18:20:28":0,"s:21:8:21:Infinity":1,"s:23:26:23:Infinity":2,"b:24:8:43:Infinity:undefined:undefined:undefined:undefined":0,"s:24:8:43:Infinity":3,"s:25:31:25:Infinity":4,"s:27:47:27:Infinity":5,"s:28:48:28:Infinity":6,"s:29:28:29:Infinity":7,"b:31:12:35:Infinity:33:19:35:Infinity":1,"s:31:12:35:Infinity":8,"s:32:16:32:Infinity":9,"s:34:16:34:Infinity":10,"s:37:12:42:Infinity":11,"s:45:8:45:Infinity":12,"s:46:8:46:Infinity":13,"f:49:18:49:29":1,"s:50:34:50:Infinity":14,"s:51:8:53:Infinity":15,"s:52:12:52:Infinity":16,"f:52:48:52:55":2,"s:52:61:52:76":17},"fnNames":{}}}
,"C:\\Dev\\Uni\\TFG\\tfg-onitama\\backend\\src\\network\\RoomManager.ts": {"path":"C:\\Dev\\Uni\\TFG\\tfg-onitama\\backend\\src\\network\\RoomManager.ts","statementMap":{"0":{"start":{"line":19,"column":59},"end":{"line":19,"column":null}},"1":{"start":{"line":21,"column":67},"end":{"line":21,"column":null}},"2":{"start":{"line":23,"column":61},"end":{"line":23,"column":null}},"3":{"start":{"line":25,"column":42},"end":{"line":25,"column":null}},"4":{"start":{"line":29,"column":8},"end":{"line":29,"column":null}},"5":{"start":{"line":35,"column":8},"end":{"line":37,"column":null}},"6":{"start":{"line":36,"column":12},"end":{"line":36,"column":null}},"7":{"start":{"line":39,"column":8},"end":{"line":39,"column":null}},"8":{"start":{"line":43,"column":25},"end":{"line":43,"column":null}},"9":{"start":{"line":47,"column":23},"end":{"line":47,"column":null}},"10":{"start":{"line":49,"column":26},"end":{"line":49,"column":null}},"11":{"start":{"line":51,"column":37},"end":{"line":61,"column":null}},"12":{"start":{"line":63,"column":8},"end":{"line":63,"column":null}},"13":{"start":{"line":64,"column":8},"end":{"line":64,"column":null}},"14":{"start":{"line":68,"column":8},"end":{"line":72,"column":null}},"15":{"start":{"line":69,"column":12},"end":{"line":71,"column":null}},"16":{"start":{"line":70,"column":16},"end":{"line":70,"column":null}},"17":{"start":{"line":73,"column":8},"end":{"line":73,"column":null}},"18":{"start":{"line":77,"column":8},"end":{"line":77,"column":null}},"19":{"start":{"line":81,"column":8},"end":{"line":81,"column":null}},"20":{"start":{"line":85,"column":8},"end":{"line":85,"column":null}},"21":{"start":{"line":89,"column":8},"end":{"line":93,"column":null}},"22":{"start":{"line":90,"column":12},"end":{"line":92,"column":null}},"23":{"start":{"line":91,"column":16},"end":{"line":91,"column":null}},"24":{"start":{"line":97,"column":8},"end":{"line":101,"column":null}},"25":{"start":{"line":102,"column":8},"end":{"line":102,"column":null}},"26":{"start":{"line":107,"column":21},"end":{"line":107,"column":null}},"27":{"start":{"line":108,"column":8},"end":{"line":108,"column":null}},"28":{"start":{"line":108,"column":59},"end":{"line":108,"column":null}},"29":{"start":{"line":110,"column":22},"end":{"line":110,"column":null}},"30":{"start":{"line":111,"column":23},"end":{"line":111,"column":null}},"31":{"start":{"line":113,"column":8},"end":{"line":113,"column":null}},"32":{"start":{"line":118,"column":8},"end":{"line":118,"column":null}},"33":{"start":{"line":122,"column":22},"end":{"line":122,"column":null}},"34":{"start":{"line":123,"column":8},"end":{"line":126,"column":null}},"35":{"start":{"line":124,"column":12},"end":{"line":124,"column":null}},"36":{"start":{"line":125,"column":12},"end":{"line":125,"column":null}},"37":{"start":{"line":131,"column":21},"end":{"line":131,"column":null}},"38":{"start":{"line":133,"column":8},"end":{"line":133,"column":null}},"39":{"start":{"line":133,"column":59},"end":{"line":133,"column":null}},"40":{"start":{"line":135,"column":8},"end":{"line":141,"column":null}},"41":{"start":{"line":136,"column":12},"end":{"line":136,"column":null}},"42":{"start":{"line":137,"column":15},"end":{"line":141,"column":null}},"43":{"start":{"line":138,"column":12},"end":{"line":138,"column":null}},"44":{"start":{"line":140,"column":12},"end":{"line":140,"column":null}},"45":{"start":{"line":143,"column":8},"end":{"line":143,"column":null}},"46":{"start":{"line":145,"column":8},"end":{"line":145,"column":null}},"47":{"start":{"line":154,"column":8},"end":{"line":156,"column":null}},"48":{"start":{"line":155,"column":12},"end":{"line":155,"column":null}},"49":{"start":{"line":158,"column":22},"end":{"line":176,"column":null}},"50":{"start":{"line":159,"column":25},"end":{"line":159,"column":null}},"51":{"start":{"line":160,"column":12},"end":{"line":163,"column":null}},"52":{"start":{"line":161,"column":16},"end":{"line":161,"column":null}},"53":{"start":{"line":162,"column":16},"end":{"line":162,"column":null}},"54":{"start":{"line":165,"column":32},"end":{"line":165,"column":null}},"55":{"start":{"line":166,"column":12},"end":{"line":166,"column":null}},"56":{"start":{"line":168,"column":12},"end":{"line":168,"column":null}},"57":{"start":{"line":170,"column":12},"end":{"line":175,"column":null}},"58":{"start":{"line":171,"column":16},"end":{"line":171,"column":null}},"59":{"start":{"line":172,"column":16},"end":{"line":172,"column":null}},"60":{"start":{"line":173,"column":16},"end":{"line":173,"column":null}},"61":{"start":{"line":174,"column":16},"end":{"line":174,"column":null}},"62":{"start":{"line":178,"column":8},"end":{"line":178,"column":null}},"63":{"start":{"line":183,"column":22},"end":{"line":183,"column":null}},"64":{"start":{"line":184,"column":8},"end":{"line":187,"column":null}},"65":{"start":{"line":185,"column":12},"end":{"line":185,"column":null}},"66":{"start":{"line":186,"column":12},"end":{"line":186,"column":null}},"67":{"start":{"line":192,"column":21},"end":{"line":192,"column":null}},"68":{"start":{"line":193,"column":8},"end":{"line":193,"column":null}},"69":{"start":{"line":193,"column":59},"end":{"line":193,"column":null}},"70":{"start":{"line":195,"column":8},"end":{"line":195,"column":null}},"71":{"start":{"line":202,"column":21},"end":{"line":202,"column":null}},"72":{"start":{"line":203,"column":8},"end":{"line":203,"column":null}},"73":{"start":{"line":203,"column":19},"end":{"line":203,"column":null}},"74":{"start":{"line":205,"column":8},"end":{"line":205,"column":null}},"75":{"start":{"line":206,"column":8},"end":{"line":206,"column":null}},"76":{"start":{"line":208,"column":8},"end":{"line":212,"column":null}},"77":{"start":{"line":209,"column":12},"end":{"line":209,"column":null}},"78":{"start":{"line":210,"column":15},"end":{"line":212,"column":null}},"79":{"start":{"line":211,"column":12},"end":{"line":211,"column":null}},"80":{"start":{"line":214,"column":8},"end":{"line":214,"column":null}},"81":{"start":{"line":219,"column":21},"end":{"line":219,"column":null}},"82":{"start":{"line":220,"column":8},"end":{"line":225,"column":null}},"83":{"start":{"line":221,"column":12},"end":{"line":223,"column":null}},"84":{"start":{"line":222,"column":16},"end":{"line":222,"column":null}},"85":{"start":{"line":224,"column":12},"end":{"line":224,"column":null}}},"fnMap":{"0":{"name":"getActiveRooms","decl":{"start":{"line":28,"column":18},"end":{"line":28,"column":61}},"loc":{"start":{"line":28,"column":61},"end":{"line":30,"column":null}},"line":28},"1":{"name":"generateUniqueRoomCode","decl":{"start":{"line":32,"column":19},"end":{"line":32,"column":52}},"loc":{"start":{"line":32,"column":52},"end":{"line":40,"column":null}},"line":32},"2":{"name":"createRoom","decl":{"start":{"line":42,"column":18},"end":{"line":42,"column":29}},"loc":{"start":{"line":42,"column":86},"end":{"line":65,"column":null}},"line":42},"3":{"name":"getRoomByCode","decl":{"start":{"line":67,"column":18},"end":{"line":67,"column":32}},"loc":{"start":{"line":67,"column":75},"end":{"line":74,"column":null}},"line":67},"4":{"name":"roomExists","decl":{"start":{"line":76,"column":18},"end":{"line":76,"column":29}},"loc":{"start":{"line":76,"column":54},"end":{"line":78,"column":null}},"line":76},"5":{"name":"getRoomById","decl":{"start":{"line":80,"column":18},"end":{"line":80,"column":30}},"loc":{"start":{"line":80,"column":71},"end":{"line":82,"column":null}},"line":80},"6":{"name":"deleteRoom","decl":{"start":{"line":84,"column":18},"end":{"line":84,"column":29}},"loc":{"start":{"line":84,"column":51},"end":{"line":86,"column":null}},"line":84},"7":{"name":"getRoomBySocketId","decl":{"start":{"line":88,"column":18},"end":{"line":88,"column":36}},"loc":{"start":{"line":88,"column":79},"end":{"line":94,"column":null}},"line":88},"8":{"name":"finishGame","decl":{"start":{"line":96,"column":19},"end":{"line":96,"column":30}},"loc":{"start":{"line":96,"column":76},"end":{"line":103,"column":null}},"line":96},"9":{"name":"surrenderGame","decl":{"start":{"line":106,"column":18},"end":{"line":106,"column":32}},"loc":{"start":{"line":106,"column":102},"end":{"line":114,"column":null}},"line":106},"10":{"name":"setDisconnectTimer","decl":{"start":{"line":117,"column":18},"end":{"line":117,"column":37}},"loc":{"start":{"line":117,"column":82},"end":{"line":119,"column":null}},"line":117},"11":{"name":"clearDisconnectTimer","decl":{"start":{"line":121,"column":18},"end":{"line":121,"column":39}},"loc":{"start":{"line":121,"column":61},"end":{"line":127,"column":null}},"line":121},"12":{"name":"reconnectPlayer","decl":{"start":{"line":130,"column":18},"end":{"line":130,"column":34}},"loc":{"start":{"line":130,"column":112},"end":{"line":146,"column":null}},"line":130},"13":{"name":"startGameTimer","decl":{"start":{"line":149,"column":18},"end":{"line":149,"column":null}},"loc":{"start":{"line":153,"column":12},"end":{"line":179,"column":null}},"line":153},"14":{"name":"(anonymous_14)","decl":{"start":{"line":158,"column":22},"end":{"line":158,"column":40}},"loc":{"start":{"line":158,"column":40},"end":{"line":176,"column":11}},"line":158},"15":{"name":"stopGameTimer","decl":{"start":{"line":182,"column":18},"end":{"line":182,"column":32}},"loc":{"start":{"line":182,"column":54},"end":{"line":188,"column":null}},"line":182},"16":{"name":"resolveDraw","decl":{"start":{"line":191,"column":18},"end":{"line":191,"column":30}},"loc":{"start":{"line":191,"column":64},"end":{"line":196,"column":null}},"line":191},"17":{"name":"resetGameForRematch","decl":{"start":{"line":201,"column":18},"end":{"line":201,"column":38}},"loc":{"start":{"line":201,"column":72},"end":{"line":215,"column":null}},"line":201},"18":{"name":"addChatMessage","decl":{"start":{"line":218,"column":18},"end":{"line":218,"column":33}},"loc":{"start":{"line":218,"column":77},"end":{"line":226,"column":null}},"line":218}},"branchMap":{"0":{"loc":{"start":{"line":58,"column":21},"end":{"line":58,"column":null}},"type":"cond-expr","locations":[{"start":{"line":58,"column":33},"end":{"line":58,"column":47}},{"start":{"line":58,"column":47},"end":{"line":58,"column":null}}],"line":58},"1":{"loc":{"start":{"line":59,"column":22},"end":{"line":59,"column":null}},"type":"cond-expr","locations":[{"start":{"line":59,"column":34},"end":{"line":59,"column":41}},{"start":{"line":59,"column":41},"end":{"line":59,"column":null}}],"line":59},"2":{"loc":{"start":{"line":69,"column":12},"end":{"line":71,"column":null}},"type":"if","locations":[{"start":{"line":69,"column":12},"end":{"line":71,"column":null}},{"start":{},"end":{}}],"line":69},"3":{"loc":{"start":{"line":90,"column":12},"end":{"line":92,"column":null}},"type":"if","locations":[{"start":{"line":90,"column":12},"end":{"line":92,"column":null}},{"start":{},"end":{}}],"line":90},"4":{"loc":{"start":{"line":90,"column":16},"end":{"line":90,"column":101}},"type":"binary-expr","locations":[{"start":{"line":90,"column":16},"end":{"line":90,"column":59}},{"start":{"line":90,"column":59},"end":{"line":90,"column":101}}],"line":90},"5":{"loc":{"start":{"line":108,"column":8},"end":{"line":108,"column":null}},"type":"if","locations":[{"start":{"line":108,"column":8},"end":{"line":108,"column":null}},{"start":{},"end":{}}],"line":108},"6":{"loc":{"start":{"line":108,"column":12},"end":{"line":108,"column":59}},"type":"binary-expr","locations":[{"start":{"line":108,"column":12},"end":{"line":108,"column":21}},{"start":{"line":108,"column":21},"end":{"line":108,"column":59}}],"line":108},"7":{"loc":{"start":{"line":111,"column":23},"end":{"line":111,"column":null}},"type":"cond-expr","locations":[{"start":{"line":111,"column":31},"end":{"line":111,"column":40}},{"start":{"line":111,"column":40},"end":{"line":111,"column":null}}],"line":111},"8":{"loc":{"start":{"line":123,"column":8},"end":{"line":126,"column":null}},"type":"if","locations":[{"start":{"line":123,"column":8},"end":{"line":126,"column":null}},{"start":{},"end":{}}],"line":123},"9":{"loc":{"start":{"line":133,"column":8},"end":{"line":133,"column":null}},"type":"if","locations":[{"start":{"line":133,"column":8},"end":{"line":133,"column":null}},{"start":{},"end":{}}],"line":133},"10":{"loc":{"start":{"line":133,"column":12},"end":{"line":133,"column":59}},"type":"binary-expr","locations":[{"start":{"line":133,"column":12},"end":{"line":133,"column":21}},{"start":{"line":133,"column":21},"end":{"line":133,"column":59}}],"line":133},"11":{"loc":{"start":{"line":135,"column":8},"end":{"line":141,"column":null}},"type":"if","locations":[{"start":{"line":135,"column":8},"end":{"line":141,"column":null}},{"start":{"line":137,"column":15},"end":{"line":141,"column":null}}],"line":135},"12":{"loc":{"start":{"line":137,"column":15},"end":{"line":141,"column":null}},"type":"if","locations":[{"start":{"line":137,"column":15},"end":{"line":141,"column":null}},{"start":{"line":139,"column":15},"end":{"line":141,"column":null}}],"line":137},"13":{"loc":{"start":{"line":154,"column":8},"end":{"line":156,"column":null}},"type":"if","locations":[{"start":{"line":154,"column":8},"end":{"line":156,"column":null}},{"start":{},"end":{}}],"line":154},"14":{"loc":{"start":{"line":160,"column":12},"end":{"line":163,"column":null}},"type":"if","locations":[{"start":{"line":160,"column":12},"end":{"line":163,"column":null}},{"start":{},"end":{}}],"line":160},"15":{"loc":{"start":{"line":160,"column":16},"end":{"line":160,"column":63}},"type":"binary-expr","locations":[{"start":{"line":160,"column":16},"end":{"line":160,"column":25}},{"start":{"line":160,"column":25},"end":{"line":160,"column":63}}],"line":160},"16":{"loc":{"start":{"line":170,"column":12},"end":{"line":175,"column":null}},"type":"if","locations":[{"start":{"line":170,"column":12},"end":{"line":175,"column":null}},{"start":{},"end":{}}],"line":170},"17":{"loc":{"start":{"line":173,"column":40},"end":{"line":173,"column":null}},"type":"cond-expr","locations":[{"start":{"line":173,"column":64},"end":{"line":173,"column":73}},{"start":{"line":173,"column":73},"end":{"line":173,"column":null}}],"line":173},"18":{"loc":{"start":{"line":184,"column":8},"end":{"line":187,"column":null}},"type":"if","locations":[{"start":{"line":184,"column":8},"end":{"line":187,"column":null}},{"start":{},"end":{}}],"line":184},"19":{"loc":{"start":{"line":193,"column":8},"end":{"line":193,"column":null}},"type":"if","locations":[{"start":{"line":193,"column":8},"end":{"line":193,"column":null}},{"start":{},"end":{}}],"line":193},"20":{"loc":{"start":{"line":193,"column":12},"end":{"line":193,"column":59}},"type":"binary-expr","locations":[{"start":{"line":193,"column":12},"end":{"line":193,"column":21}},{"start":{"line":193,"column":21},"end":{"line":193,"column":59}}],"line":193},"21":{"loc":{"start":{"line":203,"column":8},"end":{"line":203,"column":null}},"type":"if","locations":[{"start":{"line":203,"column":8},"end":{"line":203,"column":null}},{"start":{},"end":{}}],"line":203},"22":{"loc":{"start":{"line":208,"column":8},"end":{"line":212,"column":null}},"type":"if","locations":[{"start":{"line":208,"column":8},"end":{"line":212,"column":null}},{"start":{"line":210,"column":15},"end":{"line":212,"column":null}}],"line":208},"23":{"loc":{"start":{"line":210,"column":15},"end":{"line":212,"column":null}},"type":"if","locations":[{"start":{"line":210,"column":15},"end":{"line":212,"column":null}},{"start":{},"end":{}}],"line":210},"24":{"loc":{"start":{"line":220,"column":8},"end":{"line":225,"column":null}},"type":"if","locations":[{"start":{"line":220,"column":8},"end":{"line":225,"column":null}},{"start":{},"end":{}}],"line":220},"25":{"loc":{"start":{"line":221,"column":12},"end":{"line":223,"column":null}},"type":"if","locations":[{"start":{"line":221,"column":12},"end":{"line":223,"column":null}},{"start":{},"end":{}}],"line":221}},"s":{"0":1,"1":1,"2":1,"3":1,"4":0,"5":17,"6":17,"7":17,"8":17,"9":17,"10":17,"11":17,"12":17,"13":17,"14":35,"15":18,"16":17,"17":18,"18":3,"19":21,"20":3,"21":60,"22":41,"23":22,"24":3,"25":3,"26":2,"27":2,"28":0,"29":2,"30":2,"31":2,"32":10,"33":2,"34":2,"35":2,"36":2,"37":1,"38":1,"39":0,"40":1,"41":1,"42":0,"43":0,"44":0,"45":1,"46":1,"47":17,"48":0,"49":17,"50":11,"51":11,"52":8,"53":8,"54":3,"55":3,"56":3,"57":3,"58":1,"59":1,"60":1,"61":1,"62":17,"63":13,"64":13,"65":13,"66":13,"67":1,"68":1,"69":0,"70":1,"71":1,"72":1,"73":0,"74":1,"75":1,"76":1,"77":0,"78":1,"79":0,"80":1,"81":0,"82":0,"83":0,"84":0,"85":0},"f":{"0":1,"1":1,"2":1,"3":1,"4":1,"5":1,"6":1,"7":1,"8":1,"9":1,"10":1,"11":1,"12":1,"13":1,"14":11,"15":1,"16":1,"17":1,"18":1},"b":{"0":[8,9],"1":[8,9],"2":[17,1],"3":[22,19],"4":[41,30],"5":[0,2],"6":[2,2],"7":[1,1],"8":[2,0],"9":[0,1],"10":[1,1],"11":[1,0],"12":[0,0],"13":[0,17],"14":[8,3],"15":[11,3],"16":[1,2],"17":[1,0],"18":[13,0],"19":[0,1],"20":[1,1],"21":[0,1],"22":[0,1],"23":[0,1],"24":[0,0],"25":[0,0]},"meta":{"lastBranch":26,"lastFunction":19,"lastStatement":86,"seen":{"s:19:59:19:Infinity":0,"s:21:67:21:Infinity":1,"s:23:61:23:Infinity":2,"s:25:42:25:Infinity":3,"f:28:18:28:61":0,"s:29:8:29:Infinity":4,"f:32:19:32:52":1,"s:35:8:37:Infinity":5,"s:36:12:36:Infinity":6,"s:39:8:39:Infinity":7,"f:42:18:42:29":2,"s:43:25:43:Infinity":8,"s:47:23:47:Infinity":9,"s:49:26:49:Infinity":10,"s:51:37:61:Infinity":11,"b:58:33:58:47:58:47:58:Infinity":0,"b:59:34:59:41:59:41:59:Infinity":1,"s:63:8:63:Infinity":12,"s:64:8:64:Infinity":13,"f:67:18:67:32":3,"s:68:8:72:Infinity":14,"b:69:12:71:Infinity:undefined:undefined:undefined:undefined":2,"s:69:12:71:Infinity":15,"s:70:16:70:Infinity":16,"s:73:8:73:Infinity":17,"f:76:18:76:29":4,"s:77:8:77:Infinity":18,"f:80:18:80:30":5,"s:81:8:81:Infinity":19,"f:84:18:84:29":6,"s:85:8:85:Infinity":20,"f:88:18:88:36":7,"s:89:8:93:Infinity":21,"b:90:12:92:Infinity:undefined:undefined:undefined:undefined":3,"s:90:12:92:Infinity":22,"b:90:16:90:59:90:59:90:101":4,"s:91:16:91:Infinity":23,"f:96:19:96:30":8,"s:97:8:101:Infinity":24,"s:102:8:102:Infinity":25,"f:106:18:106:32":9,"s:107:21:107:Infinity":26,"b:108:8:108:Infinity:undefined:undefined:undefined:undefined":5,"s:108:8:108:Infinity":27,"b:108:12:108:21:108:21:108:59":6,"s:108:59:108:Infinity":28,"s:110:22:110:Infinity":29,"s:111:23:111:Infinity":30,"b:111:31:111:40:111:40:111:Infinity":7,"s:113:8:113:Infinity":31,"f:117:18:117:37":10,"s:118:8:118:Infinity":32,"f:121:18:121:39":11,"s:122:22:122:Infinity":33,"b:123:8:126:Infinity:undefined:undefined:undefined:undefined":8,"s:123:8:126:Infinity":34,"s:124:12:124:Infinity":35,"s:125:12:125:Infinity":36,"f:130:18:130:34":12,"s:131:21:131:Infinity":37,"b:133:8:133:Infinity:undefined:undefined:undefined:undefined":9,"s:133:8:133:Infinity":38,"b:133:12:133:21:133:21:133:59":10,"s:133:59:133:Infinity":39,"b:135:8:141:Infinity:137:15:141:Infinity":11,"s:135:8:141:Infinity":40,"s:136:12:136:Infinity":41,"b:137:15:141:Infinity:139:15:141:Infinity":12,"s:137:15:141:Infinity":42,"s:138:12:138:Infinity":43,"s:140:12:140:Infinity":44,"s:143:8:143:Infinity":45,"s:145:8:145:Infinity":46,"f:149:18:149:Infinity":13,"b:154:8:156:Infinity:undefined:undefined:undefined:undefined":13,"s:154:8:156:Infinity":47,"s:155:12:155:Infinity":48,"s:158:22:176:Infinity":49,"f:158:22:158:40":14,"s:159:25:159:Infinity":50,"b:160:12:163:Infinity:undefined:undefined:undefined:undefined":14,"s:160:12:163:Infinity":51,"b:160:16:160:25:160:25:160:63":15,"s:161:16:161:Infinity":52,"s:162:16:162:Infinity":53,"s:165:32:165:Infinity":54,"s:166:12:166:Infinity":55,"s:168:12:168:Infinity":56,"b:170:12:175:Infinity:undefined:undefined:undefined:undefined":16,"s:170:12:175:Infinity":57,"s:171:16:171:Infinity":58,"s:172:16:172:Infinity":59,"s:173:16:173:Infinity":60,"b:173:64:173:73:173:73:173:Infinity":17,"s:174:16:174:Infinity":61,"s:178:8:178:Infinity":62,"f:182:18:182:32":15,"s:183:22:183:Infinity":63,"b:184:8:187:Infinity:undefined:undefined:undefined:undefined":18,"s:184:8:187:Infinity":64,"s:185:12:185:Infinity":65,"s:186:12:186:Infinity":66,"f:191:18:191:30":16,"s:192:21:192:Infinity":67,"b:193:8:193:Infinity:undefined:undefined:undefined:undefined":19,"s:193:8:193:Infinity":68,"b:193:12:193:21:193:21:193:59":20,"s:193:59:193:Infinity":69,"s:195:8:195:Infinity":70,"f:201:18:201:38":17,"s:202:21:202:Infinity":71,"b:203:8:203:Infinity:undefined:undefined:undefined:undefined":21,"s:203:8:203:Infinity":72,"s:203:19:203:Infinity":73,"s:205:8:205:Infinity":74,"s:206:8:206:Infinity":75,"b:208:8:212:Infinity:210:15:212:Infinity":22,"s:208:8:212:Infinity":76,"s:209:12:209:Infinity":77,"b:210:15:212:Infinity:undefined:undefined:undefined:undefined":23,"s:210:15:212:Infinity":78,"s:211:12:211:Infinity":79,"s:214:8:214:Infinity":80,"f:218:18:218:33":18,"s:219:21:219:Infinity":81,"b:220:8:225:Infinity:undefined:undefined:undefined:undefined":24,"s:220:8:225:Infinity":82,"b:221:12:223:Infinity:undefined:undefined:undefined:undefined":25,"s:221:12:223:Infinity":83,"s:222:16:222:Infinity":84,"s:224:12:224:Infinity":85},"fnNames":{}}}
,"C:\\Dev\\Uni\\TFG\\tfg-onitama\\backend\\src\\network\\SocketHandler.ts": {"path":"C:\\Dev\\Uni\\TFG\\tfg-onitama\\backend\\src\\network\\SocketHandler.ts","statementMap":{"0":{"start":{"line":8,"column":4},"end":{"line":22,"column":null}},"1":{"start":{"line":9,"column":8},"end":{"line":9,"column":null}},"2":{"start":{"line":11,"column":8},"end":{"line":11,"column":null}},"3":{"start":{"line":12,"column":8},"end":{"line":12,"column":null}},"4":{"start":{"line":13,"column":8},"end":{"line":13,"column":null}},"5":{"start":{"line":14,"column":8},"end":{"line":14,"column":null}},"6":{"start":{"line":15,"column":8},"end":{"line":15,"column":null}},"7":{"start":{"line":16,"column":8},"end":{"line":16,"column":null}},"8":{"start":{"line":19,"column":8},"end":{"line":21,"column":null}},"9":{"start":{"line":20,"column":12},"end":{"line":20,"column":null}},"10":{"start":{"line":28,"column":4},"end":{"line":41,"column":null}},"11":{"start":{"line":29,"column":43},"end":{"line":32,"column":null}},"12":{"start":{"line":34,"column":21},"end":{"line":34,"column":null}},"13":{"start":{"line":36,"column":8},"end":{"line":36,"column":null}},"14":{"start":{"line":38,"column":8},"end":{"line":38,"column":null}},"15":{"start":{"line":40,"column":8},"end":{"line":40,"column":null}},"16":{"start":{"line":44,"column":4},"end":{"line":109,"column":null}},"17":{"start":{"line":45,"column":40},"end":{"line":45,"column":null}},"18":{"start":{"line":46,"column":44},"end":{"line":49,"column":null}},"19":{"start":{"line":51,"column":21},"end":{"line":51,"column":null}},"20":{"start":{"line":54,"column":8},"end":{"line":56,"column":null}},"21":{"start":{"line":55,"column":12},"end":{"line":55,"column":null}},"22":{"start":{"line":58,"column":23},"end":{"line":58,"column":null}},"23":{"start":{"line":61,"column":27},"end":{"line":61,"column":null}},"24":{"start":{"line":62,"column":27},"end":{"line":62,"column":null}},"25":{"start":{"line":64,"column":8},"end":{"line":68,"column":null}},"26":{"start":{"line":65,"column":12},"end":{"line":65,"column":null}},"27":{"start":{"line":66,"column":15},"end":{"line":68,"column":null}},"28":{"start":{"line":67,"column":12},"end":{"line":67,"column":null}},"29":{"start":{"line":70,"column":8},"end":{"line":70,"column":null}},"30":{"start":{"line":71,"column":8},"end":{"line":71,"column":null}},"31":{"start":{"line":73,"column":8},"end":{"line":77,"column":null}},"32":{"start":{"line":74,"column":12},"end":{"line":74,"column":null}},"33":{"start":{"line":75,"column":15},"end":{"line":77,"column":null}},"34":{"start":{"line":76,"column":12},"end":{"line":76,"column":null}},"35":{"start":{"line":80,"column":29},"end":{"line":80,"column":null}},"36":{"start":{"line":81,"column":8},"end":{"line":81,"column":null}},"37":{"start":{"line":83,"column":8},"end":{"line":87,"column":null}},"38":{"start":{"line":84,"column":12},"end":{"line":84,"column":null}},"39":{"start":{"line":85,"column":15},"end":{"line":87,"column":null}},"40":{"start":{"line":86,"column":12},"end":{"line":86,"column":null}},"41":{"start":{"line":89,"column":31},"end":{"line":92,"column":null}},"42":{"start":{"line":94,"column":8},"end":{"line":94,"column":null}},"43":{"start":{"line":95,"column":8},"end":{"line":106,"column":null}},"44":{"start":{"line":96,"column":12},"end":{"line":105,"column":null}},"45":{"start":{"line":98,"column":20},"end":{"line":98,"column":null}},"46":{"start":{"line":102,"column":20},"end":{"line":102,"column":null}},"47":{"start":{"line":103,"column":20},"end":{"line":103,"column":null}},"48":{"start":{"line":108,"column":8},"end":{"line":108,"column":null}},"49":{"start":{"line":111,"column":4},"end":{"line":122,"column":null}},"50":{"start":{"line":112,"column":21},"end":{"line":112,"column":null}},"51":{"start":{"line":114,"column":8},"end":{"line":121,"column":null}},"52":{"start":{"line":115,"column":12},"end":{"line":115,"column":null}},"53":{"start":{"line":117,"column":12},"end":{"line":117,"column":null}},"54":{"start":{"line":118,"column":12},"end":{"line":118,"column":null}},"55":{"start":{"line":119,"column":12},"end":{"line":119,"column":null}},"56":{"start":{"line":120,"column":12},"end":{"line":120,"column":null}},"57":{"start":{"line":127,"column":4},"end":{"line":154,"column":null}},"58":{"start":{"line":128,"column":21},"end":{"line":128,"column":null}},"59":{"start":{"line":130,"column":8},"end":{"line":132,"column":null}},"60":{"start":{"line":131,"column":12},"end":{"line":131,"column":null}},"61":{"start":{"line":134,"column":8},"end":{"line":136,"column":null}},"62":{"start":{"line":135,"column":12},"end":{"line":135,"column":null}},"63":{"start":{"line":138,"column":8},"end":{"line":153,"column":null}},"64":{"start":{"line":139,"column":29},"end":{"line":139,"column":null}},"65":{"start":{"line":140,"column":12},"end":{"line":140,"column":null}},"66":{"start":{"line":142,"column":12},"end":{"line":142,"column":null}},"67":{"start":{"line":144,"column":12},"end":{"line":147,"column":null}},"68":{"start":{"line":145,"column":16},"end":{"line":145,"column":null}},"69":{"start":{"line":150,"column":28},"end":{"line":150,"column":null}},"70":{"start":{"line":151,"column":12},"end":{"line":151,"column":null}},"71":{"start":{"line":152,"column":12},"end":{"line":152,"column":null}},"72":{"start":{"line":156,"column":4},"end":{"line":173,"column":null}},"73":{"start":{"line":157,"column":21},"end":{"line":157,"column":null}},"74":{"start":{"line":158,"column":8},"end":{"line":160,"column":null}},"75":{"start":{"line":159,"column":12},"end":{"line":159,"column":null}},"76":{"start":{"line":162,"column":8},"end":{"line":172,"column":null}},"77":{"start":{"line":163,"column":37},"end":{"line":163,"column":null}},"78":{"start":{"line":165,"column":12},"end":{"line":169,"column":null}},"79":{"start":{"line":166,"column":16},"end":{"line":166,"column":null}},"80":{"start":{"line":167,"column":16},"end":{"line":167,"column":null}},"81":{"start":{"line":171,"column":12},"end":{"line":171,"column":null}},"82":{"start":{"line":175,"column":4},"end":{"line":207,"column":null}},"83":{"start":{"line":176,"column":8},"end":{"line":176,"column":null}},"84":{"start":{"line":178,"column":8},"end":{"line":178,"column":null}},"85":{"start":{"line":180,"column":26},"end":{"line":180,"column":null}},"86":{"start":{"line":182,"column":21},"end":{"line":182,"column":null}},"87":{"start":{"line":184,"column":8},"end":{"line":184,"column":null}},"88":{"start":{"line":184,"column":59},"end":{"line":184,"column":null}},"89":{"start":{"line":186,"column":8},"end":{"line":189,"column":null}},"90":{"start":{"line":191,"column":22},"end":{"line":204,"column":null}},"91":{"start":{"line":192,"column":12},"end":{"line":203,"column":null}},"92":{"start":{"line":193,"column":41},"end":{"line":193,"column":null}},"93":{"start":{"line":195,"column":16},"end":{"line":200,"column":null}},"94":{"start":{"line":196,"column":20},"end":{"line":196,"column":null}},"95":{"start":{"line":197,"column":20},"end":{"line":197,"column":null}},"96":{"start":{"line":198,"column":20},"end":{"line":198,"column":null}},"97":{"start":{"line":199,"column":20},"end":{"line":199,"column":null}},"98":{"start":{"line":202,"column":16},"end":{"line":202,"column":null}},"99":{"start":{"line":206,"column":8},"end":{"line":206,"column":null}},"100":{"start":{"line":209,"column":4},"end":{"line":233,"column":null}},"101":{"start":{"line":210,"column":8},"end":{"line":232,"column":null}},"102":{"start":{"line":211,"column":25},"end":{"line":215,"column":null}},"103":{"start":{"line":217,"column":12},"end":{"line":228,"column":null}},"104":{"start":{"line":218,"column":16},"end":{"line":218,"column":null}},"105":{"start":{"line":220,"column":16},"end":{"line":223,"column":null}},"106":{"start":{"line":225,"column":16},"end":{"line":225,"column":null}},"107":{"start":{"line":227,"column":16},"end":{"line":227,"column":null}},"108":{"start":{"line":230,"column":28},"end":{"line":230,"column":null}},"109":{"start":{"line":231,"column":12},"end":{"line":231,"column":null}},"110":{"start":{"line":240,"column":4},"end":{"line":246,"column":null}},"111":{"start":{"line":241,"column":21},"end":{"line":241,"column":null}},"112":{"start":{"line":243,"column":8},"end":{"line":245,"column":null}},"113":{"start":{"line":244,"column":12},"end":{"line":244,"column":null}},"114":{"start":{"line":249,"column":4},"end":{"line":255,"column":null}},"115":{"start":{"line":250,"column":21},"end":{"line":250,"column":null}},"116":{"start":{"line":252,"column":8},"end":{"line":254,"column":null}},"117":{"start":{"line":253,"column":12},"end":{"line":253,"column":null}},"118":{"start":{"line":257,"column":4},"end":{"line":275,"column":null}},"119":{"start":{"line":258,"column":21},"end":{"line":258,"column":null}},"120":{"start":{"line":260,"column":8},"end":{"line":262,"column":null}},"121":{"start":{"line":261,"column":12},"end":{"line":261,"column":null}},"122":{"start":{"line":264,"column":8},"end":{"line":274,"column":null}},"123":{"start":{"line":265,"column":31},"end":{"line":265,"column":null}},"124":{"start":{"line":267,"column":12},"end":{"line":271,"column":null}},"125":{"start":{"line":268,"column":16},"end":{"line":268,"column":null}},"126":{"start":{"line":269,"column":16},"end":{"line":269,"column":null}},"127":{"start":{"line":273,"column":12},"end":{"line":273,"column":null}},"128":{"start":{"line":281,"column":4},"end":{"line":323,"column":null}},"129":{"start":{"line":282,"column":25},"end":{"line":282,"column":null}},"130":{"start":{"line":284,"column":23},"end":{"line":284,"column":null}},"131":{"start":{"line":285,"column":8},"end":{"line":285,"column":null}},"132":{"start":{"line":286,"column":8},"end":{"line":322,"column":null}},"133":{"start":{"line":288,"column":12},"end":{"line":288,"column":null}},"134":{"start":{"line":289,"column":35},"end":{"line":289,"column":null}},"135":{"start":{"line":290,"column":12},"end":{"line":292,"column":null}},"136":{"start":{"line":291,"column":16},"end":{"line":291,"column":null}},"137":{"start":{"line":294,"column":12},"end":{"line":298,"column":null}},"138":{"start":{"line":300,"column":25},"end":{"line":300,"column":null}},"139":{"start":{"line":302,"column":12},"end":{"line":318,"column":null}},"140":{"start":{"line":303,"column":16},"end":{"line":303,"column":null}},"141":{"start":{"line":305,"column":16},"end":{"line":309,"column":null}},"142":{"start":{"line":306,"column":20},"end":{"line":306,"column":null}},"143":{"start":{"line":307,"column":23},"end":{"line":309,"column":null}},"144":{"start":{"line":308,"column":20},"end":{"line":308,"column":null}},"145":{"start":{"line":310,"column":16},"end":{"line":310,"column":null}},"146":{"start":{"line":312,"column":16},"end":{"line":317,"column":null}},"147":{"start":{"line":313,"column":20},"end":{"line":316,"column":null}},"148":{"start":{"line":314,"column":43},"end":{"line":314,"column":null}},"149":{"start":{"line":315,"column":40},"end":{"line":315,"column":null}},"150":{"start":{"line":321,"column":12},"end":{"line":321,"column":null}},"151":{"start":{"line":325,"column":4},"end":{"line":328,"column":null}},"152":{"start":{"line":326,"column":8},"end":{"line":326,"column":null}},"153":{"start":{"line":327,"column":8},"end":{"line":327,"column":null}},"154":{"start":{"line":334,"column":4},"end":{"line":341,"column":null}},"155":{"start":{"line":335,"column":8},"end":{"line":335,"column":null}},"156":{"start":{"line":336,"column":23},"end":{"line":336,"column":null}},"157":{"start":{"line":337,"column":8},"end":{"line":337,"column":null}},"158":{"start":{"line":338,"column":8},"end":{"line":340,"column":null}},"159":{"start":{"line":339,"column":12},"end":{"line":339,"column":null}},"160":{"start":{"line":343,"column":4},"end":{"line":349,"column":null}},"161":{"start":{"line":344,"column":23},"end":{"line":344,"column":null}},"162":{"start":{"line":345,"column":8},"end":{"line":348,"column":null}},"163":{"start":{"line":346,"column":12},"end":{"line":346,"column":null}},"164":{"start":{"line":347,"column":12},"end":{"line":347,"column":null}},"165":{"start":{"line":351,"column":4},"end":{"line":371,"column":null}},"166":{"start":{"line":352,"column":22},"end":{"line":352,"column":null}},"167":{"start":{"line":353,"column":8},"end":{"line":370,"column":null}},"168":{"start":{"line":354,"column":33},"end":{"line":354,"column":null}},"169":{"start":{"line":356,"column":12},"end":{"line":369,"column":null}},"170":{"start":{"line":358,"column":16},"end":{"line":358,"column":null}},"171":{"start":{"line":360,"column":16},"end":{"line":368,"column":null}},"172":{"start":{"line":361,"column":20},"end":{"line":367,"column":null}},"173":{"start":{"line":362,"column":43},"end":{"line":362,"column":null}},"174":{"start":{"line":364,"column":28},"end":{"line":364,"column":null}},"175":{"start":{"line":365,"column":28},"end":{"line":365,"column":null}},"176":{"start":{"line":377,"column":4},"end":{"line":392,"column":null}},"177":{"start":{"line":378,"column":8},"end":{"line":378,"column":null}},"178":{"start":{"line":379,"column":21},"end":{"line":379,"column":null}},"179":{"start":{"line":380,"column":8},"end":{"line":391,"column":null}},"180":{"start":{"line":381,"column":25},"end":{"line":381,"column":null}},"181":{"start":{"line":382,"column":32},"end":{"line":387,"column":null}},"182":{"start":{"line":389,"column":12},"end":{"line":389,"column":null}},"183":{"start":{"line":390,"column":12},"end":{"line":390,"column":null}}},"fnMap":{"0":{"name":"registerSocketEvents","decl":{"start":{"line":7,"column":16},"end":{"line":7,"column":37}},"loc":{"start":{"line":7,"column":49},"end":{"line":23,"column":null}},"line":7},"1":{"name":"(anonymous_1)","decl":{"start":{"line":8,"column":10},"end":{"line":8,"column":25}},"loc":{"start":{"line":8,"column":44},"end":{"line":22,"column":5}},"line":8},"2":{"name":"(anonymous_2)","decl":{"start":{"line":19,"column":31},"end":{"line":19,"column":39}},"loc":{"start":{"line":19,"column":62},"end":{"line":21,"column":9}},"line":19},"3":{"name":"registerRoomEvents","decl":{"start":{"line":26,"column":9},"end":{"line":26,"column":28}},"loc":{"start":{"line":26,"column":56},"end":{"line":123,"column":null}},"line":26},"4":{"name":"(anonymous_4)","decl":{"start":{"line":28,"column":27},"end":{"line":28,"column":42}},"loc":{"start":{"line":28,"column":90},"end":{"line":41,"column":5}},"line":28},"5":{"name":"(anonymous_5)","decl":{"start":{"line":44,"column":27},"end":{"line":44,"column":39}},"loc":{"start":{"line":44,"column":92},"end":{"line":109,"column":5}},"line":44},"6":{"name":"(anonymous_6)","decl":{"start":{"line":96,"column":39},"end":{"line":96,"column":null}},"loc":{"start":{"line":97,"column":35},"end":{"line":99,"column":null}},"line":97},"7":{"name":"(anonymous_7)","decl":{"start":{"line":99,"column":16},"end":{"line":99,"column":null}},"loc":{"start":{"line":101,"column":32},"end":{"line":104,"column":null}},"line":101},"8":{"name":"(anonymous_8)","decl":{"start":{"line":111,"column":27},"end":{"line":111,"column":45}},"loc":{"start":{"line":111,"column":45},"end":{"line":122,"column":5}},"line":111},"9":{"name":"registerGamePlayEvents","decl":{"start":{"line":126,"column":9},"end":{"line":126,"column":32}},"loc":{"start":{"line":126,"column":60},"end":{"line":234,"column":null}},"line":126},"10":{"name":"(anonymous_10)","decl":{"start":{"line":127,"column":27},"end":{"line":127,"column":41}},"loc":{"start":{"line":127,"column":138},"end":{"line":154,"column":5}},"line":127},"11":{"name":"(anonymous_11)","decl":{"start":{"line":156,"column":27},"end":{"line":156,"column":44}},"loc":{"start":{"line":156,"column":44},"end":{"line":173,"column":5}},"line":156},"12":{"name":"(anonymous_12)","decl":{"start":{"line":175,"column":14},"end":{"line":175,"column":34}},"loc":{"start":{"line":175,"column":34},"end":{"line":207,"column":5}},"line":175},"13":{"name":"(anonymous_13)","decl":{"start":{"line":191,"column":22},"end":{"line":191,"column":39}},"loc":{"start":{"line":191,"column":39},"end":{"line":204,"column":11}},"line":191},"14":{"name":"(anonymous_14)","decl":{"start":{"line":209,"column":27},"end":{"line":209,"column":47}},"loc":{"start":{"line":209,"column":77},"end":{"line":233,"column":5}},"line":209},"15":{"name":"registerDrawEvents","decl":{"start":{"line":237,"column":9},"end":{"line":237,"column":28}},"loc":{"start":{"line":237,"column":56},"end":{"line":276,"column":null}},"line":237},"16":{"name":"(anonymous_16)","decl":{"start":{"line":240,"column":27},"end":{"line":240,"column":45}},"loc":{"start":{"line":240,"column":45},"end":{"line":246,"column":5}},"line":240},"17":{"name":"(anonymous_17)","decl":{"start":{"line":249,"column":27},"end":{"line":249,"column":46}},"loc":{"start":{"line":249,"column":46},"end":{"line":255,"column":5}},"line":249},"18":{"name":"(anonymous_18)","decl":{"start":{"line":257,"column":27},"end":{"line":257,"column":46}},"loc":{"start":{"line":257,"column":46},"end":{"line":275,"column":5}},"line":257},"19":{"name":"registerMatchmakingEvents","decl":{"start":{"line":279,"column":9},"end":{"line":279,"column":35}},"loc":{"start":{"line":279,"column":63},"end":{"line":329,"column":null}},"line":279},"20":{"name":"(anonymous_20)","decl":{"start":{"line":281,"column":27},"end":{"line":281,"column":40}},"loc":{"start":{"line":281,"column":69},"end":{"line":323,"column":5}},"line":281},"21":{"name":"(anonymous_21)","decl":{"start":{"line":313,"column":52},"end":{"line":313,"column":null}},"loc":{"start":{"line":314,"column":43},"end":{"line":314,"column":null}},"line":314},"22":{"name":"(anonymous_22)","decl":{"start":{"line":314,"column":108},"end":{"line":314,"column":null}},"loc":{"start":{"line":315,"column":40},"end":{"line":315,"column":null}},"line":315},"23":{"name":"(anonymous_23)","decl":{"start":{"line":325,"column":27},"end":{"line":325,"column":46}},"loc":{"start":{"line":325,"column":46},"end":{"line":328,"column":5}},"line":325},"24":{"name":"registerRematchEvents","decl":{"start":{"line":332,"column":9},"end":{"line":332,"column":31}},"loc":{"start":{"line":332,"column":59},"end":{"line":372,"column":null}},"line":332},"25":{"name":"(anonymous_25)","decl":{"start":{"line":334,"column":27},"end":{"line":334,"column":48}},"loc":{"start":{"line":334,"column":48},"end":{"line":341,"column":5}},"line":334},"26":{"name":"(anonymous_26)","decl":{"start":{"line":343,"column":27},"end":{"line":343,"column":49}},"loc":{"start":{"line":343,"column":49},"end":{"line":349,"column":5}},"line":343},"27":{"name":"(anonymous_27)","decl":{"start":{"line":351,"column":27},"end":{"line":351,"column":49}},"loc":{"start":{"line":351,"column":49},"end":{"line":371,"column":5}},"line":351},"28":{"name":"(anonymous_28)","decl":{"start":{"line":361,"column":52},"end":{"line":361,"column":null}},"loc":{"start":{"line":362,"column":43},"end":{"line":362,"column":null}},"line":362},"29":{"name":"(anonymous_29)","decl":{"start":{"line":362,"column":108},"end":{"line":362,"column":null}},"loc":{"start":{"line":363,"column":40},"end":{"line":366,"column":null}},"line":363},"30":{"name":"registerChatEvents","decl":{"start":{"line":375,"column":9},"end":{"line":375,"column":28}},"loc":{"start":{"line":375,"column":56},"end":{"line":393,"column":null}},"line":375},"31":{"name":"(anonymous_31)","decl":{"start":{"line":377,"column":27},"end":{"line":377,"column":42}},"loc":{"start":{"line":377,"column":79},"end":{"line":392,"column":5}},"line":377}},"branchMap":{"0":{"loc":{"start":{"line":54,"column":8},"end":{"line":56,"column":null}},"type":"if","locations":[{"start":{"line":54,"column":8},"end":{"line":56,"column":null}},{"start":{},"end":{}}],"line":54},"1":{"loc":{"start":{"line":62,"column":27},"end":{"line":62,"column":null}},"type":"cond-expr","locations":[{"start":{"line":62,"column":40},"end":{"line":62,"column":58}},{"start":{"line":62,"column":58},"end":{"line":62,"column":null}}],"line":62},"2":{"loc":{"start":{"line":64,"column":8},"end":{"line":68,"column":null}},"type":"if","locations":[{"start":{"line":64,"column":8},"end":{"line":68,"column":null}},{"start":{"line":66,"column":15},"end":{"line":68,"column":null}}],"line":64},"3":{"loc":{"start":{"line":66,"column":15},"end":{"line":68,"column":null}},"type":"if","locations":[{"start":{"line":66,"column":15},"end":{"line":68,"column":null}},{"start":{},"end":{}}],"line":66},"4":{"loc":{"start":{"line":73,"column":8},"end":{"line":77,"column":null}},"type":"if","locations":[{"start":{"line":73,"column":8},"end":{"line":77,"column":null}},{"start":{"line":75,"column":15},"end":{"line":77,"column":null}}],"line":73},"5":{"loc":{"start":{"line":75,"column":15},"end":{"line":77,"column":null}},"type":"if","locations":[{"start":{"line":75,"column":15},"end":{"line":77,"column":null}},{"start":{},"end":{}}],"line":75},"6":{"loc":{"start":{"line":83,"column":8},"end":{"line":87,"column":null}},"type":"if","locations":[{"start":{"line":83,"column":8},"end":{"line":87,"column":null}},{"start":{"line":85,"column":15},"end":{"line":87,"column":null}}],"line":83},"7":{"loc":{"start":{"line":85,"column":15},"end":{"line":87,"column":null}},"type":"if","locations":[{"start":{"line":85,"column":15},"end":{"line":87,"column":null}},{"start":{},"end":{}}],"line":85},"8":{"loc":{"start":{"line":95,"column":8},"end":{"line":106,"column":null}},"type":"if","locations":[{"start":{"line":95,"column":8},"end":{"line":106,"column":null}},{"start":{},"end":{}}],"line":95},"9":{"loc":{"start":{"line":114,"column":8},"end":{"line":121,"column":null}},"type":"if","locations":[{"start":{"line":114,"column":8},"end":{"line":121,"column":null}},{"start":{},"end":{}}],"line":114},"10":{"loc":{"start":{"line":130,"column":8},"end":{"line":132,"column":null}},"type":"if","locations":[{"start":{"line":130,"column":8},"end":{"line":132,"column":null}},{"start":{},"end":{}}],"line":130},"11":{"loc":{"start":{"line":130,"column":12},"end":{"line":130,"column":38}},"type":"binary-expr","locations":[{"start":{"line":130,"column":12},"end":{"line":130,"column":21}},{"start":{"line":130,"column":21},"end":{"line":130,"column":38}}],"line":130},"12":{"loc":{"start":{"line":134,"column":8},"end":{"line":136,"column":null}},"type":"if","locations":[{"start":{"line":134,"column":8},"end":{"line":136,"column":null}},{"start":{},"end":{}}],"line":134},"13":{"loc":{"start":{"line":144,"column":12},"end":{"line":147,"column":null}},"type":"if","locations":[{"start":{"line":144,"column":12},"end":{"line":147,"column":null}},{"start":{},"end":{}}],"line":144},"14":{"loc":{"start":{"line":150,"column":28},"end":{"line":150,"column":null}},"type":"cond-expr","locations":[{"start":{"line":150,"column":53},"end":{"line":150,"column":69}},{"start":{"line":150,"column":69},"end":{"line":150,"column":null}}],"line":150},"15":{"loc":{"start":{"line":158,"column":8},"end":{"line":160,"column":null}},"type":"if","locations":[{"start":{"line":158,"column":8},"end":{"line":160,"column":null}},{"start":{},"end":{}}],"line":158},"16":{"loc":{"start":{"line":165,"column":12},"end":{"line":169,"column":null}},"type":"if","locations":[{"start":{"line":165,"column":12},"end":{"line":169,"column":null}},{"start":{},"end":{}}],"line":165},"17":{"loc":{"start":{"line":184,"column":8},"end":{"line":184,"column":null}},"type":"if","locations":[{"start":{"line":184,"column":8},"end":{"line":184,"column":null}},{"start":{},"end":{}}],"line":184},"18":{"loc":{"start":{"line":184,"column":12},"end":{"line":184,"column":59}},"type":"binary-expr","locations":[{"start":{"line":184,"column":12},"end":{"line":184,"column":21}},{"start":{"line":184,"column":21},"end":{"line":184,"column":59}}],"line":184},"19":{"loc":{"start":{"line":195,"column":16},"end":{"line":200,"column":null}},"type":"if","locations":[{"start":{"line":195,"column":16},"end":{"line":200,"column":null}},{"start":{},"end":{}}],"line":195},"20":{"loc":{"start":{"line":217,"column":12},"end":{"line":228,"column":null}},"type":"if","locations":[{"start":{"line":217,"column":12},"end":{"line":228,"column":null}},{"start":{"line":226,"column":19},"end":{"line":228,"column":null}}],"line":217},"21":{"loc":{"start":{"line":230,"column":28},"end":{"line":230,"column":null}},"type":"cond-expr","locations":[{"start":{"line":230,"column":53},"end":{"line":230,"column":69}},{"start":{"line":230,"column":69},"end":{"line":230,"column":null}}],"line":230},"22":{"loc":{"start":{"line":243,"column":8},"end":{"line":245,"column":null}},"type":"if","locations":[{"start":{"line":243,"column":8},"end":{"line":245,"column":null}},{"start":{},"end":{}}],"line":243},"23":{"loc":{"start":{"line":252,"column":8},"end":{"line":254,"column":null}},"type":"if","locations":[{"start":{"line":252,"column":8},"end":{"line":254,"column":null}},{"start":{},"end":{}}],"line":252},"24":{"loc":{"start":{"line":260,"column":8},"end":{"line":262,"column":null}},"type":"if","locations":[{"start":{"line":260,"column":8},"end":{"line":262,"column":null}},{"start":{},"end":{}}],"line":260},"25":{"loc":{"start":{"line":260,"column":12},"end":{"line":260,"column":59}},"type":"binary-expr","locations":[{"start":{"line":260,"column":12},"end":{"line":260,"column":21}},{"start":{"line":260,"column":21},"end":{"line":260,"column":59}}],"line":260},"26":{"loc":{"start":{"line":267,"column":12},"end":{"line":271,"column":null}},"type":"if","locations":[{"start":{"line":267,"column":12},"end":{"line":271,"column":null}},{"start":{},"end":{}}],"line":267},"27":{"loc":{"start":{"line":286,"column":8},"end":{"line":322,"column":null}},"type":"if","locations":[{"start":{"line":286,"column":8},"end":{"line":322,"column":null}},{"start":{"line":320,"column":15},"end":{"line":322,"column":null}}],"line":286},"28":{"loc":{"start":{"line":286,"column":12},"end":{"line":286,"column":68}},"type":"binary-expr","locations":[{"start":{"line":286,"column":12},"end":{"line":286,"column":33}},{"start":{"line":286,"column":33},"end":{"line":286,"column":50}},{"start":{"line":286,"column":50},"end":{"line":286,"column":68}}],"line":286},"29":{"loc":{"start":{"line":290,"column":12},"end":{"line":292,"column":null}},"type":"if","locations":[{"start":{"line":290,"column":12},"end":{"line":292,"column":null}},{"start":{},"end":{}}],"line":290},"30":{"loc":{"start":{"line":302,"column":12},"end":{"line":318,"column":null}},"type":"if","locations":[{"start":{"line":302,"column":12},"end":{"line":318,"column":null}},{"start":{},"end":{}}],"line":302},"31":{"loc":{"start":{"line":305,"column":16},"end":{"line":309,"column":null}},"type":"if","locations":[{"start":{"line":305,"column":16},"end":{"line":309,"column":null}},{"start":{"line":307,"column":23},"end":{"line":309,"column":null}}],"line":305},"32":{"loc":{"start":{"line":307,"column":23},"end":{"line":309,"column":null}},"type":"if","locations":[{"start":{"line":307,"column":23},"end":{"line":309,"column":null}},{"start":{},"end":{}}],"line":307},"33":{"loc":{"start":{"line":312,"column":16},"end":{"line":317,"column":null}},"type":"if","locations":[{"start":{"line":312,"column":16},"end":{"line":317,"column":null}},{"start":{},"end":{}}],"line":312},"34":{"loc":{"start":{"line":338,"column":8},"end":{"line":340,"column":null}},"type":"if","locations":[{"start":{"line":338,"column":8},"end":{"line":340,"column":null}},{"start":{},"end":{}}],"line":338},"35":{"loc":{"start":{"line":345,"column":8},"end":{"line":348,"column":null}},"type":"if","locations":[{"start":{"line":345,"column":8},"end":{"line":348,"column":null}},{"start":{},"end":{}}],"line":345},"36":{"loc":{"start":{"line":353,"column":8},"end":{"line":370,"column":null}},"type":"if","locations":[{"start":{"line":353,"column":8},"end":{"line":370,"column":null}},{"start":{},"end":{}}],"line":353},"37":{"loc":{"start":{"line":356,"column":12},"end":{"line":369,"column":null}},"type":"if","locations":[{"start":{"line":356,"column":12},"end":{"line":369,"column":null}},{"start":{},"end":{}}],"line":356},"38":{"loc":{"start":{"line":360,"column":16},"end":{"line":368,"column":null}},"type":"if","locations":[{"start":{"line":360,"column":16},"end":{"line":368,"column":null}},{"start":{},"end":{}}],"line":360},"39":{"loc":{"start":{"line":380,"column":8},"end":{"line":391,"column":null}},"type":"if","locations":[{"start":{"line":380,"column":8},"end":{"line":391,"column":null}},{"start":{},"end":{}}],"line":380},"40":{"loc":{"start":{"line":381,"column":25},"end":{"line":381,"column":null}},"type":"cond-expr","locations":[{"start":{"line":381,"column":68},"end":{"line":381,"column":92}},{"start":{"line":381,"column":92},"end":{"line":381,"column":null}}],"line":381},"41":{"loc":{"start":{"line":384,"column":22},"end":{"line":384,"column":null}},"type":"binary-expr","locations":[{"start":{"line":384,"column":22},"end":{"line":384,"column":30}},{"start":{"line":384,"column":30},"end":{"line":384,"column":null}}],"line":384}},"s":{"0":5,"1":48,"2":48,"3":48,"4":48,"5":48,"6":48,"7":48,"8":48,"9":1,"10":48,"11":16,"12":16,"13":16,"14":16,"15":16,"16":48,"17":17,"18":17,"19":17,"20":17,"21":1,"22":16,"23":16,"24":16,"25":17,"26":0,"27":16,"28":1,"29":15,"30":15,"31":15,"32":8,"33":7,"34":7,"35":15,"36":15,"37":15,"38":0,"39":15,"40":0,"41":15,"42":15,"43":15,"44":15,"45":2,"46":1,"47":1,"48":15,"49":48,"50":0,"51":0,"52":0,"53":0,"54":0,"55":0,"56":0,"57":48,"58":3,"59":3,"60":0,"61":3,"62":0,"63":3,"64":3,"65":3,"66":3,"67":3,"68":0,"69":2,"70":2,"71":2,"72":48,"73":1,"74":1,"75":0,"76":1,"77":1,"78":1,"79":1,"80":1,"81":0,"82":48,"83":48,"84":48,"85":48,"86":48,"87":48,"88":38,"89":10,"90":10,"91":1,"92":1,"93":1,"94":1,"95":1,"96":1,"97":1,"98":0,"99":10,"100":48,"101":1,"102":1,"103":1,"104":1,"105":1,"106":1,"107":0,"108":0,"109":0,"110":48,"111":2,"112":2,"113":2,"114":48,"115":1,"116":1,"117":1,"118":48,"119":1,"120":1,"121":0,"122":1,"123":1,"124":1,"125":1,"126":1,"127":0,"128":48,"129":9,"130":9,"131":9,"132":9,"133":1,"134":1,"135":1,"136":1,"137":1,"138":1,"139":1,"140":1,"141":1,"142":1,"143":0,"144":0,"145":1,"146":1,"147":1,"148":0,"149":0,"150":8,"151":48,"152":1,"153":1,"154":48,"155":2,"156":2,"157":2,"158":2,"159":2,"160":48,"161":1,"162":1,"163":1,"164":1,"165":48,"166":1,"167":1,"168":1,"169":1,"170":1,"171":1,"172":1,"173":1,"174":0,"175":0,"176":48,"177":0,"178":0,"179":0,"180":0,"181":0,"182":0,"183":0},"f":{"0":5,"1":48,"2":1,"3":48,"4":16,"5":17,"6":2,"7":1,"8":0,"9":48,"10":3,"11":1,"12":48,"13":1,"14":1,"15":48,"16":2,"17":1,"18":1,"19":48,"20":9,"21":0,"22":0,"23":1,"24":48,"25":2,"26":1,"27":1,"28":1,"29":0,"30":48,"31":0},"b":{"0":[1,16],"1":[16,0],"2":[0,16],"3":[1,15],"4":[8,7],"5":[7,0],"6":[0,15],"7":[0,15],"8":[15,0],"9":[0,0],"10":[0,3],"11":[3,3],"12":[0,3],"13":[0,3],"14":[2,0],"15":[0,1],"16":[1,0],"17":[38,10],"18":[48,10],"19":[1,0],"20":[1,0],"21":[0,0],"22":[2,0],"23":[1,0],"24":[0,1],"25":[1,1],"26":[1,0],"27":[1,8],"28":[9,1,1],"29":[1,0],"30":[1,0],"31":[1,0],"32":[0,0],"33":[1,0],"34":[2,0],"35":[1,0],"36":[1,0],"37":[1,0],"38":[1,0],"39":[0,0],"40":[0,0],"41":[0,0]},"meta":{"lastBranch":42,"lastFunction":32,"lastStatement":184,"seen":{"f:7:16:7:37":0,"s:8:4:22:Infinity":0,"f:8:10:8:25":1,"s:9:8:9:Infinity":1,"s:11:8:11:Infinity":2,"s:12:8:12:Infinity":3,"s:13:8:13:Infinity":4,"s:14:8:14:Infinity":5,"s:15:8:15:Infinity":6,"s:16:8:16:Infinity":7,"s:19:8:21:Infinity":8,"f:19:31:19:39":2,"s:20:12:20:Infinity":9,"f:26:9:26:28":3,"s:28:4:41:Infinity":10,"f:28:27:28:42":4,"s:29:43:32:Infinity":11,"s:34:21:34:Infinity":12,"s:36:8:36:Infinity":13,"s:38:8:38:Infinity":14,"s:40:8:40:Infinity":15,"s:44:4:109:Infinity":16,"f:44:27:44:39":5,"s:45:40:45:Infinity":17,"s:46:44:49:Infinity":18,"s:51:21:51:Infinity":19,"b:54:8:56:Infinity:undefined:undefined:undefined:undefined":0,"s:54:8:56:Infinity":20,"s:55:12:55:Infinity":21,"s:58:23:58:Infinity":22,"s:61:27:61:Infinity":23,"s:62:27:62:Infinity":24,"b:62:40:62:58:62:58:62:Infinity":1,"b:64:8:68:Infinity:66:15:68:Infinity":2,"s:64:8:68:Infinity":25,"s:65:12:65:Infinity":26,"b:66:15:68:Infinity:undefined:undefined:undefined:undefined":3,"s:66:15:68:Infinity":27,"s:67:12:67:Infinity":28,"s:70:8:70:Infinity":29,"s:71:8:71:Infinity":30,"b:73:8:77:Infinity:75:15:77:Infinity":4,"s:73:8:77:Infinity":31,"s:74:12:74:Infinity":32,"b:75:15:77:Infinity:undefined:undefined:undefined:undefined":5,"s:75:15:77:Infinity":33,"s:76:12:76:Infinity":34,"s:80:29:80:Infinity":35,"s:81:8:81:Infinity":36,"b:83:8:87:Infinity:85:15:87:Infinity":6,"s:83:8:87:Infinity":37,"s:84:12:84:Infinity":38,"b:85:15:87:Infinity:undefined:undefined:undefined:undefined":7,"s:85:15:87:Infinity":39,"s:86:12:86:Infinity":40,"s:89:31:92:Infinity":41,"s:94:8:94:Infinity":42,"b:95:8:106:Infinity:undefined:undefined:undefined:undefined":8,"s:95:8:106:Infinity":43,"s:96:12:105:Infinity":44,"f:96:39:96:Infinity":6,"s:98:20:98:Infinity":45,"f:99:16:99:Infinity":7,"s:102:20:102:Infinity":46,"s:103:20:103:Infinity":47,"s:108:8:108:Infinity":48,"s:111:4:122:Infinity":49,"f:111:27:111:45":8,"s:112:21:112:Infinity":50,"b:114:8:121:Infinity:undefined:undefined:undefined:undefined":9,"s:114:8:121:Infinity":51,"s:115:12:115:Infinity":52,"s:117:12:117:Infinity":53,"s:118:12:118:Infinity":54,"s:119:12:119:Infinity":55,"s:120:12:120:Infinity":56,"f:126:9:126:32":9,"s:127:4:154:Infinity":57,"f:127:27:127:41":10,"s:128:21:128:Infinity":58,"b:130:8:132:Infinity:undefined:undefined:undefined:undefined":10,"s:130:8:132:Infinity":59,"b:130:12:130:21:130:21:130:38":11,"s:131:12:131:Infinity":60,"b:134:8:136:Infinity:undefined:undefined:undefined:undefined":12,"s:134:8:136:Infinity":61,"s:135:12:135:Infinity":62,"s:138:8:153:Infinity":63,"s:139:29:139:Infinity":64,"s:140:12:140:Infinity":65,"s:142:12:142:Infinity":66,"b:144:12:147:Infinity:undefined:undefined:undefined:undefined":13,"s:144:12:147:Infinity":67,"s:145:16:145:Infinity":68,"s:150:28:150:Infinity":69,"b:150:53:150:69:150:69:150:Infinity":14,"s:151:12:151:Infinity":70,"s:152:12:152:Infinity":71,"s:156:4:173:Infinity":72,"f:156:27:156:44":11,"s:157:21:157:Infinity":73,"b:158:8:160:Infinity:undefined:undefined:undefined:undefined":15,"s:158:8:160:Infinity":74,"s:159:12:159:Infinity":75,"s:162:8:172:Infinity":76,"s:163:37:163:Infinity":77,"b:165:12:169:Infinity:undefined:undefined:undefined:undefined":16,"s:165:12:169:Infinity":78,"s:166:16:166:Infinity":79,"s:167:16:167:Infinity":80,"s:171:12:171:Infinity":81,"s:175:4:207:Infinity":82,"f:175:14:175:34":12,"s:176:8:176:Infinity":83,"s:178:8:178:Infinity":84,"s:180:26:180:Infinity":85,"s:182:21:182:Infinity":86,"b:184:8:184:Infinity:undefined:undefined:undefined:undefined":17,"s:184:8:184:Infinity":87,"b:184:12:184:21:184:21:184:59":18,"s:184:59:184:Infinity":88,"s:186:8:189:Infinity":89,"s:191:22:204:Infinity":90,"f:191:22:191:39":13,"s:192:12:203:Infinity":91,"s:193:41:193:Infinity":92,"b:195:16:200:Infinity:undefined:undefined:undefined:undefined":19,"s:195:16:200:Infinity":93,"s:196:20:196:Infinity":94,"s:197:20:197:Infinity":95,"s:198:20:198:Infinity":96,"s:199:20:199:Infinity":97,"s:202:16:202:Infinity":98,"s:206:8:206:Infinity":99,"s:209:4:233:Infinity":100,"f:209:27:209:47":14,"s:210:8:232:Infinity":101,"s:211:25:215:Infinity":102,"b:217:12:228:Infinity:226:19:228:Infinity":20,"s:217:12:228:Infinity":103,"s:218:16:218:Infinity":104,"s:220:16:223:Infinity":105,"s:225:16:225:Infinity":106,"s:227:16:227:Infinity":107,"s:230:28:230:Infinity":108,"b:230:53:230:69:230:69:230:Infinity":21,"s:231:12:231:Infinity":109,"f:237:9:237:28":15,"s:240:4:246:Infinity":110,"f:240:27:240:45":16,"s:241:21:241:Infinity":111,"b:243:8:245:Infinity:undefined:undefined:undefined:undefined":22,"s:243:8:245:Infinity":112,"s:244:12:244:Infinity":113,"s:249:4:255:Infinity":114,"f:249:27:249:46":17,"s:250:21:250:Infinity":115,"b:252:8:254:Infinity:undefined:undefined:undefined:undefined":23,"s:252:8:254:Infinity":116,"s:253:12:253:Infinity":117,"s:257:4:275:Infinity":118,"f:257:27:257:46":18,"s:258:21:258:Infinity":119,"b:260:8:262:Infinity:undefined:undefined:undefined:undefined":24,"s:260:8:262:Infinity":120,"b:260:12:260:21:260:21:260:59":25,"s:261:12:261:Infinity":121,"s:264:8:274:Infinity":122,"s:265:31:265:Infinity":123,"b:267:12:271:Infinity:undefined:undefined:undefined:undefined":26,"s:267:12:271:Infinity":124,"s:268:16:268:Infinity":125,"s:269:16:269:Infinity":126,"s:273:12:273:Infinity":127,"f:279:9:279:35":19,"s:281:4:323:Infinity":128,"f:281:27:281:40":20,"s:282:25:282:Infinity":129,"s:284:23:284:Infinity":130,"s:285:8:285:Infinity":131,"b:286:8:322:Infinity:320:15:322:Infinity":27,"s:286:8:322:Infinity":132,"b:286:12:286:33:286:33:286:50:286:50:286:68":28,"s:288:12:288:Infinity":133,"s:289:35:289:Infinity":134,"b:290:12:292:Infinity:undefined:undefined:undefined:undefined":29,"s:290:12:292:Infinity":135,"s:291:16:291:Infinity":136,"s:294:12:298:Infinity":137,"s:300:25:300:Infinity":138,"b:302:12:318:Infinity:undefined:undefined:undefined:undefined":30,"s:302:12:318:Infinity":139,"s:303:16:303:Infinity":140,"b:305:16:309:Infinity:307:23:309:Infinity":31,"s:305:16:309:Infinity":141,"s:306:20:306:Infinity":142,"b:307:23:309:Infinity:undefined:undefined:undefined:undefined":32,"s:307:23:309:Infinity":143,"s:308:20:308:Infinity":144,"s:310:16:310:Infinity":145,"b:312:16:317:Infinity:undefined:undefined:undefined:undefined":33,"s:312:16:317:Infinity":146,"s:313:20:316:Infinity":147,"f:313:52:313:Infinity":21,"s:314:43:314:Infinity":148,"f:314:108:314:Infinity":22,"s:315:40:315:Infinity":149,"s:321:12:321:Infinity":150,"s:325:4:328:Infinity":151,"f:325:27:325:46":23,"s:326:8:326:Infinity":152,"s:327:8:327:Infinity":153,"f:332:9:332:31":24,"s:334:4:341:Infinity":154,"f:334:27:334:48":25,"s:335:8:335:Infinity":155,"s:336:23:336:Infinity":156,"s:337:8:337:Infinity":157,"b:338:8:340:Infinity:undefined:undefined:undefined:undefined":34,"s:338:8:340:Infinity":158,"s:339:12:339:Infinity":159,"s:343:4:349:Infinity":160,"f:343:27:343:49":26,"s:344:23:344:Infinity":161,"b:345:8:348:Infinity:undefined:undefined:undefined:undefined":35,"s:345:8:348:Infinity":162,"s:346:12:346:Infinity":163,"s:347:12:347:Infinity":164,"s:351:4:371:Infinity":165,"f:351:27:351:49":27,"s:352:22:352:Infinity":166,"b:353:8:370:Infinity:undefined:undefined:undefined:undefined":36,"s:353:8:370:Infinity":167,"s:354:33:354:Infinity":168,"b:356:12:369:Infinity:undefined:undefined:undefined:undefined":37,"s:356:12:369:Infinity":169,"s:358:16:358:Infinity":170,"b:360:16:368:Infinity:undefined:undefined:undefined:undefined":38,"s:360:16:368:Infinity":171,"s:361:20:367:Infinity":172,"f:361:52:361:Infinity":28,"s:362:43:362:Infinity":173,"f:362:108:362:Infinity":29,"s:364:28:364:Infinity":174,"s:365:28:365:Infinity":175,"f:375:9:375:28":30,"s:377:4:392:Infinity":176,"f:377:27:377:42":31,"s:378:8:378:Infinity":177,"s:379:21:379:Infinity":178,"b:380:8:391:Infinity:undefined:undefined:undefined:undefined":39,"s:380:8:391:Infinity":179,"s:381:25:381:Infinity":180,"b:381:68:381:92:381:92:381:Infinity":40,"s:382:32:387:Infinity":181,"b:384:22:384:30:384:30:384:Infinity":41,"s:389:12:389:Infinity":182,"s:390:12:390:Infinity":183},"fnNames":{}}}
}
